{"contracts\\Instruments.sol":{"l":{},"path":"C:\\Users\\alexa\\OneDrive\\Documents\\Master\\Blockchain\\primitive-contracts\\contracts\\Instruments.sol","s":{},"b":{},"f":{},"fnMap":{},"statementMap":{},"branchMap":{}},"contracts\\PrimeInterface.sol":{"l":{},"path":"C:\\Users\\alexa\\OneDrive\\Documents\\Master\\Blockchain\\primitive-contracts\\contracts\\PrimeInterface.sol","s":{},"b":{},"f":{},"fnMap":{},"statementMap":{},"branchMap":{}},"contracts\\PrimeOption.sol":{"l":{"48":19,"49":19,"50":19,"51":19,"61":170,"62":170,"67":21,"68":19,"69":19,"73":4,"74":2,"75":1,"77":1,"85":0,"86":0,"87":0,"91":3,"92":3,"93":3,"104":1,"116":3,"121":3,"125":3,"129":3,"133":3,"142":242,"143":242,"144":242,"145":242,"169":134,"172":134,"175":134,"178":130,"181":130,"182":130,"185":130,"186":130,"208":32,"209":32,"212":32,"213":32,"214":32,"217":32,"223":32,"226":32,"228":32,"229":30,"236":28,"239":28,"245":28,"246":28,"249":28,"250":28,"264":23,"265":23,"268":23,"269":23,"272":23,"273":23,"276":19,"283":19,"284":19,"287":19,"288":19,"308":70,"309":70,"312":70,"313":70,"314":70,"317":70,"324":70,"331":70,"333":70,"334":64,"337":64,"338":64,"349":64,"356":64,"357":64,"360":64,"361":64,"369":41,"373":1782,"377":176,"380":175,"384":143,"396":1000,"397":1000,"398":1000,"399":1000,"400":1000,"401":1000,"402":1000,"409":2,"410":2,"423":23},"path":"C:\\Users\\alexa\\OneDrive\\Documents\\Master\\Blockchain\\primitive-contracts\\contracts\\PrimeOption.sol","s":{"1":19,"2":19,"3":19,"4":19,"5":170,"6":21,"7":19,"8":19,"9":4,"10":2,"11":1,"12":1,"13":0,"14":0,"15":0,"16":3,"17":3,"18":3,"19":1,"20":3,"21":3,"22":3,"23":3,"24":3,"25":242,"26":242,"27":242,"28":242,"29":134,"30":134,"31":134,"32":130,"33":130,"34":130,"35":130,"36":130,"37":32,"38":32,"39":32,"40":32,"41":32,"42":32,"43":32,"44":32,"45":32,"46":30,"47":28,"48":28,"49":28,"50":28,"51":28,"52":28,"53":23,"54":23,"55":23,"56":23,"57":23,"58":23,"59":19,"60":19,"61":19,"62":19,"63":19,"64":70,"65":70,"66":70,"67":70,"68":70,"69":70,"70":70,"71":70,"72":70,"73":64,"74":64,"75":64,"76":64,"77":64,"78":64,"79":64,"80":64,"81":41,"82":1782,"83":176,"84":175,"85":143,"86":1000,"87":1000,"88":1000,"89":1000,"90":1000,"91":1000,"92":1000,"93":2,"94":2,"95":23},"b":{"1":[19,0],"2":[170,0],"3":[19,2],"4":[2,2],"5":[1,1],"6":[130,4],"7":[130,0],"8":[30,2],"9":[28,2],"10":[28,0],"11":[19,0],"12":[64,6],"13":[64,0],"14":[64,0],"15":[64,0]},"f":{"1":19,"2":170,"3":21,"4":4,"5":0,"6":3,"7":1,"8":3,"9":242,"10":134,"11":32,"12":23,"13":70,"14":41,"15":1782,"16":176,"17":175,"18":143,"19":1000,"20":2,"21":23},"fnMap":{"1":{"name":"constructor","line":46,"loc":{"start":{"line":46,"column":26},"end":{"line":47,"column":5}}},"2":{"name":"notExpired","line":60,"loc":{"start":{"line":60,"column":4},"end":{"line":60,"column":21}}},"3":{"name":"initTokenR","line":66,"loc":{"start":{"line":66,"column":4},"end":{"line":66,"column":60}}},"4":{"name":"kill","line":72,"loc":{"start":{"line":72,"column":4},"end":{"line":72,"column":24}}},"5":{"name":"getCaches","line":84,"loc":{"start":{"line":84,"column":4},"end":{"line":84,"column":94}}},"6":{"name":"getTokens","line":90,"loc":{"start":{"line":90,"column":4},"end":{"line":90,"column":94}}},"7":{"name":"update","line":103,"loc":{"start":{"line":103,"column":42},"end":{"line":103,"column":3}}},"8":{"name":"take","line":115,"loc":{"start":{"line":115,"column":40},"end":{"line":115,"column":3}}},"9":{"name":"_fund","line":141,"loc":{"start":{"line":141,"column":4},"end":{"line":141,"column":78}}},"10":{"name":"mint","line":165,"loc":{"start":{"line":165,"column":20},"end":{"line":167,"column":5}}},"11":{"name":"swap","line":204,"loc":{"start":{"line":204,"column":20},"end":{"line":206,"column":5}}},"12":{"name":"redeem","line":263,"loc":{"start":{"line":263,"column":58},"end":{"line":263,"column":30}}},"13":{"name":"close","line":304,"loc":{"start":{"line":304,"column":19},"end":{"line":306,"column":5}}},"14":{"name":"tokenS","line":368,"loc":{"start":{"line":368,"column":4},"end":{"line":368,"column":49}}},"15":{"name":"tokenU","line":372,"loc":{"start":{"line":372,"column":4},"end":{"line":372,"column":49}}},"16":{"name":"base","line":376,"loc":{"start":{"line":376,"column":4},"end":{"line":376,"column":47}}},"17":{"name":"price","line":379,"loc":{"start":{"line":379,"column":4},"end":{"line":379,"column":48}}},"18":{"name":"expiry","line":383,"loc":{"start":{"line":383,"column":4},"end":{"line":383,"column":49}}},"19":{"name":"prime","line":387,"loc":{"start":{"line":387,"column":4},"end":{"line":395,"column":5}}},"20":{"name":"maxDraw","line":408,"loc":{"start":{"line":408,"column":4},"end":{"line":408,"column":55}}},"21":{"name":"verifyBalance","line":418,"loc":{"start":{"line":418,"column":4},"end":{"line":422,"column":21}}}},"statementMap":{"1":{"start":{"line":48,"column":8},"end":{"line":48,"column":78}},"2":{"start":{"line":49,"column":8},"end":{"line":49,"column":27}},"3":{"start":{"line":50,"column":8},"end":{"line":50,"column":27}},"4":{"start":{"line":51,"column":8},"end":{"line":51,"column":1447}},"5":{"start":{"line":61,"column":8},"end":{"line":61,"column":63}},"6":{"start":{"line":67,"column":8},"end":{"line":67,"column":54}},"7":{"start":{"line":68,"column":8},"end":{"line":68,"column":23}},"8":{"start":{"line":69,"column":8},"end":{"line":69,"column":19}},"9":{"start":{"line":73,"column":8},"end":{"line":73,"column":54}},"10":{"start":{"line":74,"column":8},"end":{"line":74,"column":2020}},"11":{"start":{"line":75,"column":12},"end":{"line":75,"column":21}},"12":{"start":{"line":77,"column":12},"end":{"line":77,"column":19}},"13":{"start":{"line":85,"column":8},"end":{"line":85,"column":23}},"14":{"start":{"line":86,"column":8},"end":{"line":86,"column":23}},"15":{"start":{"line":87,"column":8},"end":{"line":87,"column":23}},"16":{"start":{"line":91,"column":8},"end":{"line":91,"column":30}},"17":{"start":{"line":92,"column":8},"end":{"line":92,"column":30}},"18":{"start":{"line":93,"column":8},"end":{"line":93,"column":23}},"19":{"start":{"line":104,"column":8},"end":{"line":104,"column":2764}},"20":{"start":{"line":116,"column":8},"end":{"line":116,"column":3179}},"21":{"start":{"line":121,"column":8},"end":{"line":121,"column":3285}},"22":{"start":{"line":125,"column":8},"end":{"line":125,"column":3423}},"23":{"start":{"line":129,"column":8},"end":{"line":129,"column":3561}},"24":{"start":{"line":133,"column":8},"end":{"line":133,"column":3699}},"25":{"start":{"line":142,"column":8},"end":{"line":142,"column":24}},"26":{"start":{"line":143,"column":8},"end":{"line":143,"column":24}},"27":{"start":{"line":144,"column":8},"end":{"line":144,"column":24}},"28":{"start":{"line":145,"column":8},"end":{"line":145,"column":47}},"29":{"start":{"line":169,"column":8},"end":{"line":169,"column":73}},"30":{"start":{"line":172,"column":8},"end":{"line":172,"column":38}},"31":{"start":{"line":175,"column":8},"end":{"line":175,"column":58}},"32":{"start":{"line":178,"column":8},"end":{"line":178,"column":62}},"33":{"start":{"line":181,"column":8},"end":{"line":181,"column":79}},"34":{"start":{"line":182,"column":8},"end":{"line":182,"column":32}},"35":{"start":{"line":185,"column":8},"end":{"line":185,"column":38}},"36":{"start":{"line":186,"column":8},"end":{"line":186,"column":48}},"37":{"start":{"line":208,"column":8},"end":{"line":208,"column":39}},"38":{"start":{"line":209,"column":8},"end":{"line":209,"column":39}},"39":{"start":{"line":212,"column":8},"end":{"line":212,"column":67}},"40":{"start":{"line":213,"column":8},"end":{"line":213,"column":67}},"41":{"start":{"line":214,"column":8},"end":{"line":214,"column":51}},"42":{"start":{"line":217,"column":8},"end":{"line":217,"column":38}},"43":{"start":{"line":223,"column":8},"end":{"line":223,"column":26}},"44":{"start":{"line":226,"column":8},"end":{"line":226,"column":62}},"45":{"start":{"line":228,"column":8},"end":{"line":228,"column":56}},"46":{"start":{"line":229,"column":8},"end":{"line":229,"column":7248}},"47":{"start":{"line":236,"column":8},"end":{"line":236,"column":37}},"48":{"start":{"line":239,"column":8},"end":{"line":239,"column":7538}},"49":{"start":{"line":245,"column":8},"end":{"line":245,"column":58}},"50":{"start":{"line":246,"column":8},"end":{"line":246,"column":58}},"51":{"start":{"line":249,"column":8},"end":{"line":249,"column":40}},"52":{"start":{"line":250,"column":8},"end":{"line":250,"column":48}},"53":{"start":{"line":264,"column":8},"end":{"line":264,"column":39}},"54":{"start":{"line":265,"column":8},"end":{"line":265,"column":32}},"55":{"start":{"line":268,"column":8},"end":{"line":268,"column":67}},"56":{"start":{"line":269,"column":8},"end":{"line":269,"column":67}},"57":{"start":{"line":272,"column":8},"end":{"line":272,"column":38}},"58":{"start":{"line":273,"column":8},"end":{"line":273,"column":58}},"59":{"start":{"line":276,"column":8},"end":{"line":276,"column":9055}},"60":{"start":{"line":283,"column":8},"end":{"line":283,"column":58}},"61":{"start":{"line":284,"column":8},"end":{"line":284,"column":58}},"62":{"start":{"line":287,"column":8},"end":{"line":287,"column":40}},"63":{"start":{"line":288,"column":8},"end":{"line":288,"column":39}},"64":{"start":{"line":308,"column":8},"end":{"line":308,"column":39}},"65":{"start":{"line":309,"column":8},"end":{"line":309,"column":32}},"66":{"start":{"line":312,"column":8},"end":{"line":312,"column":67}},"67":{"start":{"line":313,"column":8},"end":{"line":313,"column":73}},"68":{"start":{"line":314,"column":8},"end":{"line":314,"column":51}},"69":{"start":{"line":317,"column":8},"end":{"line":317,"column":38}},"70":{"start":{"line":324,"column":8},"end":{"line":324,"column":62}},"71":{"start":{"line":331,"column":8},"end":{"line":331,"column":72}},"72":{"start":{"line":333,"column":8},"end":{"line":333,"column":56}},"73":{"start":{"line":334,"column":8},"end":{"line":334,"column":84}},"74":{"start":{"line":337,"column":8},"end":{"line":337,"column":11791}},"75":{"start":{"line":338,"column":12},"end":{"line":338,"column":41}},"76":{"start":{"line":349,"column":8},"end":{"line":349,"column":12412}},"77":{"start":{"line":356,"column":8},"end":{"line":356,"column":58}},"78":{"start":{"line":357,"column":8},"end":{"line":357,"column":64}},"79":{"start":{"line":360,"column":8},"end":{"line":360,"column":40}},"80":{"start":{"line":361,"column":8},"end":{"line":361,"column":39}},"81":{"start":{"line":369,"column":8},"end":{"line":369,"column":28}},"82":{"start":{"line":373,"column":8},"end":{"line":373,"column":28}},"83":{"start":{"line":377,"column":8},"end":{"line":377,"column":26}},"84":{"start":{"line":380,"column":8},"end":{"line":380,"column":27}},"85":{"start":{"line":384,"column":8},"end":{"line":384,"column":28}},"86":{"start":{"line":396,"column":8},"end":{"line":396,"column":54}},"87":{"start":{"line":397,"column":8},"end":{"line":397,"column":30}},"88":{"start":{"line":398,"column":8},"end":{"line":398,"column":30}},"89":{"start":{"line":399,"column":8},"end":{"line":399,"column":23}},"90":{"start":{"line":400,"column":8},"end":{"line":400,"column":26}},"91":{"start":{"line":401,"column":8},"end":{"line":401,"column":28}},"92":{"start":{"line":402,"column":8},"end":{"line":402,"column":30}},"93":{"start":{"line":409,"column":8},"end":{"line":409,"column":69}},"94":{"start":{"line":410,"column":8},"end":{"line":410,"column":14131}},"95":{"start":{"line":423,"column":8},"end":{"line":423,"column":14469}}},"branchMap":{"1":{"line":48,"type":"if","locations":[{"start":{"line":48,"column":8},"end":{"line":48,"column":8}},{"start":{"line":48,"column":8},"end":{"line":48,"column":8}}]},"2":{"line":61,"type":"if","locations":[{"start":{"line":61,"column":8},"end":{"line":61,"column":8}},{"start":{"line":61,"column":8},"end":{"line":61,"column":8}}]},"3":{"line":67,"type":"if","locations":[{"start":{"line":67,"column":8},"end":{"line":67,"column":8}},{"start":{"line":67,"column":8},"end":{"line":67,"column":8}}]},"4":{"line":73,"type":"if","locations":[{"start":{"line":73,"column":8},"end":{"line":73,"column":8}},{"start":{"line":73,"column":8},"end":{"line":73,"column":8}}]},"5":{"line":74,"type":"if","locations":[{"start":{"line":74,"column":8},"end":{"line":74,"column":8}},{"start":{"line":74,"column":8},"end":{"line":74,"column":8}}]},"6":{"line":175,"type":"if","locations":[{"start":{"line":175,"column":8},"end":{"line":175,"column":8}},{"start":{"line":175,"column":8},"end":{"line":175,"column":8}}]},"7":{"line":181,"type":"if","locations":[{"start":{"line":181,"column":8},"end":{"line":181,"column":8}},{"start":{"line":181,"column":8},"end":{"line":181,"column":8}}]},"8":{"line":228,"type":"if","locations":[{"start":{"line":228,"column":8},"end":{"line":228,"column":8}},{"start":{"line":228,"column":8},"end":{"line":228,"column":8}}]},"9":{"line":229,"type":"if","locations":[{"start":{"line":229,"column":8},"end":{"line":229,"column":8}},{"start":{"line":229,"column":8},"end":{"line":229,"column":8}}]},"10":{"line":239,"type":"if","locations":[{"start":{"line":239,"column":8},"end":{"line":239,"column":8}},{"start":{"line":239,"column":8},"end":{"line":239,"column":8}}]},"11":{"line":276,"type":"if","locations":[{"start":{"line":276,"column":8},"end":{"line":276,"column":8}},{"start":{"line":276,"column":8},"end":{"line":276,"column":8}}]},"12":{"line":333,"type":"if","locations":[{"start":{"line":333,"column":8},"end":{"line":333,"column":8}},{"start":{"line":333,"column":8},"end":{"line":333,"column":8}}]},"13":{"line":334,"type":"if","locations":[{"start":{"line":334,"column":8},"end":{"line":334,"column":8}},{"start":{"line":334,"column":8},"end":{"line":334,"column":8}}]},"14":{"line":337,"type":"if","locations":[{"start":{"line":337,"column":8},"end":{"line":337,"column":8}},{"start":{"line":337,"column":8},"end":{"line":337,"column":8}}]},"15":{"line":349,"type":"if","locations":[{"start":{"line":349,"column":8},"end":{"line":349,"column":8}},{"start":{"line":349,"column":8},"end":{"line":349,"column":8}}]}}},"contracts\\PrimeOracle.sol":{"l":{"34":2,"35":2,"42":1,"70":285,"71":285,"74":285,"77":285,"86":1421,"87":1421,"89":1421,"107":285,"108":285,"110":0,"112":0,"115":285,"118":285,"120":285,"122":285,"149":285,"150":285,"152":0,"154":0,"157":285,"161":285,"163":285,"166":285,"168":285,"174":285,"178":0,"186":285,"187":285,"188":285,"189":285,"190":3705,"191":3705,"194":0},"path":"C:\\Users\\alexa\\OneDrive\\Documents\\Master\\Blockchain\\primitive-contracts\\contracts\\PrimeOracle.sol","s":{"1":2,"2":2,"3":1,"4":285,"5":285,"6":285,"7":285,"8":1421,"9":1421,"10":1421,"11":285,"12":285,"13":0,"14":0,"15":285,"16":285,"17":285,"18":285,"19":285,"20":285,"21":0,"22":0,"23":285,"24":285,"25":285,"26":285,"27":285,"28":285,"29":0,"30":285,"31":285,"32":285,"33":285,"34":3705,"35":3705,"36":0,"37":0},"b":{"1":[1421,0],"2":[0,285],"3":[0,285],"4":[0,285],"5":[285,0],"6":[0,0]},"f":{"1":2,"2":1,"3":285,"4":1421,"5":285,"6":285,"7":285},"fnMap":{"1":{"name":"constructor","line":33,"loc":{"start":{"line":33,"column":4},"end":{"line":33,"column":37}}},"2":{"name":"addFeed","line":41,"loc":{"start":{"line":41,"column":4},"end":{"line":41,"column":39}}},"3":{"name":"calculatePremium","line":57,"loc":{"start":{"line":57,"column":4},"end":{"line":68,"column":5}}},"4":{"name":"marketPrice","line":84,"loc":{"start":{"line":84,"column":4},"end":{"line":84,"column":74}}},"5":{"name":"calculateIntrinsic","line":101,"loc":{"start":{"line":101,"column":4},"end":{"line":105,"column":5}}},"6":{"name":"calculateExtrinsic","line":136,"loc":{"start":{"line":136,"column":4},"end":{"line":147,"column":5}}},"7":{"name":"sqrt","line":185,"loc":{"start":{"line":185,"column":4},"end":{"line":185,"column":59}}}},"statementMap":{"1":{"start":{"line":34,"column":8},"end":{"line":34,"column":23}},"2":{"start":{"line":35,"column":8},"end":{"line":35,"column":36}},"3":{"start":{"line":42,"column":8},"end":{"line":42,"column":25}},"4":{"start":{"line":70,"column":8},"end":{"line":70,"column":77}},"5":{"start":{"line":71,"column":8},"end":{"line":71,"column":97}},"6":{"start":{"line":74,"column":8},"end":{"line":74,"column":43}},"7":{"start":{"line":77,"column":8},"end":{"line":77,"column":52}},"8":{"start":{"line":86,"column":8},"end":{"line":86,"column":35}},"9":{"start":{"line":87,"column":8},"end":{"line":87,"column":54}},"10":{"start":{"line":89,"column":8},"end":{"line":89,"column":65}},"11":{"start":{"line":107,"column":8},"end":{"line":107,"column":22}},"12":{"start":{"line":108,"column":8},"end":{"line":108,"column":4320}},"13":{"start":{"line":110,"column":12},"end":{"line":110,"column":41}},"14":{"start":{"line":112,"column":12},"end":{"line":112,"column":40}},"15":{"start":{"line":115,"column":12},"end":{"line":115,"column":41}},"16":{"start":{"line":118,"column":8},"end":{"line":118,"column":55}},"17":{"start":{"line":120,"column":8},"end":{"line":120,"column":59}},"18":{"start":{"line":122,"column":8},"end":{"line":122,"column":50}},"19":{"start":{"line":149,"column":8},"end":{"line":149,"column":22}},"20":{"start":{"line":150,"column":8},"end":{"line":150,"column":6199}},"21":{"start":{"line":152,"column":12},"end":{"line":152,"column":41}},"22":{"start":{"line":154,"column":12},"end":{"line":154,"column":40}},"23":{"start":{"line":157,"column":12},"end":{"line":157,"column":41}},"24":{"start":{"line":161,"column":8},"end":{"line":161,"column":61}},"25":{"start":{"line":163,"column":8},"end":{"line":163,"column":55}},"26":{"start":{"line":166,"column":8},"end":{"line":166,"column":61}},"27":{"start":{"line":168,"column":8},"end":{"line":168,"column":7116}},"28":{"start":{"line":174,"column":8},"end":{"line":174,"column":7348}},"29":{"start":{"line":178,"column":12},"end":{"line":178,"column":54}},"30":{"start":{"line":186,"column":8},"end":{"line":186,"column":7822}},"31":{"start":{"line":187,"column":12},"end":{"line":187,"column":35}},"32":{"start":{"line":188,"column":12},"end":{"line":188,"column":16}},"33":{"start":{"line":189,"column":12},"end":{"line":189,"column":7907}},"34":{"start":{"line":190,"column":16},"end":{"line":190,"column":20}},"35":{"start":{"line":191,"column":16},"end":{"line":191,"column":34}},"36":{"start":{"line":193,"column":15},"end":{"line":193,"column":8008}},"37":{"start":{"line":194,"column":12},"end":{"line":194,"column":16}}},"branchMap":{"1":{"line":87,"type":"if","locations":[{"start":{"line":87,"column":8},"end":{"line":87,"column":8}},{"start":{"line":87,"column":8},"end":{"line":87,"column":8}}]},"2":{"line":108,"type":"if","locations":[{"start":{"line":108,"column":8},"end":{"line":108,"column":8}},{"start":{"line":108,"column":8},"end":{"line":108,"column":8}}]},"3":{"line":150,"type":"if","locations":[{"start":{"line":150,"column":8},"end":{"line":150,"column":8}},{"start":{"line":150,"column":8},"end":{"line":150,"column":8}}]},"4":{"line":174,"type":"if","locations":[{"start":{"line":174,"column":8},"end":{"line":174,"column":8}},{"start":{"line":174,"column":8},"end":{"line":174,"column":8}}]},"5":{"line":186,"type":"if","locations":[{"start":{"line":186,"column":8},"end":{"line":186,"column":8}},{"start":{"line":186,"column":8},"end":{"line":186,"column":8}}]},"6":{"line":193,"type":"if","locations":[{"start":{"line":193,"column":15},"end":{"line":193,"column":15}},{"start":{"line":193,"column":15},"end":{"line":193,"column":15}}]}}},"contracts\\PrimePool.sol":{"l":{"75":1,"76":1,"77":1,"78":1,"79":1,"83":0,"84":0,"86":0,"88":0,"92":49,"93":49,"97":1,"117":50,"118":50,"121":50,"128":46,"131":46,"147":0,"148":0,"151":0,"154":0,"157":0,"158":0,"170":46,"171":46,"175":46,"176":1,"180":45,"184":46,"185":46,"186":46,"205":56,"212":48,"215":48,"218":48,"221":48,"226":48,"227":48,"228":47,"230":47,"233":47,"234":47,"237":1,"238":1,"241":1,"242":1,"258":1,"261":1,"264":1,"267":1,"270":1,"285":1,"286":1,"289":1,"292":1,"293":1,"309":1,"313":1,"314":1,"315":1,"319":1,"322":1,"325":1,"328":1,"331":1,"337":1,"348":48,"349":0,"350":0,"352":48,"376":97,"377":97,"390":97,"396":97,"397":95,"403":95,"406":93,"417":93,"418":93,"421":93,"427":93,"428":93,"429":93,"430":93,"431":93,"447":54,"448":54,"458":54,"465":50,"475":50,"479":50,"482":50,"485":50,"488":50,"491":50,"495":50,"498":50,"499":50,"511":93,"512":93,"513":93,"514":93,"515":0,"517":93,"539":849,"540":849,"541":849,"549":805,"559":660,"568":850,"575":0,"576":0,"577":0},"path":"C:\\Users\\alexa\\OneDrive\\Documents\\Master\\Blockchain\\primitive-contracts\\contracts\\PrimePool.sol","s":{"1":1,"2":1,"3":1,"4":1,"5":1,"6":0,"7":0,"8":0,"9":0,"10":49,"11":1,"12":50,"13":50,"14":50,"15":46,"16":46,"17":0,"18":0,"19":0,"20":0,"21":0,"22":0,"23":46,"24":46,"25":46,"26":1,"27":45,"28":46,"29":46,"30":46,"31":56,"32":48,"33":48,"34":48,"35":48,"36":48,"37":48,"38":47,"39":47,"40":47,"41":47,"42":1,"43":1,"44":1,"45":1,"46":1,"47":1,"48":1,"49":1,"50":1,"51":1,"52":1,"53":1,"54":1,"55":1,"56":1,"57":1,"58":1,"59":1,"60":1,"61":1,"62":1,"63":1,"64":1,"65":1,"66":48,"67":0,"68":0,"69":48,"70":97,"71":97,"72":97,"73":97,"74":95,"75":95,"76":93,"77":93,"78":93,"79":93,"80":93,"81":93,"82":93,"83":93,"84":93,"85":54,"86":54,"87":54,"88":50,"89":50,"90":50,"91":50,"92":50,"93":50,"94":50,"95":50,"96":50,"97":50,"98":93,"99":93,"100":93,"101":93,"102":0,"103":93,"104":849,"105":849,"106":849,"107":805,"108":660,"109":850,"110":0,"111":0,"112":0},"b":{"1":[0,0],"2":[49,0],"3":[1,0],"4":[46,4],"5":[0,0],"6":[1,45],"7":[46,0],"8":[48,8],"9":[47,1],"10":[47,0],"11":[1,0],"12":[1,0],"13":[1,0],"14":[1,0],"15":[1,0],"16":[0,48],"17":[95,2],"18":[93,0],"19":[93,0],"20":[93,0],"21":[50,4],"22":[50,0],"23":[0,93],"24":[0,0]},"f":{"1":1,"2":0,"3":49,"4":1,"5":50,"6":0,"7":46,"8":56,"9":1,"10":1,"11":1,"12":48,"13":97,"14":54,"15":93,"16":849,"17":805,"18":660,"19":850,"20":0},"fnMap":{"1":{"name":"constructor","line":73,"loc":{"start":{"line":73,"column":26},"end":{"line":74,"column":5}}},"2":{"name":"kill","line":82,"loc":{"start":{"line":82,"column":35},"end":{"line":82,"column":18}}},"3":{"name":"valid","line":91,"loc":{"start":{"line":91,"column":4},"end":{"line":91,"column":33}}},"4":{"name":null,"line":96,"loc":{"start":{"line":96,"column":4},"end":{"line":96,"column":28}}},"5":{"name":"deposit","line":113,"loc":{"start":{"line":113,"column":19},"end":{"line":115,"column":5}}},"6":{"name":"depositEth","line":143,"loc":{"start":{"line":143,"column":19},"end":{"line":145,"column":5}}},"7":{"name":"_addLiquidity","line":166,"loc":{"start":{"line":166,"column":21},"end":{"line":168,"column":5}}},"8":{"name":"withdraw","line":201,"loc":{"start":{"line":201,"column":19},"end":{"line":203,"column":5}}},"9":{"name":"_removeLiquidity","line":254,"loc":{"start":{"line":254,"column":21},"end":{"line":256,"column":5}}},"10":{"name":"_redeem","line":281,"loc":{"start":{"line":281,"column":21},"end":{"line":283,"column":5}}},"11":{"name":"_exchange","line":305,"loc":{"start":{"line":305,"column":21},"end":{"line":307,"column":5}}},"12":{"name":"_withdraw","line":347,"loc":{"start":{"line":347,"column":4},"end":{"line":347,"column":86}}},"13":{"name":"buy","line":372,"loc":{"start":{"line":372,"column":19},"end":{"line":374,"column":5}}},"14":{"name":"sell","line":443,"loc":{"start":{"line":443,"column":19},"end":{"line":445,"column":5}}},"15":{"name":"calculateVolatilityProxy","line":506,"loc":{"start":{"line":506,"column":4},"end":{"line":510,"column":5}}},"16":{"name":"totalUtilized","line":525,"loc":{"start":{"line":525,"column":4},"end":{"line":529,"column":5}}},"17":{"name":"totalUnutilized","line":547,"loc":{"start":{"line":547,"column":4},"end":{"line":547,"column":82}}},"18":{"name":"totalPoolBalance","line":556,"loc":{"start":{"line":556,"column":4},"end":{"line":556,"column":87}}},"19":{"name":"marketRatio","line":567,"loc":{"start":{"line":567,"column":4},"end":{"line":567,"column":65}}},"20":{"name":"sendEther","line":574,"loc":{"start":{"line":574,"column":4},"end":{"line":574,"column":71}}}},"statementMap":{"1":{"start":{"line":75,"column":8},"end":{"line":75,"column":19}},"2":{"start":{"line":76,"column":8},"end":{"line":76,"column":23}},"3":{"start":{"line":77,"column":8},"end":{"line":77,"column":23}},"4":{"start":{"line":78,"column":8},"end":{"line":78,"column":25}},"5":{"start":{"line":79,"column":8},"end":{"line":79,"column":23}},"6":{"start":{"line":83,"column":8},"end":{"line":83,"column":2787}},"7":{"start":{"line":84,"column":12},"end":{"line":84,"column":21}},"8":{"start":{"line":86,"column":12},"end":{"line":86,"column":19}},"9":{"start":{"line":88,"column":8},"end":{"line":88,"column":19}},"10":{"start":{"line":92,"column":8},"end":{"line":92,"column":46}},"11":{"start":{"line":97,"column":8},"end":{"line":97,"column":50}},"12":{"start":{"line":117,"column":8},"end":{"line":117,"column":32}},"13":{"start":{"line":118,"column":8},"end":{"line":118,"column":49}},"14":{"start":{"line":121,"column":8},"end":{"line":121,"column":3742}},"15":{"start":{"line":128,"column":8},"end":{"line":128,"column":68}},"16":{"start":{"line":131,"column":8},"end":{"line":131,"column":83}},"17":{"start":{"line":147,"column":8},"end":{"line":147,"column":32}},"18":{"start":{"line":148,"column":8},"end":{"line":148,"column":49}},"19":{"start":{"line":151,"column":8},"end":{"line":151,"column":46}},"20":{"start":{"line":154,"column":8},"end":{"line":154,"column":68}},"21":{"start":{"line":157,"column":8},"end":{"line":157,"column":43}},"22":{"start":{"line":158,"column":8},"end":{"line":158,"column":21}},"23":{"start":{"line":170,"column":8},"end":{"line":170,"column":44}},"24":{"start":{"line":171,"column":8},"end":{"line":171,"column":58}},"25":{"start":{"line":175,"column":8},"end":{"line":175,"column":5711}},"26":{"start":{"line":176,"column":12},"end":{"line":176,"column":34}},"27":{"start":{"line":180,"column":12},"end":{"line":180,"column":70}},"28":{"start":{"line":184,"column":8},"end":{"line":184,"column":54}},"29":{"start":{"line":185,"column":8},"end":{"line":185,"column":30}},"30":{"start":{"line":186,"column":8},"end":{"line":186,"column":48}},"31":{"start":{"line":205,"column":8},"end":{"line":205,"column":6905}},"32":{"start":{"line":212,"column":8},"end":{"line":212,"column":32}},"33":{"start":{"line":215,"column":8},"end":{"line":215,"column":44}},"34":{"start":{"line":218,"column":8},"end":{"line":218,"column":53}},"35":{"start":{"line":221,"column":8},"end":{"line":221,"column":58}},"36":{"start":{"line":226,"column":8},"end":{"line":226,"column":75}},"37":{"start":{"line":227,"column":8},"end":{"line":227,"column":7794}},"38":{"start":{"line":228,"column":12},"end":{"line":228,"column":80}},"39":{"start":{"line":230,"column":12},"end":{"line":230,"column":41}},"40":{"start":{"line":233,"column":12},"end":{"line":233,"column":61}},"41":{"start":{"line":234,"column":12},"end":{"line":234,"column":77}},"42":{"start":{"line":237,"column":12},"end":{"line":237,"column":76}},"43":{"start":{"line":238,"column":12},"end":{"line":238,"column":70}},"44":{"start":{"line":241,"column":12},"end":{"line":241,"column":61}},"45":{"start":{"line":242,"column":12},"end":{"line":242,"column":77}},"46":{"start":{"line":258,"column":8},"end":{"line":258,"column":37}},"47":{"start":{"line":261,"column":8},"end":{"line":261,"column":35}},"48":{"start":{"line":264,"column":8},"end":{"line":264,"column":37}},"49":{"start":{"line":267,"column":8},"end":{"line":267,"column":44}},"50":{"start":{"line":270,"column":8},"end":{"line":270,"column":49}},"51":{"start":{"line":285,"column":8},"end":{"line":285,"column":53}},"52":{"start":{"line":286,"column":8},"end":{"line":286,"column":45}},"53":{"start":{"line":289,"column":8},"end":{"line":289,"column":84}},"54":{"start":{"line":292,"column":8},"end":{"line":292,"column":56}},"55":{"start":{"line":293,"column":8},"end":{"line":293,"column":46}},"56":{"start":{"line":309,"column":8},"end":{"line":309,"column":97}},"57":{"start":{"line":313,"column":8},"end":{"line":313,"column":49}},"58":{"start":{"line":314,"column":8},"end":{"line":314,"column":29}},"59":{"start":{"line":315,"column":8},"end":{"line":315,"column":68}},"60":{"start":{"line":319,"column":8},"end":{"line":319,"column":45}},"61":{"start":{"line":322,"column":8},"end":{"line":322,"column":96}},"62":{"start":{"line":325,"column":8},"end":{"line":325,"column":56}},"63":{"start":{"line":328,"column":8},"end":{"line":328,"column":52}},"64":{"start":{"line":331,"column":8},"end":{"line":331,"column":49}},"65":{"start":{"line":337,"column":8},"end":{"line":337,"column":12487}},"66":{"start":{"line":348,"column":8},"end":{"line":348,"column":12866}},"67":{"start":{"line":349,"column":12},"end":{"line":349,"column":39}},"68":{"start":{"line":350,"column":12},"end":{"line":350,"column":40}},"69":{"start":{"line":352,"column":12},"end":{"line":352,"column":53}},"70":{"start":{"line":376,"column":8},"end":{"line":376,"column":32}},"71":{"start":{"line":377,"column":8},"end":{"line":377,"column":13886}},"72":{"start":{"line":390,"column":8},"end":{"line":390,"column":57}},"73":{"start":{"line":396,"column":8},"end":{"line":396,"column":90}},"74":{"start":{"line":397,"column":8},"end":{"line":397,"column":70}},"75":{"start":{"line":403,"column":8},"end":{"line":403,"column":66}},"76":{"start":{"line":406,"column":8},"end":{"line":406,"column":15388}},"77":{"start":{"line":417,"column":8},"end":{"line":417,"column":53}},"78":{"start":{"line":418,"column":8},"end":{"line":418,"column":47}},"79":{"start":{"line":421,"column":8},"end":{"line":421,"column":53}},"80":{"start":{"line":427,"column":8},"end":{"line":427,"column":85}},"81":{"start":{"line":428,"column":8},"end":{"line":428,"column":101}},"82":{"start":{"line":429,"column":8},"end":{"line":429,"column":58}},"83":{"start":{"line":430,"column":8},"end":{"line":430,"column":89}},"84":{"start":{"line":431,"column":8},"end":{"line":431,"column":86}},"85":{"start":{"line":447,"column":8},"end":{"line":447,"column":32}},"86":{"start":{"line":448,"column":8},"end":{"line":448,"column":17062}},"87":{"start":{"line":458,"column":8},"end":{"line":458,"column":17338}},"88":{"start":{"line":465,"column":8},"end":{"line":465,"column":17542}},"89":{"start":{"line":475,"column":8},"end":{"line":475,"column":56}},"90":{"start":{"line":479,"column":8},"end":{"line":479,"column":53}},"91":{"start":{"line":482,"column":8},"end":{"line":482,"column":88}},"92":{"start":{"line":485,"column":8},"end":{"line":485,"column":54}},"93":{"start":{"line":488,"column":8},"end":{"line":488,"column":46}},"94":{"start":{"line":491,"column":8},"end":{"line":491,"column":65}},"95":{"start":{"line":495,"column":8},"end":{"line":495,"column":43}},"96":{"start":{"line":498,"column":8},"end":{"line":498,"column":48}},"97":{"start":{"line":499,"column":8},"end":{"line":499,"column":59}},"98":{"start":{"line":511,"column":8},"end":{"line":511,"column":51}},"99":{"start":{"line":512,"column":8},"end":{"line":512,"column":56}},"100":{"start":{"line":513,"column":8},"end":{"line":513,"column":62}},"101":{"start":{"line":514,"column":8},"end":{"line":514,"column":19513}},"102":{"start":{"line":515,"column":12},"end":{"line":515,"column":28}},"103":{"start":{"line":517,"column":12},"end":{"line":517,"column":56}},"104":{"start":{"line":539,"column":8},"end":{"line":539,"column":74}},"105":{"start":{"line":540,"column":8},"end":{"line":540,"column":45}},"106":{"start":{"line":541,"column":8},"end":{"line":541,"column":85}},"107":{"start":{"line":549,"column":8},"end":{"line":549,"column":75}},"108":{"start":{"line":559,"column":8},"end":{"line":559,"column":74}},"109":{"start":{"line":568,"column":8},"end":{"line":568,"column":92}},"110":{"start":{"line":575,"column":8},"end":{"line":575,"column":52}},"111":{"start":{"line":576,"column":8},"end":{"line":576,"column":41}},"112":{"start":{"line":577,"column":8},"end":{"line":577,"column":22}}},"branchMap":{"1":{"line":83,"type":"if","locations":[{"start":{"line":83,"column":8},"end":{"line":83,"column":8}},{"start":{"line":83,"column":8},"end":{"line":83,"column":8}}]},"2":{"line":92,"type":"if","locations":[{"start":{"line":92,"column":8},"end":{"line":92,"column":8}},{"start":{"line":92,"column":8},"end":{"line":92,"column":8}}]},"3":{"line":97,"type":"if","locations":[{"start":{"line":97,"column":8},"end":{"line":97,"column":8}},{"start":{"line":97,"column":8},"end":{"line":97,"column":8}}]},"4":{"line":121,"type":"if","locations":[{"start":{"line":121,"column":8},"end":{"line":121,"column":8}},{"start":{"line":121,"column":8},"end":{"line":121,"column":8}}]},"5":{"line":151,"type":"if","locations":[{"start":{"line":151,"column":8},"end":{"line":151,"column":8}},{"start":{"line":151,"column":8},"end":{"line":151,"column":8}}]},"6":{"line":175,"type":"if","locations":[{"start":{"line":175,"column":8},"end":{"line":175,"column":8}},{"start":{"line":175,"column":8},"end":{"line":175,"column":8}}]},"7":{"line":184,"type":"if","locations":[{"start":{"line":184,"column":8},"end":{"line":184,"column":8}},{"start":{"line":184,"column":8},"end":{"line":184,"column":8}}]},"8":{"line":205,"type":"if","locations":[{"start":{"line":205,"column":8},"end":{"line":205,"column":8}},{"start":{"line":205,"column":8},"end":{"line":205,"column":8}}]},"9":{"line":227,"type":"if","locations":[{"start":{"line":227,"column":8},"end":{"line":227,"column":8}},{"start":{"line":227,"column":8},"end":{"line":227,"column":8}}]},"10":{"line":228,"type":"if","locations":[{"start":{"line":228,"column":12},"end":{"line":228,"column":12}},{"start":{"line":228,"column":12},"end":{"line":228,"column":12}}]},"11":{"line":261,"type":"if","locations":[{"start":{"line":261,"column":8},"end":{"line":261,"column":8}},{"start":{"line":261,"column":8},"end":{"line":261,"column":8}}]},"12":{"line":264,"type":"if","locations":[{"start":{"line":264,"column":8},"end":{"line":264,"column":8}},{"start":{"line":264,"column":8},"end":{"line":264,"column":8}}]},"13":{"line":286,"type":"if","locations":[{"start":{"line":286,"column":8},"end":{"line":286,"column":8}},{"start":{"line":286,"column":8},"end":{"line":286,"column":8}}]},"14":{"line":293,"type":"if","locations":[{"start":{"line":293,"column":8},"end":{"line":293,"column":8}},{"start":{"line":293,"column":8},"end":{"line":293,"column":8}}]},"15":{"line":314,"type":"if","locations":[{"start":{"line":314,"column":8},"end":{"line":314,"column":8}},{"start":{"line":314,"column":8},"end":{"line":314,"column":8}}]},"16":{"line":348,"type":"if","locations":[{"start":{"line":348,"column":8},"end":{"line":348,"column":8}},{"start":{"line":348,"column":8},"end":{"line":348,"column":8}}]},"17":{"line":396,"type":"if","locations":[{"start":{"line":396,"column":8},"end":{"line":396,"column":8}},{"start":{"line":396,"column":8},"end":{"line":396,"column":8}}]},"18":{"line":418,"type":"if","locations":[{"start":{"line":418,"column":8},"end":{"line":418,"column":8}},{"start":{"line":418,"column":8},"end":{"line":418,"column":8}}]},"19":{"line":427,"type":"if","locations":[{"start":{"line":427,"column":8},"end":{"line":427,"column":8}},{"start":{"line":427,"column":8},"end":{"line":427,"column":8}}]},"20":{"line":428,"type":"if","locations":[{"start":{"line":428,"column":8},"end":{"line":428,"column":8}},{"start":{"line":428,"column":8},"end":{"line":428,"column":8}}]},"21":{"line":458,"type":"if","locations":[{"start":{"line":458,"column":8},"end":{"line":458,"column":8}},{"start":{"line":458,"column":8},"end":{"line":458,"column":8}}]},"22":{"line":482,"type":"if","locations":[{"start":{"line":482,"column":8},"end":{"line":482,"column":8}},{"start":{"line":482,"column":8},"end":{"line":482,"column":8}}]},"23":{"line":514,"type":"if","locations":[{"start":{"line":514,"column":8},"end":{"line":514,"column":8}},{"start":{"line":514,"column":8},"end":{"line":514,"column":8}}]},"24":{"line":576,"type":"if","locations":[{"start":{"line":576,"column":8},"end":{"line":576,"column":8}},{"start":{"line":576,"column":8},"end":{"line":576,"column":8}}]}}},"contracts\\PrimeRedeem.sol":{"l":{"30":19,"31":19,"32":19,"36":130,"37":130,"38":130,"42":83,"43":83,"44":83},"path":"C:\\Users\\alexa\\OneDrive\\Documents\\Master\\Blockchain\\primitive-contracts\\contracts\\PrimeRedeem.sol","s":{"1":19,"2":19,"3":19,"4":130,"5":130,"6":130,"7":83,"8":83,"9":83},"b":{"1":[130,0],"2":[83,0]},"f":{"1":19,"2":130,"3":83},"fnMap":{"1":{"name":"constructor","line":28,"loc":{"start":{"line":28,"column":26},"end":{"line":29,"column":5}}},"2":{"name":"mint","line":35,"loc":{"start":{"line":35,"column":4},"end":{"line":35,"column":69}}},"3":{"name":"burn","line":41,"loc":{"start":{"line":41,"column":4},"end":{"line":41,"column":69}}}},"statementMap":{"1":{"start":{"line":30,"column":8},"end":{"line":30,"column":30}},"2":{"start":{"line":31,"column":8},"end":{"line":31,"column":23}},"3":{"start":{"line":32,"column":8},"end":{"line":32,"column":23}},"4":{"start":{"line":36,"column":8},"end":{"line":36,"column":53}},"5":{"start":{"line":37,"column":8},"end":{"line":37,"column":26}},"6":{"start":{"line":38,"column":8},"end":{"line":38,"column":19}},"7":{"start":{"line":42,"column":8},"end":{"line":42,"column":53}},"8":{"start":{"line":43,"column":8},"end":{"line":43,"column":26}},"9":{"start":{"line":44,"column":8},"end":{"line":44,"column":19}}},"branchMap":{"1":{"line":36,"type":"if","locations":[{"start":{"line":36,"column":8},"end":{"line":36,"column":8}},{"start":{"line":36,"column":8},"end":{"line":36,"column":8}}]},"2":{"line":42,"type":"if","locations":[{"start":{"line":42,"column":8},"end":{"line":42,"column":8}},{"start":{"line":42,"column":8},"end":{"line":42,"column":8}}]}}},"contracts\\PrimeTrader.sol":{"l":{"25":22,"44":31,"45":29,"46":27,"51":25,"55":25,"56":25,"74":27,"75":25,"76":25,"82":21,"83":21,"88":19,"89":19,"90":19,"91":19,"92":19,"109":15,"110":13,"111":13,"113":13,"122":11,"127":9,"131":9,"132":9,"151":13,"152":11,"154":11,"156":11,"162":9,"168":7,"169":7,"170":7,"171":7,"172":7,"190":0,"191":0,"192":0,"194":0,"196":0,"202":0,"203":0,"204":0,"205":0,"213":117},"path":"C:\\Users\\alexa\\OneDrive\\Documents\\Master\\Blockchain\\primitive-contracts\\contracts\\PrimeTrader.sol","s":{"1":22,"2":31,"3":29,"4":27,"5":25,"6":25,"7":25,"8":27,"9":25,"10":25,"11":21,"12":21,"13":19,"14":19,"15":19,"16":19,"17":19,"18":15,"19":13,"20":13,"21":13,"22":11,"23":9,"24":9,"25":9,"26":13,"27":11,"28":11,"29":11,"30":9,"31":7,"32":7,"33":7,"34":7,"35":7,"36":0,"37":0,"38":0,"39":0,"40":0,"41":0,"42":0,"43":0,"44":0,"45":117},"b":{"1":[29,2],"2":[25,0],"3":[25,2],"4":[19,0],"5":[13,2],"6":[9,0],"7":[11,2],"8":[7,0],"9":[0,0],"10":[0,0],"11":[0,0]},"f":{"1":22,"2":31,"3":27,"4":15,"5":13,"6":0,"7":117},"fnMap":{"1":{"name":"constructor","line":24,"loc":{"start":{"line":24,"column":4},"end":{"line":24,"column":44}}},"2":{"name":"safeMint","line":41,"loc":{"start":{"line":41,"column":19},"end":{"line":43,"column":5}}},"3":{"name":"safeSwap","line":71,"loc":{"start":{"line":71,"column":19},"end":{"line":73,"column":5}}},"4":{"name":"safeRedeem","line":106,"loc":{"start":{"line":106,"column":19},"end":{"line":108,"column":5}}},"5":{"name":"safeClose","line":148,"loc":{"start":{"line":148,"column":19},"end":{"line":150,"column":5}}},"6":{"name":"safeUnwind","line":187,"loc":{"start":{"line":187,"column":19},"end":{"line":189,"column":5}}},"7":{"name":"verifyBalance","line":208,"loc":{"start":{"line":208,"column":4},"end":{"line":212,"column":21}}}},"statementMap":{"1":{"start":{"line":25,"column":8},"end":{"line":25,"column":19}},"2":{"start":{"line":44,"column":8},"end":{"line":44,"column":38}},"3":{"start":{"line":45,"column":8},"end":{"line":45,"column":40}},"4":{"start":{"line":46,"column":8},"end":{"line":46,"column":1494}},"5":{"start":{"line":51,"column":8},"end":{"line":51,"column":1631}},"6":{"start":{"line":55,"column":8},"end":{"line":55,"column":52}},"7":{"start":{"line":56,"column":8},"end":{"line":56,"column":50}},"8":{"start":{"line":74,"column":8},"end":{"line":74,"column":38}},"9":{"start":{"line":75,"column":8},"end":{"line":75,"column":48}},"10":{"start":{"line":76,"column":8},"end":{"line":76,"column":2455}},"11":{"start":{"line":82,"column":8},"end":{"line":82,"column":79}},"12":{"start":{"line":83,"column":8},"end":{"line":83,"column":2670}},"13":{"start":{"line":88,"column":8},"end":{"line":88,"column":86}},"14":{"start":{"line":89,"column":8},"end":{"line":89,"column":84}},"15":{"start":{"line":90,"column":8},"end":{"line":90,"column":66}},"16":{"start":{"line":91,"column":8},"end":{"line":91,"column":70}},"17":{"start":{"line":92,"column":8},"end":{"line":92,"column":50}},"18":{"start":{"line":109,"column":8},"end":{"line":109,"column":38}},"19":{"start":{"line":110,"column":8},"end":{"line":110,"column":48}},"20":{"start":{"line":111,"column":8},"end":{"line":111,"column":48}},"21":{"start":{"line":113,"column":8},"end":{"line":113,"column":3681}},"22":{"start":{"line":122,"column":8},"end":{"line":122,"column":4032}},"23":{"start":{"line":127,"column":8},"end":{"line":127,"column":4161}},"24":{"start":{"line":131,"column":8},"end":{"line":131,"column":51}},"25":{"start":{"line":132,"column":8},"end":{"line":132,"column":41}},"26":{"start":{"line":151,"column":8},"end":{"line":151,"column":38}},"27":{"start":{"line":152,"column":8},"end":{"line":152,"column":48}},"28":{"start":{"line":154,"column":8},"end":{"line":154,"column":79}},"29":{"start":{"line":156,"column":8},"end":{"line":156,"column":5104}},"30":{"start":{"line":162,"column":8},"end":{"line":162,"column":5240}},"31":{"start":{"line":168,"column":8},"end":{"line":168,"column":86}},"32":{"start":{"line":169,"column":8},"end":{"line":169,"column":84}},"33":{"start":{"line":170,"column":8},"end":{"line":170,"column":66}},"34":{"start":{"line":171,"column":8},"end":{"line":171,"column":71}},"35":{"start":{"line":172,"column":8},"end":{"line":172,"column":40}},"36":{"start":{"line":190,"column":8},"end":{"line":190,"column":38}},"37":{"start":{"line":191,"column":8},"end":{"line":191,"column":76}},"38":{"start":{"line":192,"column":8},"end":{"line":192,"column":48}},"39":{"start":{"line":194,"column":8},"end":{"line":194,"column":79}},"40":{"start":{"line":196,"column":8},"end":{"line":196,"column":6498}},"41":{"start":{"line":202,"column":8},"end":{"line":202,"column":86}},"42":{"start":{"line":203,"column":8},"end":{"line":203,"column":51}},"43":{"start":{"line":204,"column":8},"end":{"line":204,"column":71}},"44":{"start":{"line":205,"column":8},"end":{"line":205,"column":40}},"45":{"start":{"line":213,"column":8},"end":{"line":213,"column":7078}}},"branchMap":{"1":{"line":44,"type":"if","locations":[{"start":{"line":44,"column":8},"end":{"line":44,"column":8}},{"start":{"line":44,"column":8},"end":{"line":44,"column":8}}]},"2":{"line":51,"type":"if","locations":[{"start":{"line":51,"column":8},"end":{"line":51,"column":8}},{"start":{"line":51,"column":8},"end":{"line":51,"column":8}}]},"3":{"line":74,"type":"if","locations":[{"start":{"line":74,"column":8},"end":{"line":74,"column":8}},{"start":{"line":74,"column":8},"end":{"line":74,"column":8}}]},"4":{"line":90,"type":"if","locations":[{"start":{"line":90,"column":8},"end":{"line":90,"column":8}},{"start":{"line":90,"column":8},"end":{"line":90,"column":8}}]},"5":{"line":109,"type":"if","locations":[{"start":{"line":109,"column":8},"end":{"line":109,"column":8}},{"start":{"line":109,"column":8},"end":{"line":109,"column":8}}]},"6":{"line":127,"type":"if","locations":[{"start":{"line":127,"column":8},"end":{"line":127,"column":8}},{"start":{"line":127,"column":8},"end":{"line":127,"column":8}}]},"7":{"line":151,"type":"if","locations":[{"start":{"line":151,"column":8},"end":{"line":151,"column":8}},{"start":{"line":151,"column":8},"end":{"line":151,"column":8}}]},"8":{"line":170,"type":"if","locations":[{"start":{"line":170,"column":8},"end":{"line":170,"column":8}},{"start":{"line":170,"column":8},"end":{"line":170,"column":8}}]},"9":{"line":190,"type":"if","locations":[{"start":{"line":190,"column":8},"end":{"line":190,"column":8}},{"start":{"line":190,"column":8},"end":{"line":190,"column":8}}]},"10":{"line":191,"type":"if","locations":[{"start":{"line":191,"column":8},"end":{"line":191,"column":8}},{"start":{"line":191,"column":8},"end":{"line":191,"column":8}}]},"11":{"line":203,"type":"if","locations":[{"start":{"line":203,"column":8},"end":{"line":203,"column":8}},{"start":{"line":203,"column":8},"end":{"line":203,"column":8}}]}}},"contracts\\tokens\\DAI.sol":{"l":{"7":8,"17":6,"18":6},"path":"C:\\Users\\alexa\\OneDrive\\Documents\\Master\\Blockchain\\primitive-contracts\\contracts\\tokens\\DAI.sol","s":{"1":8,"2":6,"3":6},"b":{},"f":{"1":8,"2":6},"fnMap":{"1":{"name":"constructor","line":6,"loc":{"start":{"line":6,"column":65},"end":{"line":6,"column":10}}},"2":{"name":"mint","line":16,"loc":{"start":{"line":16,"column":4},"end":{"line":16,"column":64}}}},"statementMap":{"1":{"start":{"line":7,"column":8},"end":{"line":7,"column":39}},"2":{"start":{"line":17,"column":8},"end":{"line":17,"column":23}},"3":{"start":{"line":18,"column":8},"end":{"line":18,"column":19}}},"branchMap":{}},"contracts\\tokens\\WETH9.sol":{"l":{"35":7,"36":7,"39":1,"40":1,"41":1,"42":1,"46":0,"50":22,"51":22,"52":22,"56":35,"63":54,"65":54,"66":19,"67":19,"70":54,"71":54,"73":54,"75":54},"path":"C:\\Users\\alexa\\OneDrive\\Documents\\Master\\Blockchain\\primitive-contracts\\contracts\\tokens\\WETH9.sol","s":{"1":7,"2":7,"3":1,"4":1,"5":1,"6":1,"7":0,"8":22,"9":22,"10":22,"11":35,"12":54,"13":54,"14":19,"15":19,"16":54,"17":54,"18":54,"19":54},"b":{"1":[1,0],"2":[54,0],"3":[19,35],"4":[19,0]},"f":{"1":7,"2":1,"3":0,"4":22,"5":35,"6":54},"fnMap":{"1":{"name":"deposit","line":34,"loc":{"start":{"line":34,"column":4},"end":{"line":34,"column":35}}},"2":{"name":"withdraw","line":38,"loc":{"start":{"line":38,"column":4},"end":{"line":38,"column":36}}},"3":{"name":"totalSupply","line":45,"loc":{"start":{"line":45,"column":4},"end":{"line":45,"column":51}}},"4":{"name":"approve","line":49,"loc":{"start":{"line":49,"column":4},"end":{"line":49,"column":63}}},"5":{"name":"transfer","line":55,"loc":{"start":{"line":55,"column":4},"end":{"line":55,"column":64}}},"6":{"name":"transferFrom","line":59,"loc":{"start":{"line":59,"column":4},"end":{"line":62,"column":5}}}},"statementMap":{"1":{"start":{"line":35,"column":8},"end":{"line":35,"column":41}},"2":{"start":{"line":36,"column":8},"end":{"line":36,"column":43}},"3":{"start":{"line":39,"column":8},"end":{"line":39,"column":44}},"4":{"start":{"line":40,"column":8},"end":{"line":40,"column":35}},"5":{"start":{"line":41,"column":8},"end":{"line":41,"column":31}},"6":{"start":{"line":42,"column":8},"end":{"line":42,"column":40}},"7":{"start":{"line":46,"column":8},"end":{"line":46,"column":36}},"8":{"start":{"line":50,"column":8},"end":{"line":50,"column":39}},"9":{"start":{"line":51,"column":8},"end":{"line":51,"column":43}},"10":{"start":{"line":52,"column":8},"end":{"line":52,"column":19}},"11":{"start":{"line":56,"column":8},"end":{"line":56,"column":49}},"12":{"start":{"line":63,"column":8},"end":{"line":63,"column":37}},"13":{"start":{"line":65,"column":8},"end":{"line":65,"column":2224}},"14":{"start":{"line":66,"column":12},"end":{"line":66,"column":53}},"15":{"start":{"line":67,"column":12},"end":{"line":67,"column":44}},"16":{"start":{"line":70,"column":8},"end":{"line":70,"column":28}},"17":{"start":{"line":71,"column":8},"end":{"line":71,"column":28}},"18":{"start":{"line":73,"column":8},"end":{"line":73,"column":36}},"19":{"start":{"line":75,"column":8},"end":{"line":75,"column":19}}},"branchMap":{"1":{"line":39,"type":"if","locations":[{"start":{"line":39,"column":8},"end":{"line":39,"column":8}},{"start":{"line":39,"column":8},"end":{"line":39,"column":8}}]},"2":{"line":63,"type":"if","locations":[{"start":{"line":63,"column":8},"end":{"line":63,"column":8}},{"start":{"line":63,"column":8},"end":{"line":63,"column":8}}]},"3":{"line":65,"type":"if","locations":[{"start":{"line":65,"column":8},"end":{"line":65,"column":8}},{"start":{"line":65,"column":8},"end":{"line":65,"column":8}}]},"4":{"line":66,"type":"if","locations":[{"start":{"line":66,"column":12},"end":{"line":66,"column":12}},{"start":{"line":66,"column":12},"end":{"line":66,"column":12}}]}}}}