{"contracts\\option\\applications\\registry\\Factory.sol":{"l":{"20":25,"25":25},"path":"C:\\Users\\alexa\\OneDrive\\Documents\\Master\\Blockchain\\primitive-contracts\\contracts\\option\\applications\\registry\\Factory.sol","s":{"1":24,"2":25,"3":2,"4":25},"b":{},"f":{"1":24,"2":25,"3":2,"4":25},"fnMap":{"1":{"name":"constructor","line":14,"loc":{"start":{"line":14,"column":4},"end":{"line":14,"column":38}}},"2":{"name":"deploy","line":18,"loc":{"start":{"line":18,"column":16},"end":{"line":20,"column":5}}},"3":{"name":"kill","line":22,"loc":{"start":{"line":22,"column":51},"end":{"line":22,"column":3}}},"4":{"name":"initialize","line":24,"loc":{"start":{"line":24,"column":73},"end":{"line":24,"column":3}}}},"statementMap":{"1":{"start":{"line":14,"column":43},"end":{"line":14,"column":69}},"2":{"start":{"line":20,"column":6},"end":{"line":20,"column":70}},"3":{"start":{"line":22,"column":55},"end":{"line":22,"column":75}},"4":{"start":{"line":25,"column":8},"end":{"line":25,"column":40}}},"branchMap":{}},"contracts\\option\\applications\\registry\\FactoryRedeem.sol":{"l":{"17":25},"path":"C:\\Users\\alexa\\OneDrive\\Documents\\Master\\Blockchain\\primitive-contracts\\contracts\\option\\applications\\registry\\FactoryRedeem.sol","s":{"1":24,"2":25},"b":{},"f":{"1":24,"2":25},"fnMap":{"1":{"name":"constructor","line":14,"loc":{"start":{"line":14,"column":4},"end":{"line":14,"column":38}}},"2":{"name":"deploy","line":16,"loc":{"start":{"line":16,"column":73},"end":{"line":16,"column":28}}}},"statementMap":{"1":{"start":{"line":14,"column":43},"end":{"line":14,"column":69}},"2":{"start":{"line":17,"column":8},"end":{"line":17,"column":64}}},"branchMap":{}},"contracts\\option\\applications\\registry\\Registry.sol":{"l":{"31":24,"32":24,"36":50,"47":27,"48":25,"49":25,"52":25,"53":25,"54":25,"55":25,"57":25,"58":25,"62":2,"66":25,"71":26,"76":1},"path":"C:\\Users\\alexa\\OneDrive\\Documents\\Master\\Blockchain\\primitive-contracts\\contracts\\option\\applications\\registry\\Registry.sol","s":{"1":24,"2":24,"3":24,"4":50,"5":27,"6":25,"7":25,"8":25,"9":25,"10":25,"11":25,"12":25,"13":25,"14":2,"15":25,"16":26,"17":1},"b":{"1":[25,2],"2":[25,0]},"f":{"1":24,"2":24,"3":50,"4":27,"5":2,"6":25,"7":26,"8":1},"fnMap":{"1":{"name":"constructor","line":28,"loc":{"start":{"line":28,"column":4},"end":{"line":28,"column":22}}},"2":{"name":"initialize","line":30,"loc":{"start":{"line":30,"column":92},"end":{"line":30,"column":3}}},"3":{"name":"addSupported","line":35,"loc":{"start":{"line":35,"column":67},"end":{"line":35,"column":3}}},"4":{"name":"deployOption","line":43,"loc":{"start":{"line":43,"column":20},"end":{"line":45,"column":5}}},"5":{"name":"kill","line":61,"loc":{"start":{"line":61,"column":60},"end":{"line":61,"column":3}}},"6":{"name":"optionsLength","line":65,"loc":{"start":{"line":65,"column":4},"end":{"line":65,"column":66}}},"7":{"name":"getId","line":69,"loc":{"start":{"line":69,"column":4},"end":{"line":70,"column":42}}},"8":{"name":"getOption","line":74,"loc":{"start":{"line":74,"column":4},"end":{"line":75,"column":46}}}},"statementMap":{"1":{"start":{"line":28,"column":27},"end":{"line":28,"column":55}},"2":{"start":{"line":31,"column":8},"end":{"line":31,"column":25}},"3":{"start":{"line":32,"column":8},"end":{"line":32,"column":37}},"4":{"start":{"line":36,"column":8},"end":{"line":36,"column":32}},"5":{"start":{"line":47,"column":8},"end":{"line":47,"column":93}},"6":{"start":{"line":48,"column":8},"end":{"line":48,"column":63}},"7":{"start":{"line":49,"column":8},"end":{"line":49,"column":64}},"8":{"start":{"line":52,"column":8},"end":{"line":52,"column":77}},"9":{"start":{"line":53,"column":8},"end":{"line":53,"column":27}},"10":{"start":{"line":54,"column":8},"end":{"line":54,"column":33}},"11":{"start":{"line":55,"column":8},"end":{"line":55,"column":77}},"12":{"start":{"line":57,"column":8},"end":{"line":57,"column":51}},"13":{"start":{"line":58,"column":8},"end":{"line":58,"column":43}},"14":{"start":{"line":62,"column":8},"end":{"line":62,"column":37}},"15":{"start":{"line":66,"column":8},"end":{"line":66,"column":33}},"16":{"start":{"line":71,"column":8},"end":{"line":71,"column":76}},"17":{"start":{"line":76,"column":8},"end":{"line":76,"column":67}}},"branchMap":{"1":{"line":47,"type":"if","locations":[{"start":{"line":47,"column":8},"end":{"line":47,"column":8}},{"start":{"line":47,"column":8},"end":{"line":47,"column":8}}]},"2":{"line":49,"type":"if","locations":[{"start":{"line":49,"column":8},"end":{"line":49,"column":8}},{"start":{"line":49,"column":8},"end":{"line":49,"column":8}}]}}},"contracts\\option\\extensions\\Trader.sol":{"l":{"40":40,"41":38,"42":32,"43":32,"59":25,"60":23,"61":21,"63":21,"64":19,"65":17,"66":17,"82":17,"83":15,"85":13,"86":11,"87":9,"104":15,"105":13,"106":11,"107":11,"108":9,"109":7,"110":7,"111":7,"126":11,"127":9,"128":5,"129":5,"130":3,"131":3,"132":3},"path":"C:\\Users\\alexa\\OneDrive\\Documents\\Master\\Blockchain\\primitive-contracts\\contracts\\option\\extensions\\Trader.sol","s":{"1":25,"2":40,"3":38,"4":32,"5":32,"6":25,"7":23,"8":21,"9":21,"10":19,"11":17,"12":17,"13":17,"14":15,"15":13,"16":11,"17":9,"18":15,"19":13,"20":11,"21":11,"22":9,"23":7,"24":7,"25":7,"26":11,"27":9,"28":5,"29":5,"30":3,"31":3,"32":3},"b":{"1":[38,2],"2":[23,2],"3":[21,2],"4":[19,2],"5":[15,2],"6":[13,2],"7":[13,2],"8":[11,2],"9":[9,2],"10":[9,2],"11":[5,4],"12":[3,2]},"f":{"1":25,"2":40,"3":25,"4":17,"5":15,"6":11},"fnMap":{"1":{"name":"constructor","line":25,"loc":{"start":{"line":25,"column":4},"end":{"line":25,"column":44}}},"2":{"name":"safeMint","line":37,"loc":{"start":{"line":37,"column":19},"end":{"line":39,"column":5}}},"3":{"name":"safeExercise","line":56,"loc":{"start":{"line":56,"column":19},"end":{"line":58,"column":5}}},"4":{"name":"safeRedeem","line":79,"loc":{"start":{"line":79,"column":19},"end":{"line":81,"column":5}}},"5":{"name":"safeClose","line":101,"loc":{"start":{"line":101,"column":19},"end":{"line":103,"column":5}}},"6":{"name":"safeUnwind","line":123,"loc":{"start":{"line":123,"column":19},"end":{"line":125,"column":5}}}},"statementMap":{"1":{"start":{"line":25,"column":49},"end":{"line":25,"column":60}},"2":{"start":{"line":40,"column":8},"end":{"line":40,"column":38}},"3":{"start":{"line":41,"column":8},"end":{"line":41,"column":80}},"4":{"start":{"line":42,"column":8},"end":{"line":42,"column":52}},"5":{"start":{"line":43,"column":8},"end":{"line":43,"column":50}},"6":{"start":{"line":59,"column":8},"end":{"line":59,"column":38}},"7":{"start":{"line":60,"column":8},"end":{"line":60,"column":88}},"8":{"start":{"line":61,"column":8},"end":{"line":61,"column":85}},"9":{"start":{"line":63,"column":8},"end":{"line":63,"column":91}},"10":{"start":{"line":64,"column":8},"end":{"line":64,"column":82}},"11":{"start":{"line":65,"column":8},"end":{"line":65,"column":80}},"12":{"start":{"line":66,"column":8},"end":{"line":66,"column":77}},"13":{"start":{"line":82,"column":8},"end":{"line":82,"column":38}},"14":{"start":{"line":83,"column":8},"end":{"line":83,"column":89}},"15":{"start":{"line":85,"column":8},"end":{"line":85,"column":80}},"16":{"start":{"line":86,"column":8},"end":{"line":86,"column":43}},"17":{"start":{"line":87,"column":8},"end":{"line":87,"column":41}},"18":{"start":{"line":104,"column":8},"end":{"line":104,"column":38}},"19":{"start":{"line":105,"column":8},"end":{"line":105,"column":88}},"20":{"start":{"line":106,"column":8},"end":{"line":106,"column":63}},"21":{"start":{"line":107,"column":8},"end":{"line":107,"column":91}},"22":{"start":{"line":108,"column":8},"end":{"line":108,"column":82}},"23":{"start":{"line":109,"column":8},"end":{"line":109,"column":80}},"24":{"start":{"line":110,"column":8},"end":{"line":110,"column":63}},"25":{"start":{"line":111,"column":8},"end":{"line":111,"column":40}},"26":{"start":{"line":126,"column":8},"end":{"line":126,"column":38}},"27":{"start":{"line":127,"column":8},"end":{"line":127,"column":68}},"28":{"start":{"line":128,"column":8},"end":{"line":128,"column":63}},"29":{"start":{"line":129,"column":8},"end":{"line":129,"column":91}},"30":{"start":{"line":130,"column":8},"end":{"line":130,"column":82}},"31":{"start":{"line":131,"column":8},"end":{"line":131,"column":63}},"32":{"start":{"line":132,"column":8},"end":{"line":132,"column":40}}},"branchMap":{"1":{"line":40,"type":"if","locations":[{"start":{"line":40,"column":8},"end":{"line":40,"column":8}},{"start":{"line":40,"column":8},"end":{"line":40,"column":8}}]},"2":{"line":59,"type":"if","locations":[{"start":{"line":59,"column":8},"end":{"line":59,"column":8}},{"start":{"line":59,"column":8},"end":{"line":59,"column":8}}]},"3":{"line":60,"type":"if","locations":[{"start":{"line":60,"column":8},"end":{"line":60,"column":8}},{"start":{"line":60,"column":8},"end":{"line":60,"column":8}}]},"4":{"line":63,"type":"if","locations":[{"start":{"line":63,"column":8},"end":{"line":63,"column":8}},{"start":{"line":63,"column":8},"end":{"line":63,"column":8}}]},"5":{"line":82,"type":"if","locations":[{"start":{"line":82,"column":8},"end":{"line":82,"column":8}},{"start":{"line":82,"column":8},"end":{"line":82,"column":8}}]},"6":{"line":83,"type":"if","locations":[{"start":{"line":83,"column":8},"end":{"line":83,"column":8}},{"start":{"line":83,"column":8},"end":{"line":83,"column":8}}]},"7":{"line":104,"type":"if","locations":[{"start":{"line":104,"column":8},"end":{"line":104,"column":8}},{"start":{"line":104,"column":8},"end":{"line":104,"column":8}}]},"8":{"line":105,"type":"if","locations":[{"start":{"line":105,"column":8},"end":{"line":105,"column":8}},{"start":{"line":105,"column":8},"end":{"line":105,"column":8}}]},"9":{"line":107,"type":"if","locations":[{"start":{"line":107,"column":8},"end":{"line":107,"column":8}},{"start":{"line":107,"column":8},"end":{"line":107,"column":8}}]},"10":{"line":126,"type":"if","locations":[{"start":{"line":126,"column":8},"end":{"line":126,"column":8}},{"start":{"line":126,"column":8},"end":{"line":126,"column":8}}]},"11":{"line":127,"type":"if","locations":[{"start":{"line":127,"column":8},"end":{"line":127,"column":8}},{"start":{"line":127,"column":8},"end":{"line":127,"column":8}}]},"12":{"line":129,"type":"if","locations":[{"start":{"line":129,"column":8},"end":{"line":129,"column":8}},{"start":{"line":129,"column":8},"end":{"line":129,"column":8}}]}}},"contracts\\option\\interfaces\\IFactory.sol":{"l":{},"path":"C:\\Users\\alexa\\OneDrive\\Documents\\Master\\Blockchain\\primitive-contracts\\contracts\\option\\interfaces\\IFactory.sol","s":{},"b":{},"f":{},"fnMap":{},"statementMap":{},"branchMap":{}},"contracts\\option\\interfaces\\IFactoryRedeem.sol":{"l":{},"path":"C:\\Users\\alexa\\OneDrive\\Documents\\Master\\Blockchain\\primitive-contracts\\contracts\\option\\interfaces\\IFactoryRedeem.sol","s":{},"b":{},"f":{},"fnMap":{},"statementMap":{},"branchMap":{}},"contracts\\option\\interfaces\\IFlash.sol":{"l":{},"path":"C:\\Users\\alexa\\OneDrive\\Documents\\Master\\Blockchain\\primitive-contracts\\contracts\\option\\interfaces\\IFlash.sol","s":{},"b":{},"f":{},"fnMap":{},"statementMap":{},"branchMap":{}},"contracts\\option\\interfaces\\IOption.sol":{"l":{},"path":"C:\\Users\\alexa\\OneDrive\\Documents\\Master\\Blockchain\\primitive-contracts\\contracts\\option\\interfaces\\IOption.sol","s":{},"b":{},"f":{},"fnMap":{},"statementMap":{},"branchMap":{}},"contracts\\option\\interfaces\\IPrimitiveFactory.sol":{"l":{},"path":"C:\\Users\\alexa\\OneDrive\\Documents\\Master\\Blockchain\\primitive-contracts\\contracts\\option\\interfaces\\IPrimitiveFactory.sol","s":{},"b":{},"f":{},"fnMap":{},"statementMap":{},"branchMap":{}},"contracts\\option\\interfaces\\IRedeem.sol":{"l":{},"path":"C:\\Users\\alexa\\OneDrive\\Documents\\Master\\Blockchain\\primitive-contracts\\contracts\\option\\interfaces\\IRedeem.sol","s":{},"b":{},"f":{},"fnMap":{},"statementMap":{},"branchMap":{}},"contracts\\option\\interfaces\\IRegistry.sol":{"l":{},"path":"C:\\Users\\alexa\\OneDrive\\Documents\\Master\\Blockchain\\primitive-contracts\\contracts\\option\\interfaces\\IRegistry.sol","s":{},"b":{},"f":{},"fnMap":{},"statementMap":{},"branchMap":{}},"contracts\\option\\interfaces\\ITrader.sol":{"l":{},"path":"C:\\Users\\alexa\\OneDrive\\Documents\\Master\\Blockchain\\primitive-contracts\\contracts\\option\\interfaces\\ITrader.sol","s":{},"b":{},"f":{},"fnMap":{},"statementMap":{},"branchMap":{}},"contracts\\option\\primitives\\Option.sol":{"l":{"44":40,"45":40,"55":136,"56":132,"60":27,"61":25,"65":4,"66":2,"75":3,"86":3,"87":3,"90":3,"93":3,"96":3,"105":159,"106":159,"107":159,"126":87,"127":87,"128":87,"131":87,"132":87,"133":87,"136":81,"137":81,"140":81,"141":81,"160":41,"161":41,"164":41,"165":39,"168":35,"169":33,"172":33,"173":33,"176":33,"177":33,"178":33,"183":29,"186":29,"189":29,"192":29,"195":29,"198":27,"201":27,"202":27,"216":28,"217":28,"218":28,"219":28,"222":28,"223":28,"224":26,"227":22,"228":22,"234":20,"235":20,"238":20,"239":20,"254":38,"255":38,"256":38,"257":38,"258":38,"261":38,"270":38,"274":38,"275":38,"276":32,"279":30,"280":26,"287":30,"288":30,"294":28,"295":28,"298":28,"299":28,"304":42,"305":42,"311":28,"312":28,"313":28,"331":842,"332":842,"333":842,"334":842,"335":842,"336":842,"337":842},"path":"C:\\Users\\alexa\\OneDrive\\Documents\\Master\\Blockchain\\primitive-contracts\\contracts\\option\\primitives\\Option.sol","s":{"1":40,"2":40,"3":136,"4":27,"5":25,"6":4,"7":2,"8":3,"9":3,"10":3,"11":3,"12":3,"13":3,"14":159,"15":159,"16":159,"17":87,"18":87,"19":87,"20":87,"21":87,"22":87,"23":81,"24":81,"25":81,"26":81,"27":41,"28":41,"29":41,"30":39,"31":35,"32":33,"33":3,"34":33,"35":33,"36":33,"37":33,"38":33,"39":29,"40":29,"41":29,"42":29,"43":29,"44":27,"45":27,"46":27,"47":28,"48":28,"49":28,"50":28,"51":28,"52":28,"53":26,"54":22,"55":22,"56":20,"57":20,"58":20,"59":20,"60":38,"61":38,"62":38,"63":38,"64":38,"65":38,"66":38,"67":38,"68":38,"69":32,"70":30,"71":26,"72":30,"73":30,"74":28,"75":28,"76":28,"77":28,"78":42,"79":42,"80":28,"81":28,"82":28,"83":63,"84":704,"85":105,"86":105,"87":81,"88":842,"89":842,"90":842,"91":842,"92":842,"93":842,"94":842},"b":{"1":[132,4],"2":[25,2],"3":[2,2],"4":[81,6],"5":[39,2],"6":[35,4],"7":[3,30],"8":[29,4],"9":[27,2],"10":[26,2],"11":[22,4],"12":[20,2],"13":[32,6],"14":[30,2],"15":[26,4],"16":[28,2]},"f":{"1":40,"2":136,"3":27,"4":4,"5":3,"6":3,"7":159,"8":87,"9":41,"10":28,"11":38,"12":42,"13":28,"14":63,"15":704,"16":105,"17":105,"18":81,"19":842},"fnMap":{"1":{"name":"constructor","line":42,"loc":{"start":{"line":42,"column":52},"end":{"line":43,"column":5}}},"2":{"name":"notExpired","line":54,"loc":{"start":{"line":54,"column":4},"end":{"line":54,"column":21}}},"3":{"name":"initTokenR","line":59,"loc":{"start":{"line":59,"column":4},"end":{"line":59,"column":56}}},"4":{"name":"kill","line":64,"loc":{"start":{"line":64,"column":4},"end":{"line":64,"column":26}}},"5":{"name":"update","line":74,"loc":{"start":{"line":74,"column":42},"end":{"line":74,"column":3}}},"6":{"name":"take","line":85,"loc":{"start":{"line":85,"column":40},"end":{"line":85,"column":3}}},"7":{"name":"_fund","line":104,"loc":{"start":{"line":104,"column":4},"end":{"line":104,"column":54}}},"8":{"name":"mint","line":122,"loc":{"start":{"line":122,"column":20},"end":{"line":124,"column":5}}},"9":{"name":"exercise","line":156,"loc":{"start":{"line":156,"column":20},"end":{"line":158,"column":5}}},"10":{"name":"redeem","line":213,"loc":{"start":{"line":213,"column":19},"end":{"line":215,"column":5}}},"11":{"name":"close","line":250,"loc":{"start":{"line":250,"column":19},"end":{"line":252,"column":5}}},"12":{"name":"getCaches","line":303,"loc":{"start":{"line":303,"column":4},"end":{"line":303,"column":80}}},"13":{"name":"getTokens","line":308,"loc":{"start":{"line":308,"column":4},"end":{"line":310,"column":7}}},"14":{"name":"tokenS","line":316,"loc":{"start":{"line":316,"column":4},"end":{"line":316,"column":58}}},"15":{"name":"tokenU","line":317,"loc":{"start":{"line":317,"column":4},"end":{"line":317,"column":58}}},"16":{"name":"base","line":318,"loc":{"start":{"line":318,"column":4},"end":{"line":318,"column":53}}},"17":{"name":"quote","line":319,"loc":{"start":{"line":319,"column":4},"end":{"line":319,"column":54}}},"18":{"name":"expiry","line":320,"loc":{"start":{"line":320,"column":4},"end":{"line":320,"column":55}}},"19":{"name":"getOption","line":322,"loc":{"start":{"line":322,"column":4},"end":{"line":330,"column":5}}}},"statementMap":{"1":{"start":{"line":44,"column":8},"end":{"line":44,"column":27}},"2":{"start":{"line":45,"column":8},"end":{"line":45,"column":1369}},"3":{"start":{"line":55,"column":8},"end":{"line":55,"column":63}},"4":{"start":{"line":60,"column":8},"end":{"line":60,"column":54}},"5":{"start":{"line":61,"column":8},"end":{"line":61,"column":23}},"6":{"start":{"line":65,"column":8},"end":{"line":65,"column":54}},"7":{"start":{"line":66,"column":8},"end":{"line":66,"column":39}},"8":{"start":{"line":75,"column":8},"end":{"line":75,"column":2111}},"9":{"start":{"line":86,"column":8},"end":{"line":86,"column":73}},"10":{"start":{"line":87,"column":8},"end":{"line":87,"column":2554}},"11":{"start":{"line":90,"column":8},"end":{"line":90,"column":2679}},"12":{"start":{"line":93,"column":8},"end":{"line":93,"column":2804}},"13":{"start":{"line":96,"column":8},"end":{"line":96,"column":2917}},"14":{"start":{"line":105,"column":8},"end":{"line":105,"column":24}},"15":{"start":{"line":106,"column":8},"end":{"line":106,"column":24}},"16":{"start":{"line":107,"column":8},"end":{"line":107,"column":37}},"17":{"start":{"line":126,"column":8},"end":{"line":126,"column":70}},"18":{"start":{"line":127,"column":8},"end":{"line":127,"column":31}},"19":{"start":{"line":128,"column":8},"end":{"line":128,"column":33}},"20":{"start":{"line":131,"column":8},"end":{"line":131,"column":38}},"21":{"start":{"line":132,"column":8},"end":{"line":132,"column":48}},"22":{"start":{"line":133,"column":8},"end":{"line":133,"column":41}},"23":{"start":{"line":136,"column":8},"end":{"line":136,"column":48}},"24":{"start":{"line":137,"column":8},"end":{"line":137,"column":32}},"25":{"start":{"line":140,"column":8},"end":{"line":140,"column":30}},"26":{"start":{"line":141,"column":8},"end":{"line":141,"column":48}},"27":{"start":{"line":160,"column":8},"end":{"line":160,"column":39}},"28":{"start":{"line":161,"column":8},"end":{"line":161,"column":50}},"29":{"start":{"line":164,"column":8},"end":{"line":164,"column":41}},"30":{"start":{"line":165,"column":8},"end":{"line":165,"column":91}},"31":{"start":{"line":168,"column":8},"end":{"line":168,"column":52}},"32":{"start":{"line":169,"column":8},"end":{"line":169,"column":87}},"33":{"start":{"line":169,"column":29},"end":{"line":169,"column":86}},"34":{"start":{"line":172,"column":8},"end":{"line":172,"column":70}},"35":{"start":{"line":173,"column":8},"end":{"line":173,"column":64}},"36":{"start":{"line":176,"column":8},"end":{"line":176,"column":39}},"37":{"start":{"line":177,"column":8},"end":{"line":177,"column":60}},"38":{"start":{"line":178,"column":8},"end":{"line":178,"column":56}},"39":{"start":{"line":183,"column":8},"end":{"line":183,"column":42}},"40":{"start":{"line":186,"column":8},"end":{"line":186,"column":75}},"41":{"start":{"line":189,"column":8},"end":{"line":189,"column":81}},"42":{"start":{"line":192,"column":8},"end":{"line":192,"column":42}},"43":{"start":{"line":195,"column":8},"end":{"line":195,"column":77}},"44":{"start":{"line":198,"column":8},"end":{"line":198,"column":37}},"45":{"start":{"line":201,"column":8},"end":{"line":201,"column":32}},"46":{"start":{"line":202,"column":8},"end":{"line":202,"column":52}},"47":{"start":{"line":216,"column":8},"end":{"line":216,"column":39}},"48":{"start":{"line":217,"column":8},"end":{"line":217,"column":32}},"49":{"start":{"line":218,"column":8},"end":{"line":218,"column":64}},"50":{"start":{"line":219,"column":8},"end":{"line":219,"column":64}},"51":{"start":{"line":222,"column":8},"end":{"line":222,"column":26}},"52":{"start":{"line":223,"column":8},"end":{"line":223,"column":40}},"53":{"start":{"line":224,"column":8},"end":{"line":224,"column":54}},"54":{"start":{"line":227,"column":8},"end":{"line":227,"column":53}},"55":{"start":{"line":228,"column":8},"end":{"line":228,"column":7938}},"56":{"start":{"line":234,"column":8},"end":{"line":234,"column":58}},"57":{"start":{"line":235,"column":8},"end":{"line":235,"column":58}},"58":{"start":{"line":238,"column":8},"end":{"line":238,"column":30}},"59":{"start":{"line":239,"column":8},"end":{"line":239,"column":39}},"60":{"start":{"line":254,"column":8},"end":{"line":254,"column":39}},"61":{"start":{"line":255,"column":8},"end":{"line":255,"column":32}},"62":{"start":{"line":256,"column":8},"end":{"line":256,"column":64}},"63":{"start":{"line":257,"column":8},"end":{"line":257,"column":64}},"64":{"start":{"line":258,"column":8},"end":{"line":258,"column":48}},"65":{"start":{"line":261,"column":8},"end":{"line":261,"column":26}},"66":{"start":{"line":270,"column":8},"end":{"line":270,"column":62}},"67":{"start":{"line":274,"column":8},"end":{"line":274,"column":72}},"68":{"start":{"line":275,"column":8},"end":{"line":275,"column":56}},"69":{"start":{"line":276,"column":8},"end":{"line":276,"column":84}},"70":{"start":{"line":279,"column":8},"end":{"line":279,"column":10204}},"71":{"start":{"line":280,"column":12},"end":{"line":280,"column":41}},"72":{"start":{"line":287,"column":8},"end":{"line":287,"column":53}},"73":{"start":{"line":288,"column":8},"end":{"line":288,"column":10608}},"74":{"start":{"line":294,"column":8},"end":{"line":294,"column":58}},"75":{"start":{"line":295,"column":8},"end":{"line":295,"column":58}},"76":{"start":{"line":298,"column":8},"end":{"line":298,"column":30}},"77":{"start":{"line":299,"column":8},"end":{"line":299,"column":39}},"78":{"start":{"line":304,"column":8},"end":{"line":304,"column":23}},"79":{"start":{"line":305,"column":8},"end":{"line":305,"column":23}},"80":{"start":{"line":311,"column":8},"end":{"line":311,"column":30}},"81":{"start":{"line":312,"column":8},"end":{"line":312,"column":30}},"82":{"start":{"line":313,"column":8},"end":{"line":313,"column":23}},"83":{"start":{"line":316,"column":63},"end":{"line":316,"column":83}},"84":{"start":{"line":317,"column":63},"end":{"line":317,"column":83}},"85":{"start":{"line":318,"column":58},"end":{"line":318,"column":76}},"86":{"start":{"line":319,"column":59},"end":{"line":319,"column":78}},"87":{"start":{"line":320,"column":60},"end":{"line":320,"column":80}},"88":{"start":{"line":331,"column":8},"end":{"line":331,"column":49}},"89":{"start":{"line":332,"column":8},"end":{"line":332,"column":31}},"90":{"start":{"line":333,"column":8},"end":{"line":333,"column":31}},"91":{"start":{"line":334,"column":8},"end":{"line":334,"column":23}},"92":{"start":{"line":335,"column":8},"end":{"line":335,"column":27}},"93":{"start":{"line":336,"column":8},"end":{"line":336,"column":29}},"94":{"start":{"line":337,"column":8},"end":{"line":337,"column":31}}},"branchMap":{"1":{"line":55,"type":"if","locations":[{"start":{"line":55,"column":8},"end":{"line":55,"column":8}},{"start":{"line":55,"column":8},"end":{"line":55,"column":8}}]},"2":{"line":60,"type":"if","locations":[{"start":{"line":60,"column":8},"end":{"line":60,"column":8}},{"start":{"line":60,"column":8},"end":{"line":60,"column":8}}]},"3":{"line":65,"type":"if","locations":[{"start":{"line":65,"column":8},"end":{"line":65,"column":8}},{"start":{"line":65,"column":8},"end":{"line":65,"column":8}}]},"4":{"line":133,"type":"if","locations":[{"start":{"line":133,"column":8},"end":{"line":133,"column":8}},{"start":{"line":133,"column":8},"end":{"line":133,"column":8}}]},"5":{"line":164,"type":"if","locations":[{"start":{"line":164,"column":8},"end":{"line":164,"column":8}},{"start":{"line":164,"column":8},"end":{"line":164,"column":8}}]},"6":{"line":165,"type":"if","locations":[{"start":{"line":165,"column":8},"end":{"line":165,"column":8}},{"start":{"line":165,"column":8},"end":{"line":165,"column":8}}]},"7":{"line":169,"type":"if","locations":[{"start":{"line":169,"column":8},"end":{"line":169,"column":8}},{"start":{"line":169,"column":8},"end":{"line":169,"column":8}}]},"8":{"line":178,"type":"if","locations":[{"start":{"line":178,"column":8},"end":{"line":178,"column":8}},{"start":{"line":178,"column":8},"end":{"line":178,"column":8}}]},"9":{"line":195,"type":"if","locations":[{"start":{"line":195,"column":8},"end":{"line":195,"column":8}},{"start":{"line":195,"column":8},"end":{"line":195,"column":8}}]},"10":{"line":223,"type":"if","locations":[{"start":{"line":223,"column":8},"end":{"line":223,"column":8}},{"start":{"line":223,"column":8},"end":{"line":223,"column":8}}]},"11":{"line":224,"type":"if","locations":[{"start":{"line":224,"column":8},"end":{"line":224,"column":8}},{"start":{"line":224,"column":8},"end":{"line":224,"column":8}}]},"12":{"line":228,"type":"if","locations":[{"start":{"line":228,"column":8},"end":{"line":228,"column":8}},{"start":{"line":228,"column":8},"end":{"line":228,"column":8}}]},"13":{"line":275,"type":"if","locations":[{"start":{"line":275,"column":8},"end":{"line":275,"column":8}},{"start":{"line":275,"column":8},"end":{"line":275,"column":8}}]},"14":{"line":276,"type":"if","locations":[{"start":{"line":276,"column":8},"end":{"line":276,"column":8}},{"start":{"line":276,"column":8},"end":{"line":276,"column":8}}]},"15":{"line":279,"type":"if","locations":[{"start":{"line":279,"column":8},"end":{"line":279,"column":8}},{"start":{"line":279,"column":8},"end":{"line":279,"column":8}}]},"16":{"line":288,"type":"if","locations":[{"start":{"line":288,"column":8},"end":{"line":288,"column":8}},{"start":{"line":288,"column":8},"end":{"line":288,"column":8}}]}}},"contracts\\option\\primitives\\Redeem.sol":{"l":{"24":40,"25":40,"26":40,"30":83,"31":81,"35":54,"36":52},"path":"C:\\Users\\alexa\\OneDrive\\Documents\\Master\\Blockchain\\primitive-contracts\\contracts\\option\\primitives\\Redeem.sol","s":{"1":40,"2":40,"3":40,"4":83,"5":81,"6":54,"7":52},"b":{"1":[81,2],"2":[52,2]},"f":{"1":40,"2":83,"3":54},"fnMap":{"1":{"name":"constructor","line":22,"loc":{"start":{"line":22,"column":49},"end":{"line":23,"column":5}}},"2":{"name":"mint","line":29,"loc":{"start":{"line":29,"column":4},"end":{"line":29,"column":58}}},"3":{"name":"burn","line":34,"loc":{"start":{"line":34,"column":4},"end":{"line":34,"column":58}}}},"statementMap":{"1":{"start":{"line":24,"column":8},"end":{"line":24,"column":25}},"2":{"start":{"line":25,"column":8},"end":{"line":25,"column":23}},"3":{"start":{"line":26,"column":8},"end":{"line":26,"column":31}},"4":{"start":{"line":30,"column":8},"end":{"line":30,"column":53}},"5":{"start":{"line":31,"column":8},"end":{"line":31,"column":24}},"6":{"start":{"line":35,"column":8},"end":{"line":35,"column":53}},"7":{"start":{"line":36,"column":8},"end":{"line":36,"column":24}}},"branchMap":{"1":{"line":30,"type":"if","locations":[{"start":{"line":30,"column":8},"end":{"line":30,"column":8}},{"start":{"line":30,"column":8},"end":{"line":30,"column":8}}]},"2":{"line":35,"type":"if","locations":[{"start":{"line":35,"column":8},"end":{"line":35,"column":8}},{"start":{"line":35,"column":8},"end":{"line":35,"column":8}}]}}},"contracts\\pool\\applications\\AMM.sol":{"l":{"44":22,"45":22,"46":22,"47":22,"48":22,"58":23,"59":23,"60":23,"61":23,"62":21,"66":19,"75":23,"76":23,"77":23,"78":23,"81":23,"84":15,"85":2,"87":15,"88":13,"102":2,"103":2,"104":2,"107":2,"108":2,"110":2,"111":2,"113":2,"114":2,"115":2,"116":2,"133":25,"134":25,"144":25,"147":21,"150":21,"160":21,"161":21,"162":21,"166":21,"167":21,"168":21,"178":14,"179":14,"189":14,"196":10,"206":10,"210":10,"211":10,"214":10,"217":10,"218":10,"221":10,"222":10,"225":10,"226":10,"234":157,"235":157,"236":157,"237":157,"238":46,"256":777,"257":777,"265":619,"275":457},"path":"C:\\Users\\alexa\\OneDrive\\Documents\\Master\\Blockchain\\primitive-contracts\\contracts\\pool\\applications\\AMM.sol","s":{"1":22,"2":22,"3":22,"4":22,"5":22,"6":23,"7":23,"8":23,"9":23,"10":21,"11":19,"12":23,"13":23,"14":23,"15":23,"16":23,"17":15,"18":2,"19":15,"20":13,"21":2,"22":2,"23":2,"24":2,"25":2,"26":2,"27":2,"28":2,"29":2,"30":2,"31":2,"32":25,"33":25,"34":25,"35":21,"36":21,"37":21,"38":21,"39":14,"40":21,"41":21,"42":21,"43":21,"44":14,"45":14,"46":14,"47":10,"48":10,"49":10,"50":10,"51":7,"52":10,"53":10,"54":10,"55":10,"56":10,"57":10,"58":10,"59":157,"60":157,"61":157,"62":144,"63":157,"64":46,"65":111,"66":777,"67":777,"68":619,"69":457},"b":{"1":[19,2],"2":[2,13],"3":[13,2],"4":[2,0],"5":[14,7],"6":[21,0],"7":[10,4],"8":[7,3],"9":[10,0],"10":[10,0],"11":[10,0],"12":[144,13],"13":[46,111]},"f":{"1":22,"2":23,"3":23,"4":2,"5":25,"6":14,"7":157,"8":777,"9":619,"10":457},"fnMap":{"1":{"name":"constructor","line":42,"loc":{"start":{"line":42,"column":30},"end":{"line":43,"column":5}}},"2":{"name":"deposit","line":55,"loc":{"start":{"line":55,"column":70},"end":{"line":57,"column":5}}},"3":{"name":"withdraw","line":73,"loc":{"start":{"line":73,"column":74},"end":{"line":73,"column":18}}},"4":{"name":"_redeemAndSwapStrike","line":97,"loc":{"start":{"line":97,"column":4},"end":{"line":100,"column":5}}},"5":{"name":"buy","line":131,"loc":{"start":{"line":131,"column":53},"end":{"line":131,"column":18}}},"6":{"name":"sell","line":176,"loc":{"start":{"line":176,"column":53},"end":{"line":176,"column":18}}},"7":{"name":"calculateVolatilityProxy","line":233,"loc":{"start":{"line":233,"column":4},"end":{"line":233,"column":91}}},"8":{"name":"totalUtilized","line":246,"loc":{"start":{"line":246,"column":4},"end":{"line":246,"column":77}}},"9":{"name":"totalUnutilized","line":263,"loc":{"start":{"line":263,"column":4},"end":{"line":263,"column":79}}},"10":{"name":"totalPoolBalance","line":272,"loc":{"start":{"line":272,"column":4},"end":{"line":272,"column":84}}}},"statementMap":{"1":{"start":{"line":44,"column":8},"end":{"line":44,"column":19}},"2":{"start":{"line":45,"column":8},"end":{"line":45,"column":23}},"3":{"start":{"line":46,"column":8},"end":{"line":46,"column":23}},"4":{"start":{"line":47,"column":8},"end":{"line":47,"column":23}},"5":{"start":{"line":48,"column":8},"end":{"line":48,"column":74}},"6":{"start":{"line":58,"column":8},"end":{"line":58,"column":32}},"7":{"start":{"line":59,"column":8},"end":{"line":59,"column":50}},"8":{"start":{"line":60,"column":8},"end":{"line":60,"column":55}},"9":{"start":{"line":61,"column":8},"end":{"line":61,"column":73}},"10":{"start":{"line":62,"column":8},"end":{"line":62,"column":1876}},"11":{"start":{"line":66,"column":8},"end":{"line":66,"column":21}},"12":{"start":{"line":75,"column":8},"end":{"line":75,"column":32}},"13":{"start":{"line":76,"column":8},"end":{"line":76,"column":92}},"14":{"start":{"line":77,"column":8},"end":{"line":77,"column":55}},"15":{"start":{"line":78,"column":8},"end":{"line":78,"column":37}},"16":{"start":{"line":81,"column":8},"end":{"line":81,"column":82}},"17":{"start":{"line":84,"column":8},"end":{"line":84,"column":2779}},"18":{"start":{"line":85,"column":12},"end":{"line":85,"column":64}},"19":{"start":{"line":87,"column":8},"end":{"line":87,"column":61}},"20":{"start":{"line":88,"column":8},"end":{"line":88,"column":61}},"21":{"start":{"line":102,"column":8},"end":{"line":102,"column":63}},"22":{"start":{"line":103,"column":8},"end":{"line":103,"column":47}},"23":{"start":{"line":104,"column":8},"end":{"line":104,"column":60}},"24":{"start":{"line":107,"column":8},"end":{"line":107,"column":52}},"25":{"start":{"line":108,"column":8},"end":{"line":108,"column":35}},"26":{"start":{"line":110,"column":8},"end":{"line":110,"column":51}},"27":{"start":{"line":111,"column":8},"end":{"line":111,"column":84}},"28":{"start":{"line":113,"column":8},"end":{"line":113,"column":48}},"29":{"start":{"line":114,"column":8},"end":{"line":114,"column":23}},"30":{"start":{"line":115,"column":8},"end":{"line":115,"column":23}},"31":{"start":{"line":116,"column":8},"end":{"line":116,"column":4075}},"32":{"start":{"line":133,"column":8},"end":{"line":133,"column":32}},"33":{"start":{"line":134,"column":8},"end":{"line":134,"column":4801}},"34":{"start":{"line":144,"column":8},"end":{"line":144,"column":38}},"35":{"start":{"line":147,"column":8},"end":{"line":147,"column":53}},"36":{"start":{"line":150,"column":8},"end":{"line":150,"column":5389}},"37":{"start":{"line":160,"column":8},"end":{"line":160,"column":54}},"38":{"start":{"line":161,"column":8},"end":{"line":161,"column":58}},"39":{"start":{"line":161,"column":27},"end":{"line":161,"column":57}},"40":{"start":{"line":162,"column":8},"end":{"line":162,"column":47}},"41":{"start":{"line":166,"column":8},"end":{"line":166,"column":48}},"42":{"start":{"line":167,"column":8},"end":{"line":167,"column":70}},"43":{"start":{"line":168,"column":8},"end":{"line":168,"column":62}},"44":{"start":{"line":178,"column":8},"end":{"line":178,"column":32}},"45":{"start":{"line":179,"column":8},"end":{"line":179,"column":6611}},"46":{"start":{"line":189,"column":8},"end":{"line":189,"column":6878}},"47":{"start":{"line":196,"column":8},"end":{"line":196,"column":7082}},"48":{"start":{"line":206,"column":8},"end":{"line":206,"column":56}},"49":{"start":{"line":210,"column":8},"end":{"line":210,"column":53}},"50":{"start":{"line":211,"column":8},"end":{"line":211,"column":62}},"51":{"start":{"line":211,"column":29},"end":{"line":211,"column":59}},"52":{"start":{"line":214,"column":8},"end":{"line":214,"column":88}},"53":{"start":{"line":217,"column":8},"end":{"line":217,"column":54}},"54":{"start":{"line":218,"column":8},"end":{"line":218,"column":86}},"55":{"start":{"line":221,"column":8},"end":{"line":221,"column":54}},"56":{"start":{"line":222,"column":8},"end":{"line":222,"column":36}},"57":{"start":{"line":225,"column":8},"end":{"line":225,"column":48}},"58":{"start":{"line":226,"column":8},"end":{"line":226,"column":59}},"59":{"start":{"line":234,"column":8},"end":{"line":234,"column":48}},"60":{"start":{"line":235,"column":8},"end":{"line":235,"column":53}},"61":{"start":{"line":236,"column":8},"end":{"line":236,"column":84}},"62":{"start":{"line":236,"column":29},"end":{"line":236,"column":83}},"63":{"start":{"line":237,"column":8},"end":{"line":237,"column":9005}},"64":{"start":{"line":238,"column":12},"end":{"line":238,"column":29}},"65":{"start":{"line":239,"column":15},"end":{"line":239,"column":69}},"66":{"start":{"line":256,"column":8},"end":{"line":256,"column":85}},"67":{"start":{"line":257,"column":8},"end":{"line":257,"column":78}},"68":{"start":{"line":265,"column":8},"end":{"line":265,"column":76}},"69":{"start":{"line":275,"column":8},"end":{"line":275,"column":74}}},"branchMap":{"1":{"line":62,"type":"if","locations":[{"start":{"line":62,"column":8},"end":{"line":62,"column":8}},{"start":{"line":62,"column":8},"end":{"line":62,"column":8}}]},"2":{"line":84,"type":"if","locations":[{"start":{"line":84,"column":8},"end":{"line":84,"column":8}},{"start":{"line":84,"column":8},"end":{"line":84,"column":8}}]},"3":{"line":87,"type":"if","locations":[{"start":{"line":87,"column":8},"end":{"line":87,"column":8}},{"start":{"line":87,"column":8},"end":{"line":87,"column":8}}]},"4":{"line":108,"type":"if","locations":[{"start":{"line":108,"column":8},"end":{"line":108,"column":8}},{"start":{"line":108,"column":8},"end":{"line":108,"column":8}}]},"5":{"line":161,"type":"if","locations":[{"start":{"line":161,"column":8},"end":{"line":161,"column":8}},{"start":{"line":161,"column":8},"end":{"line":161,"column":8}}]},"6":{"line":162,"type":"if","locations":[{"start":{"line":162,"column":8},"end":{"line":162,"column":8}},{"start":{"line":162,"column":8},"end":{"line":162,"column":8}}]},"7":{"line":189,"type":"if","locations":[{"start":{"line":189,"column":8},"end":{"line":189,"column":8}},{"start":{"line":189,"column":8},"end":{"line":189,"column":8}}]},"8":{"line":211,"type":"if","locations":[{"start":{"line":211,"column":8},"end":{"line":211,"column":8}},{"start":{"line":211,"column":8},"end":{"line":211,"column":8}}]},"9":{"line":214,"type":"if","locations":[{"start":{"line":214,"column":8},"end":{"line":214,"column":8}},{"start":{"line":214,"column":8},"end":{"line":214,"column":8}}]},"10":{"line":218,"type":"if","locations":[{"start":{"line":218,"column":8},"end":{"line":218,"column":8}},{"start":{"line":218,"column":8},"end":{"line":218,"column":8}}]},"11":{"line":222,"type":"if","locations":[{"start":{"line":222,"column":8},"end":{"line":222,"column":8}},{"start":{"line":222,"column":8},"end":{"line":222,"column":8}}]},"12":{"line":236,"type":"if","locations":[{"start":{"line":236,"column":8},"end":{"line":236,"column":8}},{"start":{"line":236,"column":8},"end":{"line":236,"column":8}}]},"13":{"line":237,"type":"if","locations":[{"start":{"line":237,"column":8},"end":{"line":237,"column":8}},{"start":{"line":237,"column":8},"end":{"line":237,"column":8}}]}}},"contracts\\pool\\extensions\\Oracle.sol":{"l":{"24":4,"25":4,"54":131,"55":131,"58":131,"61":131,"68":422,"87":173,"91":172,"92":172,"121":165,"123":165,"125":165,"129":165,"131":165,"139":165,"151":166,"152":165,"153":165,"154":165,"155":2577,"156":2577,"159":1},"path":"C:\\Users\\alexa\\OneDrive\\Documents\\Master\\Blockchain\\primitive-contracts\\contracts\\pool\\extensions\\Oracle.sol","s":{"1":4,"2":4,"3":131,"4":131,"5":131,"6":131,"7":422,"8":173,"9":172,"10":172,"11":99,"12":73,"13":165,"14":165,"15":165,"16":165,"17":165,"18":165,"19":166,"20":165,"21":165,"22":165,"23":2577,"24":2577,"25":1,"26":1},"b":{"1":[172,1],"2":[99,73],"3":[165,1],"4":[1,0]},"f":{"1":4,"2":131,"3":422,"4":173,"5":165,"6":165,"7":166},"fnMap":{"1":{"name":"constructor","line":23,"loc":{"start":{"line":23,"column":4},"end":{"line":23,"column":52}}},"2":{"name":"calculatePremium","line":40,"loc":{"start":{"line":40,"column":4},"end":{"line":52,"column":5}}},"3":{"name":"marketPrice","line":67,"loc":{"start":{"line":67,"column":4},"end":{"line":67,"column":67}}},"4":{"name":"calculateIntrinsic","line":80,"loc":{"start":{"line":80,"column":4},"end":{"line":85,"column":5}}},"5":{"name":"calculateExtrinsic","line":107,"loc":{"start":{"line":107,"column":4},"end":{"line":119,"column":5}}},"6":{"name":"_extrinsic","line":134,"loc":{"start":{"line":134,"column":4},"end":{"line":138,"column":5}}},"7":{"name":"sqrt","line":150,"loc":{"start":{"line":150,"column":4},"end":{"line":150,"column":54}}}},"statementMap":{"1":{"start":{"line":24,"column":8},"end":{"line":24,"column":23}},"2":{"start":{"line":25,"column":8},"end":{"line":25,"column":19}},"3":{"start":{"line":54,"column":8},"end":{"line":54,"column":74}},"4":{"start":{"line":55,"column":8},"end":{"line":55,"column":94}},"5":{"start":{"line":58,"column":8},"end":{"line":58,"column":43}},"6":{"start":{"line":61,"column":8},"end":{"line":61,"column":62}},"7":{"start":{"line":68,"column":8},"end":{"line":68,"column":56}},"8":{"start":{"line":87,"column":8},"end":{"line":87,"column":73}},"9":{"start":{"line":91,"column":8},"end":{"line":91,"column":37}},"10":{"start":{"line":92,"column":8},"end":{"line":92,"column":3656}},"11":{"start":{"line":92,"column":29},"end":{"line":92,"column":84}},"12":{"start":{"line":93,"column":13},"end":{"line":93,"column":66}},"13":{"start":{"line":121,"column":8},"end":{"line":121,"column":37}},"14":{"start":{"line":123,"column":8},"end":{"line":123,"column":58}},"15":{"start":{"line":125,"column":8},"end":{"line":125,"column":5125}},"16":{"start":{"line":129,"column":8},"end":{"line":129,"column":58}},"17":{"start":{"line":131,"column":8},"end":{"line":131,"column":69}},"18":{"start":{"line":139,"column":8},"end":{"line":139,"column":5667}},"19":{"start":{"line":151,"column":8},"end":{"line":151,"column":6075}},"20":{"start":{"line":152,"column":12},"end":{"line":152,"column":32}},"21":{"start":{"line":153,"column":12},"end":{"line":153,"column":16}},"22":{"start":{"line":154,"column":12},"end":{"line":154,"column":6160}},"23":{"start":{"line":155,"column":16},"end":{"line":155,"column":20}},"24":{"start":{"line":156,"column":16},"end":{"line":156,"column":34}},"25":{"start":{"line":158,"column":15},"end":{"line":158,"column":6265}},"26":{"start":{"line":159,"column":12},"end":{"line":159,"column":16}}},"branchMap":{"1":{"line":87,"type":"if","locations":[{"start":{"line":87,"column":8},"end":{"line":87,"column":8}},{"start":{"line":87,"column":8},"end":{"line":87,"column":8}}]},"2":{"line":92,"type":"if","locations":[{"start":{"line":92,"column":8},"end":{"line":92,"column":8}},{"start":{"line":92,"column":8},"end":{"line":92,"column":8}}]},"3":{"line":151,"type":"if","locations":[{"start":{"line":151,"column":8},"end":{"line":151,"column":8}},{"start":{"line":151,"column":8},"end":{"line":151,"column":8}}]},"4":{"line":158,"type":"if","locations":[{"start":{"line":158,"column":15},"end":{"line":158,"column":15}},{"start":{"line":158,"column":15},"end":{"line":158,"column":15}}]}}},"contracts\\pool\\extensions\\Pool.sol":{"l":{"31":22,"32":22,"45":23,"48":23,"49":15,"51":8,"54":23,"55":21,"56":21,"63":23,"64":15,"67":15,"68":15,"70":15,"71":15,"75":25,"76":25,"77":25,"79":23,"82":23,"89":0,"91":0,"94":0,"97":0,"101":2,"103":2,"105":2,"109":10,"111":10,"114":10,"117":10,"121":24,"122":24,"123":24},"path":"C:\\Users\\alexa\\OneDrive\\Documents\\Master\\Blockchain\\primitive-contracts\\contracts\\pool\\extensions\\Pool.sol","s":{"1":22,"2":22,"3":2,"4":23,"5":23,"6":15,"7":8,"8":23,"9":21,"10":21,"11":23,"12":15,"13":15,"14":15,"15":15,"16":15,"17":25,"18":25,"19":25,"20":23,"21":23,"22":0,"23":0,"24":0,"25":0,"26":2,"27":2,"28":2,"29":10,"30":10,"31":10,"32":10,"33":24,"34":24,"35":24},"b":{"1":[15,8],"2":[21,2],"3":[15,8],"4":[15,0],"5":[23,2]},"f":{"1":22,"2":2,"3":23,"4":23,"5":25,"6":0,"7":2,"8":10,"9":24},"fnMap":{"1":{"name":"constructor","line":29,"loc":{"start":{"line":29,"column":41},"end":{"line":30,"column":5}}},"2":{"name":"kill","line":35,"loc":{"start":{"line":35,"column":44},"end":{"line":35,"column":18}}},"3":{"name":"_addLiquidity","line":40,"loc":{"start":{"line":40,"column":4},"end":{"line":43,"column":5}}},"4":{"name":"_removeLiquidity","line":59,"loc":{"start":{"line":59,"column":4},"end":{"line":62,"column":5}}},"5":{"name":"_write","line":74,"loc":{"start":{"line":74,"column":4},"end":{"line":74,"column":67}}},"6":{"name":"_exercise","line":85,"loc":{"start":{"line":85,"column":4},"end":{"line":88,"column":5}}},"7":{"name":"_redeem","line":100,"loc":{"start":{"line":100,"column":4},"end":{"line":100,"column":85}}},"8":{"name":"_close","line":108,"loc":{"start":{"line":108,"column":4},"end":{"line":108,"column":82}}},"9":{"name":"balances","line":120,"loc":{"start":{"line":120,"column":4},"end":{"line":120,"column":81}}}},"statementMap":{"1":{"start":{"line":31,"column":8},"end":{"line":31,"column":23}},"2":{"start":{"line":32,"column":8},"end":{"line":32,"column":25}},"3":{"start":{"line":35,"column":63},"end":{"line":35,"column":94}},"4":{"start":{"line":45,"column":8},"end":{"line":45,"column":41}},"5":{"start":{"line":48,"column":8},"end":{"line":48,"column":1566}},"6":{"start":{"line":49,"column":12},"end":{"line":49,"column":34}},"7":{"start":{"line":51,"column":12},"end":{"line":51,"column":69}},"8":{"start":{"line":54,"column":8},"end":{"line":54,"column":93}},"9":{"start":{"line":55,"column":8},"end":{"line":55,"column":30}},"10":{"start":{"line":56,"column":8},"end":{"line":56,"column":48}},"11":{"start":{"line":63,"column":8},"end":{"line":63,"column":79}},"12":{"start":{"line":64,"column":8},"end":{"line":64,"column":41}},"13":{"start":{"line":67,"column":8},"end":{"line":67,"column":65}},"14":{"start":{"line":68,"column":8},"end":{"line":68,"column":47}},"15":{"start":{"line":70,"column":8},"end":{"line":70,"column":29}},"16":{"start":{"line":71,"column":8},"end":{"line":71,"column":49}},"17":{"start":{"line":75,"column":8},"end":{"line":75,"column":32}},"18":{"start":{"line":76,"column":8},"end":{"line":76,"column":50}},"19":{"start":{"line":77,"column":8},"end":{"line":77,"column":90}},"20":{"start":{"line":79,"column":8},"end":{"line":79,"column":50}},"21":{"start":{"line":82,"column":8},"end":{"line":82,"column":59}},"22":{"start":{"line":89,"column":8},"end":{"line":89,"column":32}},"23":{"start":{"line":91,"column":8},"end":{"line":91,"column":69}},"24":{"start":{"line":94,"column":8},"end":{"line":94,"column":66}},"25":{"start":{"line":97,"column":8},"end":{"line":97,"column":82}},"26":{"start":{"line":101,"column":8},"end":{"line":101,"column":32}},"27":{"start":{"line":103,"column":8},"end":{"line":103,"column":69}},"28":{"start":{"line":105,"column":8},"end":{"line":105,"column":51}},"29":{"start":{"line":109,"column":8},"end":{"line":109,"column":32}},"30":{"start":{"line":111,"column":8},"end":{"line":111,"column":69}},"31":{"start":{"line":114,"column":8},"end":{"line":114,"column":66}},"32":{"start":{"line":117,"column":8},"end":{"line":117,"column":60}},"33":{"start":{"line":121,"column":8},"end":{"line":121,"column":72}},"34":{"start":{"line":122,"column":8},"end":{"line":122,"column":57}},"35":{"start":{"line":123,"column":8},"end":{"line":123,"column":57}}},"branchMap":{"1":{"line":48,"type":"if","locations":[{"start":{"line":48,"column":8},"end":{"line":48,"column":8}},{"start":{"line":48,"column":8},"end":{"line":48,"column":8}}]},"2":{"line":54,"type":"if","locations":[{"start":{"line":54,"column":8},"end":{"line":54,"column":8}},{"start":{"line":54,"column":8},"end":{"line":54,"column":8}}]},"3":{"line":63,"type":"if","locations":[{"start":{"line":63,"column":8},"end":{"line":63,"column":8}},{"start":{"line":63,"column":8},"end":{"line":63,"column":8}}]},"4":{"line":68,"type":"if","locations":[{"start":{"line":68,"column":8},"end":{"line":68,"column":8}},{"start":{"line":68,"column":8},"end":{"line":68,"column":8}}]},"5":{"line":77,"type":"if","locations":[{"start":{"line":77,"column":8},"end":{"line":77,"column":8}},{"start":{"line":77,"column":8},"end":{"line":77,"column":8}}]}}},"contracts\\pool\\interfaces\\IAggregator.sol":{"l":{},"path":"C:\\Users\\alexa\\OneDrive\\Documents\\Master\\Blockchain\\primitive-contracts\\contracts\\pool\\interfaces\\IAggregator.sol","s":{},"b":{},"f":{},"fnMap":{},"statementMap":{},"branchMap":{}},"contracts\\pool\\interfaces\\ICToken.sol":{"l":{},"path":"C:\\Users\\alexa\\OneDrive\\Documents\\Master\\Blockchain\\primitive-contracts\\contracts\\pool\\interfaces\\ICToken.sol","s":{},"b":{},"f":{},"fnMap":{},"statementMap":{},"branchMap":{}},"contracts\\pool\\interfaces\\IOracle.sol":{"l":{},"path":"C:\\Users\\alexa\\OneDrive\\Documents\\Master\\Blockchain\\primitive-contracts\\contracts\\pool\\interfaces\\IOracle.sol","s":{},"b":{},"f":{},"fnMap":{},"statementMap":{},"branchMap":{}},"contracts\\pool\\interfaces\\IPool.sol":{"l":{},"path":"C:\\Users\\alexa\\OneDrive\\Documents\\Master\\Blockchain\\primitive-contracts\\contracts\\pool\\interfaces\\IPool.sol","s":{},"b":{},"f":{},"fnMap":{},"statementMap":{},"branchMap":{}},"contracts\\pool\\interfaces\\IUniswapV2Factory.sol":{"l":{},"path":"C:\\Users\\alexa\\OneDrive\\Documents\\Master\\Blockchain\\primitive-contracts\\contracts\\pool\\interfaces\\IUniswapV2Factory.sol","s":{},"b":{},"f":{},"fnMap":{},"statementMap":{},"branchMap":{}},"contracts\\pool\\interfaces\\IUniswapV2Pair.sol":{"l":{},"path":"C:\\Users\\alexa\\OneDrive\\Documents\\Master\\Blockchain\\primitive-contracts\\contracts\\pool\\interfaces\\IUniswapV2Pair.sol","s":{},"b":{},"f":{},"fnMap":{},"statementMap":{},"branchMap":{}},"contracts\\pool\\interfaces\\IUniswapV2Router01.sol":{"l":{},"path":"C:\\Users\\alexa\\OneDrive\\Documents\\Master\\Blockchain\\primitive-contracts\\contracts\\pool\\interfaces\\IUniswapV2Router01.sol","s":{},"b":{},"f":{},"fnMap":{},"statementMap":{},"branchMap":{}},"contracts\\pool\\interfaces\\IWETH.sol":{"l":{},"path":"C:\\Users\\alexa\\OneDrive\\Documents\\Master\\Blockchain\\primitive-contracts\\contracts\\pool\\interfaces\\IWETH.sol","s":{},"b":{},"f":{},"fnMap":{},"statementMap":{},"branchMap":{}}}