{
"contracts\\Instruments.sol":{"l":{},"path":"C:\\Users\\alexa\\OneDrive\\Documents\\Master\\Blockchain\\primitive-contracts\\contracts\\Instruments.sol","s":{},"b":{},"f":{},"fnMap":{},"statementMap":{},"branchMap":{}},
"contracts\\PrimeInterface.sol":{"l":{},"path":"C:\\Users\\alexa\\OneDrive\\Documents\\Master\\Blockchain\\primitive-contracts\\contracts\\PrimeInterface.sol","s":{},"b":{},"f":{},"fnMap":{},"statementMap":{},"branchMap":{}},
"contracts\\PrimeOption.sol":{"l":{"48":41,"49":39,"50":39,"51":39,"61":98,"62":94,"67":41,"68":39,"69":39,"73":4,"74":2,"75":1,"77":1,"85":1,"86":1,"87":1,"91":4,"92":4,"93":4,"104":3,"116":3,"121":3,"125":3,"129":3,"133":3,"142":119,"143":119,"144":119,"145":119,"169":66,"172":66,"175":66,"178":62,"181":62,"182":62,"185":62,"186":62,"208":24,"209":24,"212":24,"213":24,"214":24,"217":24,"223":24,"226":24,"228":24,"229":22,"236":20,"239":20,"245":18,"246":18,"249":18,"250":18,"264":24,"265":24,"268":24,"269":24,"272":24,"273":24,"274":22,"277":20,"284":18,"285":18,"288":18,"289":18,"309":30,"310":30,"313":30,"314":30,"315":30,"318":30,"325":30,"332":30,"334":30,"335":22,"338":20,"339":16,"350":20,"357":18,"358":18,"361":18,"362":18,"370":102,"374":176,"378":44,"381":43,"385":25,"397":79,"398":79,"399":79,"400":79,"401":79,"402":79,"403":79,"410":2,"411":2,"424":22},"path":"C:\\Users\\alexa\\OneDrive\\Documents\\Master\\Blockchain\\primitive-contracts\\contracts\\PrimeOption.sol","s":{"1":41,"2":39,"3":39,"4":39,"5":98,"6":41,"7":39,"8":39,"9":4,"10":2,"11":1,"12":1,"13":1,"14":1,"15":1,"16":4,"17":4,"18":4,"19":3,"20":3,"21":3,"22":3,"23":3,"24":3,"25":119,"26":119,"27":119,"28":119,"29":66,"30":66,"31":66,"32":62,"33":62,"34":62,"35":62,"36":62,"37":24,"38":24,"39":24,"40":24,"41":24,"42":24,"43":24,"44":24,"45":24,"46":22,"47":20,"48":20,"49":18,"50":18,"51":18,"52":18,"53":24,"54":24,"55":24,"56":24,"57":24,"58":24,"59":22,"60":20,"61":18,"62":18,"63":18,"64":18,"65":30,"66":30,"67":30,"68":30,"69":30,"70":30,"71":30,"72":30,"73":30,"74":22,"75":20,"76":16,"77":20,"78":18,"79":18,"80":18,"81":18,"82":102,"83":176,"84":44,"85":43,"86":25,"87":79,"88":79,"89":79,"90":79,"91":79,"92":79,"93":79,"94":2,"95":2,"96":22},"b":{"1":[39,2],"2":[94,4],"3":[39,2],"4":[2,2],"5":[1,1],"6":[62,4],"7":[22,2],"8":[20,2],"9":[18,2],"10":[22,2],"11":[18,2],"12":[22,8],"13":[20,2],"14":[16,4],"15":[18,2]},"f":{"1":41,"2":98,"3":41,"4":4,"5":1,"6":4,"7":3,"8":3,"9":119,"10":66,"11":24,"12":24,"13":30,"14":102,"15":176,"16":44,"17":43,"18":25,"19":79,"20":2,"21":22},"fnMap":{"1":{"name":"constructor","line":46,"loc":{"start":{"line":46,"column":26},"end":{"line":47,"column":5}}},"2":{"name":"notExpired","line":60,"loc":{"start":{"line":60,"column":4},"end":{"line":60,"column":21}}},"3":{"name":"initTokenR","line":66,"loc":{"start":{"line":66,"column":4},"end":{"line":66,"column":60}}},"4":{"name":"kill","line":72,"loc":{"start":{"line":72,"column":4},"end":{"line":72,"column":24}}},"5":{"name":"getCaches","line":84,"loc":{"start":{"line":84,"column":4},"end":{"line":84,"column":94}}},"6":{"name":"getTokens","line":90,"loc":{"start":{"line":90,"column":4},"end":{"line":90,"column":94}}},"7":{"name":"update","line":103,"loc":{"start":{"line":103,"column":42},"end":{"line":103,"column":3}}},"8":{"name":"take","line":115,"loc":{"start":{"line":115,"column":40},"end":{"line":115,"column":3}}},"9":{"name":"_fund","line":141,"loc":{"start":{"line":141,"column":4},"end":{"line":141,"column":78}}},"10":{"name":"mint","line":165,"loc":{"start":{"line":165,"column":20},"end":{"line":167,"column":5}}},"11":{"name":"swap","line":204,"loc":{"start":{"line":204,"column":20},"end":{"line":206,"column":5}}},"12":{"name":"redeem","line":263,"loc":{"start":{"line":263,"column":58},"end":{"line":263,"column":30}}},"13":{"name":"close","line":305,"loc":{"start":{"line":305,"column":19},"end":{"line":307,"column":5}}},"14":{"name":"tokenS","line":369,"loc":{"start":{"line":369,"column":4},"end":{"line":369,"column":49}}},"15":{"name":"tokenU","line":373,"loc":{"start":{"line":373,"column":4},"end":{"line":373,"column":49}}},"16":{"name":"base","line":377,"loc":{"start":{"line":377,"column":4},"end":{"line":377,"column":47}}},"17":{"name":"price","line":380,"loc":{"start":{"line":380,"column":4},"end":{"line":380,"column":48}}},"18":{"name":"expiry","line":384,"loc":{"start":{"line":384,"column":4},"end":{"line":384,"column":49}}},"19":{"name":"prime","line":388,"loc":{"start":{"line":388,"column":4},"end":{"line":396,"column":5}}},"20":{"name":"maxDraw","line":409,"loc":{"start":{"line":409,"column":4},"end":{"line":409,"column":55}}},"21":{"name":"verifyBalance","line":419,"loc":{"start":{"line":419,"column":4},"end":{"line":423,"column":21}}}},"statementMap":{"1":{"start":{"line":48,"column":8},"end":{"line":48,"column":80}},"2":{"start":{"line":49,"column":8},"end":{"line":49,"column":27}},"3":{"start":{"line":50,"column":8},"end":{"line":50,"column":27}},"4":{"start":{"line":51,"column":8},"end":{"line":51,"column":1449}},"5":{"start":{"line":61,"column":8},"end":{"line":61,"column":63}},"6":{"start":{"line":67,"column":8},"end":{"line":67,"column":54}},"7":{"start":{"line":68,"column":8},"end":{"line":68,"column":23}},"8":{"start":{"line":69,"column":8},"end":{"line":69,"column":19}},"9":{"start":{"line":73,"column":8},"end":{"line":73,"column":54}},"10":{"start":{"line":74,"column":8},"end":{"line":74,"column":2022}},"11":{"start":{"line":75,"column":12},"end":{"line":75,"column":21}},"12":{"start":{"line":77,"column":12},"end":{"line":77,"column":19}},"13":{"start":{"line":85,"column":8},"end":{"line":85,"column":23}},"14":{"start":{"line":86,"column":8},"end":{"line":86,"column":23}},"15":{"start":{"line":87,"column":8},"end":{"line":87,"column":23}},"16":{"start":{"line":91,"column":8},"end":{"line":91,"column":30}},"17":{"start":{"line":92,"column":8},"end":{"line":92,"column":30}},"18":{"start":{"line":93,"column":8},"end":{"line":93,"column":23}},"19":{"start":{"line":104,"column":8},"end":{"line":104,"column":2766}},"20":{"start":{"line":116,"column":8},"end":{"line":116,"column":3181}},"21":{"start":{"line":121,"column":8},"end":{"line":121,"column":3287}},"22":{"start":{"line":125,"column":8},"end":{"line":125,"column":3425}},"23":{"start":{"line":129,"column":8},"end":{"line":129,"column":3563}},"24":{"start":{"line":133,"column":8},"end":{"line":133,"column":3701}},"25":{"start":{"line":142,"column":8},"end":{"line":142,"column":24}},"26":{"start":{"line":143,"column":8},"end":{"line":143,"column":24}},"27":{"start":{"line":144,"column":8},"end":{"line":144,"column":24}},"28":{"start":{"line":145,"column":8},"end":{"line":145,"column":47}},"29":{"start":{"line":169,"column":8},"end":{"line":169,"column":73}},"30":{"start":{"line":172,"column":8},"end":{"line":172,"column":38}},"31":{"start":{"line":175,"column":8},"end":{"line":175,"column":58}},"32":{"start":{"line":178,"column":8},"end":{"line":178,"column":62}},"33":{"start":{"line":181,"column":8},"end":{"line":181,"column":53}},"34":{"start":{"line":182,"column":8},"end":{"line":182,"column":32}},"35":{"start":{"line":185,"column":8},"end":{"line":185,"column":38}},"36":{"start":{"line":186,"column":8},"end":{"line":186,"column":48}},"37":{"start":{"line":208,"column":8},"end":{"line":208,"column":39}},"38":{"start":{"line":209,"column":8},"end":{"line":209,"column":39}},"39":{"start":{"line":212,"column":8},"end":{"line":212,"column":67}},"40":{"start":{"line":213,"column":8},"end":{"line":213,"column":67}},"41":{"start":{"line":214,"column":8},"end":{"line":214,"column":51}},"42":{"start":{"line":217,"column":8},"end":{"line":217,"column":38}},"43":{"start":{"line":223,"column":8},"end":{"line":223,"column":26}},"44":{"start":{"line":226,"column":8},"end":{"line":226,"column":62}},"45":{"start":{"line":228,"column":8},"end":{"line":228,"column":56}},"46":{"start":{"line":229,"column":8},"end":{"line":229,"column":7224}},"47":{"start":{"line":236,"column":8},"end":{"line":236,"column":37}},"48":{"start":{"line":239,"column":8},"end":{"line":239,"column":7514}},"49":{"start":{"line":245,"column":8},"end":{"line":245,"column":58}},"50":{"start":{"line":246,"column":8},"end":{"line":246,"column":58}},"51":{"start":{"line":249,"column":8},"end":{"line":249,"column":40}},"52":{"start":{"line":250,"column":8},"end":{"line":250,"column":48}},"53":{"start":{"line":264,"column":8},"end":{"line":264,"column":39}},"54":{"start":{"line":265,"column":8},"end":{"line":265,"column":32}},"55":{"start":{"line":268,"column":8},"end":{"line":268,"column":67}},"56":{"start":{"line":269,"column":8},"end":{"line":269,"column":67}},"57":{"start":{"line":272,"column":8},"end":{"line":272,"column":38}},"58":{"start":{"line":273,"column":8},"end":{"line":273,"column":40}},"59":{"start":{"line":274,"column":8},"end":{"line":274,"column":58}},"60":{"start":{"line":277,"column":8},"end":{"line":277,"column":9074}},"61":{"start":{"line":284,"column":8},"end":{"line":284,"column":58}},"62":{"start":{"line":285,"column":8},"end":{"line":285,"column":58}},"63":{"start":{"line":288,"column":8},"end":{"line":288,"column":40}},"64":{"start":{"line":289,"column":8},"end":{"line":289,"column":39}},"65":{"start":{"line":309,"column":8},"end":{"line":309,"column":39}},"66":{"start":{"line":310,"column":8},"end":{"line":310,"column":32}},"67":{"start":{"line":313,"column":8},"end":{"line":313,"column":67}},"68":{"start":{"line":314,"column":8},"end":{"line":314,"column":73}},"69":{"start":{"line":315,"column":8},"end":{"line":315,"column":51}},"70":{"start":{"line":318,"column":8},"end":{"line":318,"column":38}},"71":{"start":{"line":325,"column":8},"end":{"line":325,"column":62}},"72":{"start":{"line":332,"column":8},"end":{"line":332,"column":72}},"73":{"start":{"line":334,"column":8},"end":{"line":334,"column":56}},"74":{"start":{"line":335,"column":8},"end":{"line":335,"column":84}},"75":{"start":{"line":338,"column":8},"end":{"line":338,"column":11810}},"76":{"start":{"line":339,"column":12},"end":{"line":339,"column":41}},"77":{"start":{"line":350,"column":8},"end":{"line":350,"column":12431}},"78":{"start":{"line":357,"column":8},"end":{"line":357,"column":58}},"79":{"start":{"line":358,"column":8},"end":{"line":358,"column":64}},"80":{"start":{"line":361,"column":8},"end":{"line":361,"column":40}},"81":{"start":{"line":362,"column":8},"end":{"line":362,"column":39}},"82":{"start":{"line":370,"column":8},"end":{"line":370,"column":28}},"83":{"start":{"line":374,"column":8},"end":{"line":374,"column":28}},"84":{"start":{"line":378,"column":8},"end":{"line":378,"column":26}},"85":{"start":{"line":381,"column":8},"end":{"line":381,"column":27}},"86":{"start":{"line":385,"column":8},"end":{"line":385,"column":28}},"87":{"start":{"line":397,"column":8},"end":{"line":397,"column":54}},"88":{"start":{"line":398,"column":8},"end":{"line":398,"column":30}},"89":{"start":{"line":399,"column":8},"end":{"line":399,"column":30}},"90":{"start":{"line":400,"column":8},"end":{"line":400,"column":23}},"91":{"start":{"line":401,"column":8},"end":{"line":401,"column":26}},"92":{"start":{"line":402,"column":8},"end":{"line":402,"column":28}},"93":{"start":{"line":403,"column":8},"end":{"line":403,"column":30}},"94":{"start":{"line":410,"column":8},"end":{"line":410,"column":69}},"95":{"start":{"line":411,"column":8},"end":{"line":411,"column":14150}},"96":{"start":{"line":424,"column":8},"end":{"line":424,"column":14488}}},"branchMap":{"1":{"line":48,"type":"if","locations":[{"start":{"line":48,"column":8},"end":{"line":48,"column":8}},{"start":{"line":48,"column":8},"end":{"line":48,"column":8}}]},"2":{"line":61,"type":"if","locations":[{"start":{"line":61,"column":8},"end":{"line":61,"column":8}},{"start":{"line":61,"column":8},"end":{"line":61,"column":8}}]},"3":{"line":67,"type":"if","locations":[{"start":{"line":67,"column":8},"end":{"line":67,"column":8}},{"start":{"line":67,"column":8},"end":{"line":67,"column":8}}]},"4":{"line":73,"type":"if","locations":[{"start":{"line":73,"column":8},"end":{"line":73,"column":8}},{"start":{"line":73,"column":8},"end":{"line":73,"column":8}}]},"5":{"line":74,"type":"if","locations":[{"start":{"line":74,"column":8},"end":{"line":74,"column":8}},{"start":{"line":74,"column":8},"end":{"line":74,"column":8}}]},"6":{"line":175,"type":"if","locations":[{"start":{"line":175,"column":8},"end":{"line":175,"column":8}},{"start":{"line":175,"column":8},"end":{"line":175,"column":8}}]},"7":{"line":228,"type":"if","locations":[{"start":{"line":228,"column":8},"end":{"line":228,"column":8}},{"start":{"line":228,"column":8},"end":{"line":228,"column":8}}]},"8":{"line":229,"type":"if","locations":[{"start":{"line":229,"column":8},"end":{"line":229,"column":8}},{"start":{"line":229,"column":8},"end":{"line":229,"column":8}}]},"9":{"line":239,"type":"if","locations":[{"start":{"line":239,"column":8},"end":{"line":239,"column":8}},{"start":{"line":239,"column":8},"end":{"line":239,"column":8}}]},"10":{"line":273,"type":"if","locations":[{"start":{"line":273,"column":8},"end":{"line":273,"column":8}},{"start":{"line":273,"column":8},"end":{"line":273,"column":8}}]},"11":{"line":277,"type":"if","locations":[{"start":{"line":277,"column":8},"end":{"line":277,"column":8}},{"start":{"line":277,"column":8},"end":{"line":277,"column":8}}]},"12":{"line":334,"type":"if","locations":[{"start":{"line":334,"column":8},"end":{"line":334,"column":8}},{"start":{"line":334,"column":8},"end":{"line":334,"column":8}}]},"13":{"line":335,"type":"if","locations":[{"start":{"line":335,"column":8},"end":{"line":335,"column":8}},{"start":{"line":335,"column":8},"end":{"line":335,"column":8}}]},"14":{"line":338,"type":"if","locations":[{"start":{"line":338,"column":8},"end":{"line":338,"column":8}},{"start":{"line":338,"column":8},"end":{"line":338,"column":8}}]},"15":{"line":350,"type":"if","locations":[{"start":{"line":350,"column":8},"end":{"line":350,"column":8}},{"start":{"line":350,"column":8},"end":{"line":350,"column":8}}]}}},
"contracts\\PrimeOracle.sol":{"l":{"34":4,"35":4,"42":4,"70":37,"71":32,"74":32,"77":32,"86":289,"87":289,"89":279,"107":75,"108":75,"110":34,"112":34,"115":41,"118":70,"120":70,"122":70,"149":66,"150":66,"152":32,"154":32,"157":34,"161":66,"163":66,"166":66,"168":66,"174":66,"178":32,"186":66,"187":66,"188":66,"189":66,"190":981,"191":981,"194":0},"path":"C:\\Users\\alexa\\OneDrive\\Documents\\Master\\Blockchain\\primitive-contracts\\contracts\\PrimeOracle.sol","s":{"1":4,"2":4,"3":4,"4":37,"5":32,"6":32,"7":32,"8":289,"9":289,"10":279,"11":75,"12":75,"13":34,"14":34,"15":41,"16":70,"17":70,"18":70,"19":66,"20":66,"21":32,"22":32,"23":34,"24":66,"25":66,"26":66,"27":66,"28":66,"29":32,"30":66,"31":66,"32":66,"33":66,"34":981,"35":981,"36":0,"37":0},"b":{"1":[279,10],"2":[34,41],"3":[32,34],"4":[32,34],"5":[66,0],"6":[0,0]},"f":{"1":4,"2":4,"3":37,"4":289,"5":75,"6":66,"7":66},"fnMap":{"1":{"name":"constructor","line":33,"loc":{"start":{"line":33,"column":4},"end":{"line":33,"column":37}}},"2":{"name":"addFeed","line":41,"loc":{"start":{"line":41,"column":4},"end":{"line":41,"column":39}}},"3":{"name":"calculatePremium","line":57,"loc":{"start":{"line":57,"column":4},"end":{"line":68,"column":5}}},"4":{"name":"marketPrice","line":84,"loc":{"start":{"line":84,"column":4},"end":{"line":84,"column":74}}},"5":{"name":"calculateIntrinsic","line":101,"loc":{"start":{"line":101,"column":4},"end":{"line":105,"column":5}}},"6":{"name":"calculateExtrinsic","line":136,"loc":{"start":{"line":136,"column":4},"end":{"line":147,"column":5}}},"7":{"name":"sqrt","line":185,"loc":{"start":{"line":185,"column":4},"end":{"line":185,"column":59}}}},"statementMap":{"1":{"start":{"line":34,"column":8},"end":{"line":34,"column":23}},"2":{"start":{"line":35,"column":8},"end":{"line":35,"column":36}},"3":{"start":{"line":42,"column":8},"end":{"line":42,"column":25}},"4":{"start":{"line":70,"column":8},"end":{"line":70,"column":77}},"5":{"start":{"line":71,"column":8},"end":{"line":71,"column":97}},"6":{"start":{"line":74,"column":8},"end":{"line":74,"column":43}},"7":{"start":{"line":77,"column":8},"end":{"line":77,"column":52}},"8":{"start":{"line":86,"column":8},"end":{"line":86,"column":35}},"9":{"start":{"line":87,"column":8},"end":{"line":87,"column":54}},"10":{"start":{"line":89,"column":8},"end":{"line":89,"column":65}},"11":{"start":{"line":107,"column":8},"end":{"line":107,"column":22}},"12":{"start":{"line":108,"column":8},"end":{"line":108,"column":4320}},"13":{"start":{"line":110,"column":12},"end":{"line":110,"column":41}},"14":{"start":{"line":112,"column":12},"end":{"line":112,"column":40}},"15":{"start":{"line":115,"column":12},"end":{"line":115,"column":41}},"16":{"start":{"line":118,"column":8},"end":{"line":118,"column":55}},"17":{"start":{"line":120,"column":8},"end":{"line":120,"column":59}},"18":{"start":{"line":122,"column":8},"end":{"line":122,"column":50}},"19":{"start":{"line":149,"column":8},"end":{"line":149,"column":22}},"20":{"start":{"line":150,"column":8},"end":{"line":150,"column":6199}},"21":{"start":{"line":152,"column":12},"end":{"line":152,"column":41}},"22":{"start":{"line":154,"column":12},"end":{"line":154,"column":40}},"23":{"start":{"line":157,"column":12},"end":{"line":157,"column":41}},"24":{"start":{"line":161,"column":8},"end":{"line":161,"column":61}},"25":{"start":{"line":163,"column":8},"end":{"line":163,"column":55}},"26":{"start":{"line":166,"column":8},"end":{"line":166,"column":61}},"27":{"start":{"line":168,"column":8},"end":{"line":168,"column":7116}},"28":{"start":{"line":174,"column":8},"end":{"line":174,"column":7348}},"29":{"start":{"line":178,"column":12},"end":{"line":178,"column":54}},"30":{"start":{"line":186,"column":8},"end":{"line":186,"column":7822}},"31":{"start":{"line":187,"column":12},"end":{"line":187,"column":35}},"32":{"start":{"line":188,"column":12},"end":{"line":188,"column":16}},"33":{"start":{"line":189,"column":12},"end":{"line":189,"column":7907}},"34":{"start":{"line":190,"column":16},"end":{"line":190,"column":20}},"35":{"start":{"line":191,"column":16},"end":{"line":191,"column":34}},"36":{"start":{"line":193,"column":15},"end":{"line":193,"column":8008}},"37":{"start":{"line":194,"column":12},"end":{"line":194,"column":16}}},"branchMap":{"1":{"line":87,"type":"if","locations":[{"start":{"line":87,"column":8},"end":{"line":87,"column":8}},{"start":{"line":87,"column":8},"end":{"line":87,"column":8}}]},"2":{"line":108,"type":"if","locations":[{"start":{"line":108,"column":8},"end":{"line":108,"column":8}},{"start":{"line":108,"column":8},"end":{"line":108,"column":8}}]},"3":{"line":150,"type":"if","locations":[{"start":{"line":150,"column":8},"end":{"line":150,"column":8}},{"start":{"line":150,"column":8},"end":{"line":150,"column":8}}]},"4":{"line":174,"type":"if","locations":[{"start":{"line":174,"column":8},"end":{"line":174,"column":8}},{"start":{"line":174,"column":8},"end":{"line":174,"column":8}}]},"5":{"line":186,"type":"if","locations":[{"start":{"line":186,"column":8},"end":{"line":186,"column":8}},{"start":{"line":186,"column":8},"end":{"line":186,"column":8}}]},"6":{"line":193,"type":"if","locations":[{"start":{"line":193,"column":15},"end":{"line":193,"column":15}},{"start":{"line":193,"column":15},"end":{"line":193,"column":15}}]}}},
"contracts\\PrimePool.sol":{"l":{"77":2,"78":2,"79":2,"80":2,"81":2,"85":2,"86":1,"88":1,"90":2,"109":7,"110":7,"113":7,"120":3,"123":1,"139":3,"140":3,"141":3,"147":1,"150":1,"153":1,"154":1,"165":4,"166":4,"170":2,"171":1,"173":1,"174":1,"176":2,"177":2,"196":12,"203":4,"206":4,"209":4,"212":4,"217":4,"218":4,"219":4,"221":4,"224":4,"225":4,"228":0,"229":0,"232":0,"233":0,"248":0,"251":0,"254":0,"257":0,"260":0,"274":0,"275":0,"278":0,"281":0,"282":0,"297":0,"298":0,"299":0,"302":0,"304":0,"306":0,"308":0,"310":0,"311":0,"312":0,"314":0,"316":0,"320":0,"324":0,"326":0,"327":0,"329":0,"331":0,"336":0,"347":4,"348":4,"349":0,"351":0,"375":6,"376":6,"389":6,"395":6,"396":4,"402":4,"405":2,"416":0,"417":0,"420":0,"426":0,"427":0,"428":0,"429":0,"430":0,"446":4,"447":4,"457":4,"464":0,"474":0,"478":0,"481":0,"484":0,"487":0,"490":0,"494":0,"497":0,"498":0,"510":13,"511":12,"512":12,"513":12,"514":12,"536":68,"537":68,"538":64,"546":56,"556":41,"565":68,"566":68,"567":68,"574":0,"575":0,"576":0},"path":"C:\\Users\\alexa\\OneDrive\\Documents\\Master\\Blockchain\\primitive-contracts\\contracts\\PrimePool.sol","s":{"1":2,"2":2,"3":2,"4":2,"5":2,"6":2,"7":1,"8":1,"9":2,"10":7,"11":7,"12":7,"13":3,"14":1,"15":3,"16":3,"17":3,"18":1,"19":1,"20":1,"21":1,"22":4,"23":4,"24":2,"25":1,"26":1,"27":1,"28":2,"29":2,"30":12,"31":4,"32":4,"33":4,"34":4,"35":4,"36":4,"37":4,"38":4,"39":4,"40":4,"41":0,"42":0,"43":0,"44":0,"45":0,"46":0,"47":0,"48":0,"49":0,"50":0,"51":0,"52":0,"53":0,"54":0,"55":0,"56":0,"57":0,"58":0,"59":0,"60":0,"61":0,"62":0,"63":0,"64":0,"65":0,"66":0,"67":0,"68":0,"69":0,"70":0,"71":0,"72":0,"73":0,"74":4,"75":4,"76":0,"77":0,"78":6,"79":6,"80":6,"81":6,"82":4,"83":4,"84":2,"85":0,"86":0,"87":0,"88":0,"89":0,"90":0,"91":0,"92":0,"93":4,"94":4,"95":4,"96":0,"97":0,"98":0,"99":0,"100":0,"101":0,"102":0,"103":0,"104":0,"105":0,"106":13,"107":12,"108":12,"109":11,"110":12,"111":12,"112":0,"113":68,"114":68,"115":64,"116":56,"117":41,"118":68,"119":68,"120":68,"121":0,"122":0,"123":0},"b":{"1":[1,1],"2":[3,4],"3":[1,2],"4":[1,0],"5":[1,1],"6":[1,0],"7":[4,8],"8":[4,0],"9":[4,0],"10":[0,0],"11":[0,0],"12":[0,0],"13":[0,0],"14":[0,0],"15":[0,0],"16":[4,0],"17":[4,2],"18":[0,0],"19":[0,0],"20":[0,0],"21":[0,4],"22":[0,0],"23":[11,1],"24":[12,0],"25":[0,0]},"f":{"1":2,"2":2,"3":7,"4":3,"5":4,"6":12,"7":0,"8":0,"9":0,"10":4,"11":6,"12":4,"13":13,"14":68,"15":56,"16":41,"17":68,"18":0},"fnMap":{"1":{"name":"constructor","line":75,"loc":{"start":{"line":75,"column":26},"end":{"line":76,"column":5}}},"2":{"name":"kill","line":84,"loc":{"start":{"line":84,"column":35},"end":{"line":84,"column":18}}},"3":{"name":"deposit","line":105,"loc":{"start":{"line":105,"column":19},"end":{"line":107,"column":5}}},"4":{"name":"depositEth","line":135,"loc":{"start":{"line":135,"column":19},"end":{"line":137,"column":5}}},"5":{"name":"_addLiquidity","line":160,"loc":{"start":{"line":160,"column":4},"end":{"line":163,"column":5}}},"6":{"name":"withdraw","line":192,"loc":{"start":{"line":192,"column":19},"end":{"line":194,"column":5}}},"7":{"name":"_removeLiquidity","line":243,"loc":{"start":{"line":243,"column":4},"end":{"line":246,"column":5}}},"8":{"name":"_redeem","line":269,"loc":{"start":{"line":269,"column":4},"end":{"line":272,"column":5}}},"9":{"name":"_exchange","line":292,"loc":{"start":{"line":292,"column":4},"end":{"line":295,"column":5}}},"10":{"name":"_withdraw","line":346,"loc":{"start":{"line":346,"column":4},"end":{"line":346,"column":86}}},"11":{"name":"buy","line":371,"loc":{"start":{"line":371,"column":19},"end":{"line":373,"column":5}}},"12":{"name":"sell","line":442,"loc":{"start":{"line":442,"column":19},"end":{"line":444,"column":5}}},"13":{"name":"calculateVolatilityProxy","line":505,"loc":{"start":{"line":505,"column":4},"end":{"line":509,"column":5}}},"14":{"name":"totalUtilized","line":522,"loc":{"start":{"line":522,"column":4},"end":{"line":526,"column":5}}},"15":{"name":"totalUnutilized","line":544,"loc":{"start":{"line":544,"column":4},"end":{"line":544,"column":82}}},"16":{"name":"totalPoolBalance","line":553,"loc":{"start":{"line":553,"column":4},"end":{"line":553,"column":87}}},"17":{"name":"marketRatio","line":564,"loc":{"start":{"line":564,"column":4},"end":{"line":564,"column":80}}},"18":{"name":"sendEther","line":573,"loc":{"start":{"line":573,"column":4},"end":{"line":573,"column":71}}}},"statementMap":{"1":{"start":{"line":77,"column":8},"end":{"line":77,"column":19}},"2":{"start":{"line":78,"column":8},"end":{"line":78,"column":23}},"3":{"start":{"line":79,"column":8},"end":{"line":79,"column":23}},"4":{"start":{"line":80,"column":8},"end":{"line":80,"column":25}},"5":{"start":{"line":81,"column":8},"end":{"line":81,"column":23}},"6":{"start":{"line":85,"column":8},"end":{"line":85,"column":2948}},"7":{"start":{"line":86,"column":12},"end":{"line":86,"column":21}},"8":{"start":{"line":88,"column":12},"end":{"line":88,"column":19}},"9":{"start":{"line":90,"column":8},"end":{"line":90,"column":19}},"10":{"start":{"line":109,"column":8},"end":{"line":109,"column":32}},"11":{"start":{"line":110,"column":8},"end":{"line":110,"column":49}},"12":{"start":{"line":113,"column":8},"end":{"line":113,"column":3694}},"13":{"start":{"line":120,"column":8},"end":{"line":120,"column":68}},"14":{"start":{"line":123,"column":8},"end":{"line":123,"column":83}},"15":{"start":{"line":139,"column":8},"end":{"line":139,"column":32}},"16":{"start":{"line":140,"column":8},"end":{"line":140,"column":49}},"17":{"start":{"line":141,"column":8},"end":{"line":141,"column":4671}},"18":{"start":{"line":147,"column":8},"end":{"line":147,"column":46}},"19":{"start":{"line":150,"column":8},"end":{"line":150,"column":69}},"20":{"start":{"line":153,"column":8},"end":{"line":153,"column":43}},"21":{"start":{"line":154,"column":8},"end":{"line":154,"column":21}},"22":{"start":{"line":165,"column":8},"end":{"line":165,"column":44}},"23":{"start":{"line":166,"column":8},"end":{"line":166,"column":58}},"24":{"start":{"line":170,"column":8},"end":{"line":170,"column":5746}},"25":{"start":{"line":171,"column":12},"end":{"line":171,"column":34}},"26":{"start":{"line":173,"column":12},"end":{"line":173,"column":70}},"27":{"start":{"line":174,"column":12},"end":{"line":174,"column":58}},"28":{"start":{"line":176,"column":8},"end":{"line":176,"column":30}},"29":{"start":{"line":177,"column":8},"end":{"line":177,"column":48}},"30":{"start":{"line":196,"column":8},"end":{"line":196,"column":6766}},"31":{"start":{"line":203,"column":8},"end":{"line":203,"column":32}},"32":{"start":{"line":206,"column":8},"end":{"line":206,"column":44}},"33":{"start":{"line":209,"column":8},"end":{"line":209,"column":53}},"34":{"start":{"line":212,"column":8},"end":{"line":212,"column":58}},"35":{"start":{"line":217,"column":8},"end":{"line":217,"column":75}},"36":{"start":{"line":218,"column":8},"end":{"line":218,"column":7655}},"37":{"start":{"line":219,"column":12},"end":{"line":219,"column":55}},"38":{"start":{"line":221,"column":12},"end":{"line":221,"column":41}},"39":{"start":{"line":224,"column":12},"end":{"line":224,"column":61}},"40":{"start":{"line":225,"column":12},"end":{"line":225,"column":77}},"41":{"start":{"line":228,"column":12},"end":{"line":228,"column":76}},"42":{"start":{"line":229,"column":12},"end":{"line":229,"column":70}},"43":{"start":{"line":232,"column":12},"end":{"line":232,"column":61}},"44":{"start":{"line":233,"column":12},"end":{"line":233,"column":77}},"45":{"start":{"line":248,"column":8},"end":{"line":248,"column":37}},"46":{"start":{"line":251,"column":8},"end":{"line":251,"column":35}},"47":{"start":{"line":254,"column":8},"end":{"line":254,"column":37}},"48":{"start":{"line":257,"column":8},"end":{"line":257,"column":44}},"49":{"start":{"line":260,"column":8},"end":{"line":260,"column":49}},"50":{"start":{"line":274,"column":8},"end":{"line":274,"column":53}},"51":{"start":{"line":275,"column":8},"end":{"line":275,"column":45}},"52":{"start":{"line":278,"column":8},"end":{"line":278,"column":66}},"53":{"start":{"line":281,"column":8},"end":{"line":281,"column":56}},"54":{"start":{"line":282,"column":8},"end":{"line":282,"column":35}},"55":{"start":{"line":297,"column":8},"end":{"line":297,"column":24}},"56":{"start":{"line":298,"column":8},"end":{"line":298,"column":49}},"57":{"start":{"line":299,"column":8},"end":{"line":299,"column":49}},"58":{"start":{"line":302,"column":8},"end":{"line":302,"column":52}},"59":{"start":{"line":304,"column":8},"end":{"line":304,"column":96}},"60":{"start":{"line":306,"column":8},"end":{"line":306,"column":56}},"61":{"start":{"line":308,"column":8},"end":{"line":308,"column":52}},"62":{"start":{"line":310,"column":8},"end":{"line":310,"column":25}},"63":{"start":{"line":311,"column":8},"end":{"line":311,"column":11644}},"64":{"start":{"line":312,"column":12},"end":{"line":312,"column":74}},"65":{"start":{"line":314,"column":12},"end":{"line":314,"column":62}},"66":{"start":{"line":316,"column":12},"end":{"line":316,"column":47}},"67":{"start":{"line":320,"column":12},"end":{"line":320,"column":12275}},"68":{"start":{"line":324,"column":12},"end":{"line":324,"column":59}},"69":{"start":{"line":326,"column":12},"end":{"line":326,"column":33}},"70":{"start":{"line":327,"column":12},"end":{"line":327,"column":74}},"71":{"start":{"line":329,"column":12},"end":{"line":329,"column":72}},"72":{"start":{"line":331,"column":12},"end":{"line":331,"column":44}},"73":{"start":{"line":336,"column":12},"end":{"line":336,"column":13079}},"74":{"start":{"line":347,"column":8},"end":{"line":347,"column":13471}},"75":{"start":{"line":348,"column":12},"end":{"line":348,"column":39}},"76":{"start":{"line":349,"column":12},"end":{"line":349,"column":40}},"77":{"start":{"line":351,"column":12},"end":{"line":351,"column":53}},"78":{"start":{"line":375,"column":8},"end":{"line":375,"column":32}},"79":{"start":{"line":376,"column":8},"end":{"line":376,"column":14491}},"80":{"start":{"line":389,"column":8},"end":{"line":389,"column":57}},"81":{"start":{"line":395,"column":8},"end":{"line":395,"column":90}},"82":{"start":{"line":396,"column":8},"end":{"line":396,"column":70}},"83":{"start":{"line":402,"column":8},"end":{"line":402,"column":66}},"84":{"start":{"line":405,"column":8},"end":{"line":405,"column":15993}},"85":{"start":{"line":416,"column":8},"end":{"line":416,"column":53}},"86":{"start":{"line":417,"column":8},"end":{"line":417,"column":47}},"87":{"start":{"line":420,"column":8},"end":{"line":420,"column":53}},"88":{"start":{"line":426,"column":8},"end":{"line":426,"column":85}},"89":{"start":{"line":427,"column":8},"end":{"line":427,"column":101}},"90":{"start":{"line":428,"column":8},"end":{"line":428,"column":58}},"91":{"start":{"line":429,"column":8},"end":{"line":429,"column":89}},"92":{"start":{"line":430,"column":8},"end":{"line":430,"column":86}},"93":{"start":{"line":446,"column":8},"end":{"line":446,"column":32}},"94":{"start":{"line":447,"column":8},"end":{"line":447,"column":17667}},"95":{"start":{"line":457,"column":8},"end":{"line":457,"column":17943}},"96":{"start":{"line":464,"column":8},"end":{"line":464,"column":18147}},"97":{"start":{"line":474,"column":8},"end":{"line":474,"column":56}},"98":{"start":{"line":478,"column":8},"end":{"line":478,"column":53}},"99":{"start":{"line":481,"column":8},"end":{"line":481,"column":88}},"100":{"start":{"line":484,"column":8},"end":{"line":484,"column":54}},"101":{"start":{"line":487,"column":8},"end":{"line":487,"column":46}},"102":{"start":{"line":490,"column":8},"end":{"line":490,"column":65}},"103":{"start":{"line":494,"column":8},"end":{"line":494,"column":43}},"104":{"start":{"line":497,"column":8},"end":{"line":497,"column":48}},"105":{"start":{"line":498,"column":8},"end":{"line":498,"column":59}},"106":{"start":{"line":510,"column":8},"end":{"line":510,"column":51}},"107":{"start":{"line":511,"column":8},"end":{"line":511,"column":56}},"108":{"start":{"line":512,"column":8},"end":{"line":512,"column":84}},"109":{"start":{"line":512,"column":29},"end":{"line":512,"column":83}},"110":{"start":{"line":513,"column":8},"end":{"line":513,"column":20201}},"111":{"start":{"line":514,"column":12},"end":{"line":514,"column":29}},"112":{"start":{"line":515,"column":15},"end":{"line":515,"column":69}},"113":{"start":{"line":536,"column":8},"end":{"line":536,"column":74}},"114":{"start":{"line":537,"column":8},"end":{"line":537,"column":52}},"115":{"start":{"line":538,"column":8},"end":{"line":538,"column":85}},"116":{"start":{"line":546,"column":8},"end":{"line":546,"column":75}},"117":{"start":{"line":556,"column":8},"end":{"line":556,"column":74}},"118":{"start":{"line":565,"column":8},"end":{"line":565,"column":50}},"119":{"start":{"line":566,"column":8},"end":{"line":566,"column":76}},"120":{"start":{"line":567,"column":8},"end":{"line":567,"column":74}},"121":{"start":{"line":574,"column":8},"end":{"line":574,"column":52}},"122":{"start":{"line":575,"column":8},"end":{"line":575,"column":41}},"123":{"start":{"line":576,"column":8},"end":{"line":576,"column":22}}},"branchMap":{"1":{"line":85,"type":"if","locations":[{"start":{"line":85,"column":8},"end":{"line":85,"column":8}},{"start":{"line":85,"column":8},"end":{"line":85,"column":8}}]},"2":{"line":113,"type":"if","locations":[{"start":{"line":113,"column":8},"end":{"line":113,"column":8}},{"start":{"line":113,"column":8},"end":{"line":113,"column":8}}]},"3":{"line":141,"type":"if","locations":[{"start":{"line":141,"column":8},"end":{"line":141,"column":8}},{"start":{"line":141,"column":8},"end":{"line":141,"column":8}}]},"4":{"line":147,"type":"if","locations":[{"start":{"line":147,"column":8},"end":{"line":147,"column":8}},{"start":{"line":147,"column":8},"end":{"line":147,"column":8}}]},"5":{"line":170,"type":"if","locations":[{"start":{"line":170,"column":8},"end":{"line":170,"column":8}},{"start":{"line":170,"column":8},"end":{"line":170,"column":8}}]},"6":{"line":174,"type":"if","locations":[{"start":{"line":174,"column":12},"end":{"line":174,"column":12}},{"start":{"line":174,"column":12},"end":{"line":174,"column":12}}]},"7":{"line":196,"type":"if","locations":[{"start":{"line":196,"column":8},"end":{"line":196,"column":8}},{"start":{"line":196,"column":8},"end":{"line":196,"column":8}}]},"8":{"line":218,"type":"if","locations":[{"start":{"line":218,"column":8},"end":{"line":218,"column":8}},{"start":{"line":218,"column":8},"end":{"line":218,"column":8}}]},"9":{"line":219,"type":"if","locations":[{"start":{"line":219,"column":12},"end":{"line":219,"column":12}},{"start":{"line":219,"column":12},"end":{"line":219,"column":12}}]},"10":{"line":251,"type":"if","locations":[{"start":{"line":251,"column":8},"end":{"line":251,"column":8}},{"start":{"line":251,"column":8},"end":{"line":251,"column":8}}]},"11":{"line":254,"type":"if","locations":[{"start":{"line":254,"column":8},"end":{"line":254,"column":8}},{"start":{"line":254,"column":8},"end":{"line":254,"column":8}}]},"12":{"line":275,"type":"if","locations":[{"start":{"line":275,"column":8},"end":{"line":275,"column":8}},{"start":{"line":275,"column":8},"end":{"line":275,"column":8}}]},"13":{"line":282,"type":"if","locations":[{"start":{"line":282,"column":8},"end":{"line":282,"column":8}},{"start":{"line":282,"column":8},"end":{"line":282,"column":8}}]},"14":{"line":311,"type":"if","locations":[{"start":{"line":311,"column":8},"end":{"line":311,"column":8}},{"start":{"line":311,"column":8},"end":{"line":311,"column":8}}]},"15":{"line":326,"type":"if","locations":[{"start":{"line":326,"column":12},"end":{"line":326,"column":12}},{"start":{"line":326,"column":12},"end":{"line":326,"column":12}}]},"16":{"line":347,"type":"if","locations":[{"start":{"line":347,"column":8},"end":{"line":347,"column":8}},{"start":{"line":347,"column":8},"end":{"line":347,"column":8}}]},"17":{"line":395,"type":"if","locations":[{"start":{"line":395,"column":8},"end":{"line":395,"column":8}},{"start":{"line":395,"column":8},"end":{"line":395,"column":8}}]},"18":{"line":417,"type":"if","locations":[{"start":{"line":417,"column":8},"end":{"line":417,"column":8}},{"start":{"line":417,"column":8},"end":{"line":417,"column":8}}]},"19":{"line":426,"type":"if","locations":[{"start":{"line":426,"column":8},"end":{"line":426,"column":8}},{"start":{"line":426,"column":8},"end":{"line":426,"column":8}}]},"20":{"line":427,"type":"if","locations":[{"start":{"line":427,"column":8},"end":{"line":427,"column":8}},{"start":{"line":427,"column":8},"end":{"line":427,"column":8}}]},"21":{"line":457,"type":"if","locations":[{"start":{"line":457,"column":8},"end":{"line":457,"column":8}},{"start":{"line":457,"column":8},"end":{"line":457,"column":8}}]},"22":{"line":481,"type":"if","locations":[{"start":{"line":481,"column":8},"end":{"line":481,"column":8}},{"start":{"line":481,"column":8},"end":{"line":481,"column":8}}]},"23":{"line":512,"type":"if","locations":[{"start":{"line":512,"column":8},"end":{"line":512,"column":8}},{"start":{"line":512,"column":8},"end":{"line":512,"column":8}}]},"24":{"line":513,"type":"if","locations":[{"start":{"line":513,"column":8},"end":{"line":513,"column":8}},{"start":{"line":513,"column":8},"end":{"line":513,"column":8}}]},"25":{"line":575,"type":"if","locations":[{"start":{"line":575,"column":8},"end":{"line":575,"column":8}},{"start":{"line":575,"column":8},"end":{"line":575,"column":8}}]}}},
"contracts\\PrimeRedeem.sol":{"l":{"30":39,"31":39,"32":39,"36":64,"37":62,"38":62,"42":42,"43":40,"44":40},"path":"C:\\Users\\alexa\\OneDrive\\Documents\\Master\\Blockchain\\primitive-contracts\\contracts\\PrimeRedeem.sol","s":{"1":39,"2":39,"3":39,"4":64,"5":62,"6":62,"7":42,"8":40,"9":40},"b":{"1":[62,2],"2":[40,2]},"f":{"1":39,"2":64,"3":42},"fnMap":{"1":{"name":"constructor","line":28,"loc":{"start":{"line":28,"column":26},"end":{"line":29,"column":5}}},"2":{"name":"mint","line":35,"loc":{"start":{"line":35,"column":4},"end":{"line":35,"column":69}}},"3":{"name":"burn","line":41,"loc":{"start":{"line":41,"column":4},"end":{"line":41,"column":69}}}},"statementMap":{"1":{"start":{"line":30,"column":8},"end":{"line":30,"column":30}},"2":{"start":{"line":31,"column":8},"end":{"line":31,"column":23}},"3":{"start":{"line":32,"column":8},"end":{"line":32,"column":23}},"4":{"start":{"line":36,"column":8},"end":{"line":36,"column":53}},"5":{"start":{"line":37,"column":8},"end":{"line":37,"column":26}},"6":{"start":{"line":38,"column":8},"end":{"line":38,"column":19}},"7":{"start":{"line":42,"column":8},"end":{"line":42,"column":53}},"8":{"start":{"line":43,"column":8},"end":{"line":43,"column":26}},"9":{"start":{"line":44,"column":8},"end":{"line":44,"column":19}}},"branchMap":{"1":{"line":36,"type":"if","locations":[{"start":{"line":36,"column":8},"end":{"line":36,"column":8}},{"start":{"line":36,"column":8},"end":{"line":36,"column":8}}]},"2":{"line":42,"type":"if","locations":[{"start":{"line":42,"column":8},"end":{"line":42,"column":8}},{"start":{"line":42,"column":8},"end":{"line":42,"column":8}}]}}},
"contracts\\PrimeTrader.sol":{"l":{"25":27,"44":41,"45":39,"46":37,"51":33,"55":33,"56":33,"74":21,"75":17,"76":17,"82":15,"83":15,"88":11,"89":9,"90":9,"91":9,"92":9,"109":17,"110":15,"111":15,"113":15,"122":13,"127":11,"128":9,"129":9,"148":17,"149":15,"151":15,"153":15,"159":11,"165":9,"166":7,"167":7,"168":7,"186":15,"187":13,"188":9,"190":9,"192":9,"198":5,"199":5,"200":3,"208":132},"path":"C:\\Users\\alexa\\OneDrive\\Documents\\Master\\Blockchain\\primitive-contracts\\contracts\\PrimeTrader.sol","s":{"1":27,"2":41,"3":39,"4":37,"5":33,"6":33,"7":33,"8":21,"9":17,"10":17,"11":15,"12":15,"13":11,"14":9,"15":9,"16":9,"17":9,"18":17,"19":15,"20":15,"21":15,"22":13,"23":11,"24":9,"25":9,"26":17,"27":15,"28":15,"29":15,"30":11,"31":9,"32":7,"33":7,"34":7,"35":15,"36":13,"37":9,"38":9,"39":9,"40":5,"41":5,"42":3,"43":132},"b":{"1":[39,2],"2":[33,0],"3":[17,4],"4":[9,0],"5":[15,2],"6":[15,2],"7":[13,2],"8":[9,4]},"f":{"1":27,"2":41,"3":21,"4":17,"5":17,"6":15,"7":132},"fnMap":{"1":{"name":"constructor","line":24,"loc":{"start":{"line":24,"column":4},"end":{"line":24,"column":44}}},"2":{"name":"safeMint","line":41,"loc":{"start":{"line":41,"column":19},"end":{"line":43,"column":5}}},"3":{"name":"safeSwap","line":71,"loc":{"start":{"line":71,"column":19},"end":{"line":73,"column":5}}},"4":{"name":"safeRedeem","line":106,"loc":{"start":{"line":106,"column":19},"end":{"line":108,"column":5}}},"5":{"name":"safeClose","line":145,"loc":{"start":{"line":145,"column":19},"end":{"line":147,"column":5}}},"6":{"name":"safeUnwind","line":183,"loc":{"start":{"line":183,"column":19},"end":{"line":185,"column":5}}},"7":{"name":"verifyBalance","line":203,"loc":{"start":{"line":203,"column":4},"end":{"line":207,"column":21}}}},"statementMap":{"1":{"start":{"line":25,"column":8},"end":{"line":25,"column":19}},"2":{"start":{"line":44,"column":8},"end":{"line":44,"column":38}},"3":{"start":{"line":45,"column":8},"end":{"line":45,"column":40}},"4":{"start":{"line":46,"column":8},"end":{"line":46,"column":1494}},"5":{"start":{"line":51,"column":8},"end":{"line":51,"column":1631}},"6":{"start":{"line":55,"column":8},"end":{"line":55,"column":52}},"7":{"start":{"line":56,"column":8},"end":{"line":56,"column":50}},"8":{"start":{"line":74,"column":8},"end":{"line":74,"column":38}},"9":{"start":{"line":75,"column":8},"end":{"line":75,"column":48}},"10":{"start":{"line":76,"column":8},"end":{"line":76,"column":2455}},"11":{"start":{"line":82,"column":8},"end":{"line":82,"column":79}},"12":{"start":{"line":83,"column":8},"end":{"line":83,"column":2670}},"13":{"start":{"line":88,"column":8},"end":{"line":88,"column":86}},"14":{"start":{"line":89,"column":8},"end":{"line":89,"column":84}},"15":{"start":{"line":90,"column":8},"end":{"line":90,"column":66}},"16":{"start":{"line":91,"column":8},"end":{"line":91,"column":70}},"17":{"start":{"line":92,"column":8},"end":{"line":92,"column":50}},"18":{"start":{"line":109,"column":8},"end":{"line":109,"column":38}},"19":{"start":{"line":110,"column":8},"end":{"line":110,"column":48}},"20":{"start":{"line":111,"column":8},"end":{"line":111,"column":48}},"21":{"start":{"line":113,"column":8},"end":{"line":113,"column":3681}},"22":{"start":{"line":122,"column":8},"end":{"line":122,"column":4032}},"23":{"start":{"line":127,"column":8},"end":{"line":127,"column":62}},"24":{"start":{"line":128,"column":8},"end":{"line":128,"column":51}},"25":{"start":{"line":129,"column":8},"end":{"line":129,"column":41}},"26":{"start":{"line":148,"column":8},"end":{"line":148,"column":38}},"27":{"start":{"line":149,"column":8},"end":{"line":149,"column":48}},"28":{"start":{"line":151,"column":8},"end":{"line":151,"column":79}},"29":{"start":{"line":153,"column":8},"end":{"line":153,"column":5037}},"30":{"start":{"line":159,"column":8},"end":{"line":159,"column":5173}},"31":{"start":{"line":165,"column":8},"end":{"line":165,"column":64}},"32":{"start":{"line":166,"column":8},"end":{"line":166,"column":62}},"33":{"start":{"line":167,"column":8},"end":{"line":167,"column":71}},"34":{"start":{"line":168,"column":8},"end":{"line":168,"column":40}},"35":{"start":{"line":186,"column":8},"end":{"line":186,"column":38}},"36":{"start":{"line":187,"column":8},"end":{"line":187,"column":76}},"37":{"start":{"line":188,"column":8},"end":{"line":188,"column":48}},"38":{"start":{"line":190,"column":8},"end":{"line":190,"column":79}},"39":{"start":{"line":192,"column":8},"end":{"line":192,"column":6320}},"40":{"start":{"line":198,"column":8},"end":{"line":198,"column":64}},"41":{"start":{"line":199,"column":8},"end":{"line":199,"column":71}},"42":{"start":{"line":200,"column":8},"end":{"line":200,"column":40}},"43":{"start":{"line":208,"column":8},"end":{"line":208,"column":6825}}},"branchMap":{"1":{"line":44,"type":"if","locations":[{"start":{"line":44,"column":8},"end":{"line":44,"column":8}},{"start":{"line":44,"column":8},"end":{"line":44,"column":8}}]},"2":{"line":51,"type":"if","locations":[{"start":{"line":51,"column":8},"end":{"line":51,"column":8}},{"start":{"line":51,"column":8},"end":{"line":51,"column":8}}]},"3":{"line":74,"type":"if","locations":[{"start":{"line":74,"column":8},"end":{"line":74,"column":8}},{"start":{"line":74,"column":8},"end":{"line":74,"column":8}}]},"4":{"line":90,"type":"if","locations":[{"start":{"line":90,"column":8},"end":{"line":90,"column":8}},{"start":{"line":90,"column":8},"end":{"line":90,"column":8}}]},"5":{"line":109,"type":"if","locations":[{"start":{"line":109,"column":8},"end":{"line":109,"column":8}},{"start":{"line":109,"column":8},"end":{"line":109,"column":8}}]},"6":{"line":148,"type":"if","locations":[{"start":{"line":148,"column":8},"end":{"line":148,"column":8}},{"start":{"line":148,"column":8},"end":{"line":148,"column":8}}]},"7":{"line":186,"type":"if","locations":[{"start":{"line":186,"column":8},"end":{"line":186,"column":8}},{"start":{"line":186,"column":8},"end":{"line":186,"column":8}}]},"8":{"line":187,"type":"if","locations":[{"start":{"line":187,"column":8},"end":{"line":187,"column":8}},{"start":{"line":187,"column":8},"end":{"line":187,"column":8}}]}}}}
