{
"contracts\\Instruments.sol":{"l":{},"path":"C:\\Users\\alexa\\OneDrive\\Documents\\Master\\Blockchain\\primitive-contracts\\contracts\\Instruments.sol","s":{},"b":{},"f":{},"fnMap":{},"statementMap":{},"branchMap":{}},
"contracts\\PrimeInterface.sol":{"l":{},"path":"C:\\Users\\alexa\\OneDrive\\Documents\\Master\\Blockchain\\primitive-contracts\\contracts\\PrimeInterface.sol","s":{},"b":{},"f":{},"fnMap":{},"statementMap":{},"branchMap":{}},
"contracts\\PrimeOption.sol":{"l":{"48":41,"49":39,"50":39,"51":39,"61":199,"62":195,"67":41,"68":39,"69":39,"73":4,"74":2,"75":1,"77":1,"85":1,"86":1,"87":1,"91":4,"92":4,"93":4,"104":3,"116":3,"121":3,"125":3,"129":3,"133":3,"142":271,"143":271,"144":271,"145":271,"169":157,"172":157,"175":157,"178":153,"181":153,"182":153,"185":153,"186":153,"208":34,"209":34,"212":34,"213":34,"214":34,"217":34,"223":34,"226":34,"228":34,"229":32,"236":30,"239":30,"245":28,"246":28,"249":28,"250":28,"264":25,"265":25,"268":25,"269":25,"272":25,"273":25,"276":21,"283":19,"284":19,"287":19,"288":19,"308":80,"309":80,"312":80,"313":80,"314":80,"317":80,"324":80,"331":80,"333":80,"334":72,"337":70,"338":66,"349":70,"356":68,"357":68,"360":68,"361":68,"369":45,"373":1812,"377":193,"380":192,"384":164,"396":1007,"397":1007,"398":1007,"399":1007,"400":1007,"401":1007,"402":1007,"409":3,"410":3,"423":25},"path":"C:\\Users\\alexa\\OneDrive\\Documents\\Master\\Blockchain\\primitive-contracts\\contracts\\PrimeOption.sol","s":{"1":41,"2":39,"3":39,"4":39,"5":199,"6":41,"7":39,"8":39,"9":4,"10":2,"11":1,"12":1,"13":1,"14":1,"15":1,"16":4,"17":4,"18":4,"19":3,"20":3,"21":3,"22":3,"23":3,"24":3,"25":271,"26":271,"27":271,"28":271,"29":157,"30":157,"31":157,"32":153,"33":153,"34":153,"35":153,"36":153,"37":34,"38":34,"39":34,"40":34,"41":34,"42":34,"43":34,"44":34,"45":34,"46":32,"47":30,"48":30,"49":28,"50":28,"51":28,"52":28,"53":25,"54":25,"55":25,"56":25,"57":25,"58":25,"59":21,"60":19,"61":19,"62":19,"63":19,"64":80,"65":80,"66":80,"67":80,"68":80,"69":80,"70":80,"71":80,"72":80,"73":72,"74":70,"75":66,"76":70,"77":68,"78":68,"79":68,"80":68,"81":45,"82":1812,"83":193,"84":192,"85":164,"86":1007,"87":1007,"88":1007,"89":1007,"90":1007,"91":1007,"92":1007,"93":3,"94":3,"95":25},"b":{"1":[39,2],"2":[195,4],"3":[39,2],"4":[2,2],"5":[1,1],"6":[153,4],"7":[32,2],"8":[30,2],"9":[28,2],"10":[19,2],"11":[72,8],"12":[70,2],"13":[66,4],"14":[68,2]},"f":{"1":41,"2":199,"3":41,"4":4,"5":1,"6":4,"7":3,"8":3,"9":271,"10":157,"11":34,"12":25,"13":80,"14":45,"15":1812,"16":193,"17":192,"18":164,"19":1007,"20":3,"21":25},"fnMap":{"1":{"name":"constructor","line":46,"loc":{"start":{"line":46,"column":26},"end":{"line":47,"column":5}}},"2":{"name":"notExpired","line":60,"loc":{"start":{"line":60,"column":4},"end":{"line":60,"column":21}}},"3":{"name":"initTokenR","line":66,"loc":{"start":{"line":66,"column":4},"end":{"line":66,"column":60}}},"4":{"name":"kill","line":72,"loc":{"start":{"line":72,"column":4},"end":{"line":72,"column":24}}},"5":{"name":"getCaches","line":84,"loc":{"start":{"line":84,"column":4},"end":{"line":84,"column":94}}},"6":{"name":"getTokens","line":90,"loc":{"start":{"line":90,"column":4},"end":{"line":90,"column":94}}},"7":{"name":"update","line":103,"loc":{"start":{"line":103,"column":42},"end":{"line":103,"column":3}}},"8":{"name":"take","line":115,"loc":{"start":{"line":115,"column":40},"end":{"line":115,"column":3}}},"9":{"name":"_fund","line":141,"loc":{"start":{"line":141,"column":4},"end":{"line":141,"column":78}}},"10":{"name":"mint","line":165,"loc":{"start":{"line":165,"column":20},"end":{"line":167,"column":5}}},"11":{"name":"swap","line":204,"loc":{"start":{"line":204,"column":20},"end":{"line":206,"column":5}}},"12":{"name":"redeem","line":263,"loc":{"start":{"line":263,"column":58},"end":{"line":263,"column":30}}},"13":{"name":"close","line":304,"loc":{"start":{"line":304,"column":19},"end":{"line":306,"column":5}}},"14":{"name":"tokenS","line":368,"loc":{"start":{"line":368,"column":4},"end":{"line":368,"column":49}}},"15":{"name":"tokenU","line":372,"loc":{"start":{"line":372,"column":4},"end":{"line":372,"column":49}}},"16":{"name":"base","line":376,"loc":{"start":{"line":376,"column":4},"end":{"line":376,"column":47}}},"17":{"name":"price","line":379,"loc":{"start":{"line":379,"column":4},"end":{"line":379,"column":48}}},"18":{"name":"expiry","line":383,"loc":{"start":{"line":383,"column":4},"end":{"line":383,"column":49}}},"19":{"name":"prime","line":387,"loc":{"start":{"line":387,"column":4},"end":{"line":395,"column":5}}},"20":{"name":"maxDraw","line":408,"loc":{"start":{"line":408,"column":4},"end":{"line":408,"column":55}}},"21":{"name":"verifyBalance","line":418,"loc":{"start":{"line":418,"column":4},"end":{"line":422,"column":21}}}},"statementMap":{"1":{"start":{"line":48,"column":8},"end":{"line":48,"column":80}},"2":{"start":{"line":49,"column":8},"end":{"line":49,"column":27}},"3":{"start":{"line":50,"column":8},"end":{"line":50,"column":27}},"4":{"start":{"line":51,"column":8},"end":{"line":51,"column":1449}},"5":{"start":{"line":61,"column":8},"end":{"line":61,"column":63}},"6":{"start":{"line":67,"column":8},"end":{"line":67,"column":54}},"7":{"start":{"line":68,"column":8},"end":{"line":68,"column":23}},"8":{"start":{"line":69,"column":8},"end":{"line":69,"column":19}},"9":{"start":{"line":73,"column":8},"end":{"line":73,"column":54}},"10":{"start":{"line":74,"column":8},"end":{"line":74,"column":2022}},"11":{"start":{"line":75,"column":12},"end":{"line":75,"column":21}},"12":{"start":{"line":77,"column":12},"end":{"line":77,"column":19}},"13":{"start":{"line":85,"column":8},"end":{"line":85,"column":23}},"14":{"start":{"line":86,"column":8},"end":{"line":86,"column":23}},"15":{"start":{"line":87,"column":8},"end":{"line":87,"column":23}},"16":{"start":{"line":91,"column":8},"end":{"line":91,"column":30}},"17":{"start":{"line":92,"column":8},"end":{"line":92,"column":30}},"18":{"start":{"line":93,"column":8},"end":{"line":93,"column":23}},"19":{"start":{"line":104,"column":8},"end":{"line":104,"column":2766}},"20":{"start":{"line":116,"column":8},"end":{"line":116,"column":3181}},"21":{"start":{"line":121,"column":8},"end":{"line":121,"column":3287}},"22":{"start":{"line":125,"column":8},"end":{"line":125,"column":3425}},"23":{"start":{"line":129,"column":8},"end":{"line":129,"column":3563}},"24":{"start":{"line":133,"column":8},"end":{"line":133,"column":3701}},"25":{"start":{"line":142,"column":8},"end":{"line":142,"column":24}},"26":{"start":{"line":143,"column":8},"end":{"line":143,"column":24}},"27":{"start":{"line":144,"column":8},"end":{"line":144,"column":24}},"28":{"start":{"line":145,"column":8},"end":{"line":145,"column":47}},"29":{"start":{"line":169,"column":8},"end":{"line":169,"column":73}},"30":{"start":{"line":172,"column":8},"end":{"line":172,"column":38}},"31":{"start":{"line":175,"column":8},"end":{"line":175,"column":58}},"32":{"start":{"line":178,"column":8},"end":{"line":178,"column":62}},"33":{"start":{"line":181,"column":8},"end":{"line":181,"column":53}},"34":{"start":{"line":182,"column":8},"end":{"line":182,"column":32}},"35":{"start":{"line":185,"column":8},"end":{"line":185,"column":38}},"36":{"start":{"line":186,"column":8},"end":{"line":186,"column":48}},"37":{"start":{"line":208,"column":8},"end":{"line":208,"column":39}},"38":{"start":{"line":209,"column":8},"end":{"line":209,"column":39}},"39":{"start":{"line":212,"column":8},"end":{"line":212,"column":67}},"40":{"start":{"line":213,"column":8},"end":{"line":213,"column":67}},"41":{"start":{"line":214,"column":8},"end":{"line":214,"column":51}},"42":{"start":{"line":217,"column":8},"end":{"line":217,"column":38}},"43":{"start":{"line":223,"column":8},"end":{"line":223,"column":26}},"44":{"start":{"line":226,"column":8},"end":{"line":226,"column":62}},"45":{"start":{"line":228,"column":8},"end":{"line":228,"column":56}},"46":{"start":{"line":229,"column":8},"end":{"line":229,"column":7224}},"47":{"start":{"line":236,"column":8},"end":{"line":236,"column":37}},"48":{"start":{"line":239,"column":8},"end":{"line":239,"column":7514}},"49":{"start":{"line":245,"column":8},"end":{"line":245,"column":58}},"50":{"start":{"line":246,"column":8},"end":{"line":246,"column":58}},"51":{"start":{"line":249,"column":8},"end":{"line":249,"column":40}},"52":{"start":{"line":250,"column":8},"end":{"line":250,"column":48}},"53":{"start":{"line":264,"column":8},"end":{"line":264,"column":39}},"54":{"start":{"line":265,"column":8},"end":{"line":265,"column":32}},"55":{"start":{"line":268,"column":8},"end":{"line":268,"column":67}},"56":{"start":{"line":269,"column":8},"end":{"line":269,"column":67}},"57":{"start":{"line":272,"column":8},"end":{"line":272,"column":38}},"58":{"start":{"line":273,"column":8},"end":{"line":273,"column":58}},"59":{"start":{"line":276,"column":8},"end":{"line":276,"column":9031}},"60":{"start":{"line":283,"column":8},"end":{"line":283,"column":58}},"61":{"start":{"line":284,"column":8},"end":{"line":284,"column":58}},"62":{"start":{"line":287,"column":8},"end":{"line":287,"column":40}},"63":{"start":{"line":288,"column":8},"end":{"line":288,"column":39}},"64":{"start":{"line":308,"column":8},"end":{"line":308,"column":39}},"65":{"start":{"line":309,"column":8},"end":{"line":309,"column":32}},"66":{"start":{"line":312,"column":8},"end":{"line":312,"column":67}},"67":{"start":{"line":313,"column":8},"end":{"line":313,"column":73}},"68":{"start":{"line":314,"column":8},"end":{"line":314,"column":51}},"69":{"start":{"line":317,"column":8},"end":{"line":317,"column":38}},"70":{"start":{"line":324,"column":8},"end":{"line":324,"column":62}},"71":{"start":{"line":331,"column":8},"end":{"line":331,"column":72}},"72":{"start":{"line":333,"column":8},"end":{"line":333,"column":56}},"73":{"start":{"line":334,"column":8},"end":{"line":334,"column":84}},"74":{"start":{"line":337,"column":8},"end":{"line":337,"column":11767}},"75":{"start":{"line":338,"column":12},"end":{"line":338,"column":41}},"76":{"start":{"line":349,"column":8},"end":{"line":349,"column":12388}},"77":{"start":{"line":356,"column":8},"end":{"line":356,"column":58}},"78":{"start":{"line":357,"column":8},"end":{"line":357,"column":64}},"79":{"start":{"line":360,"column":8},"end":{"line":360,"column":40}},"80":{"start":{"line":361,"column":8},"end":{"line":361,"column":39}},"81":{"start":{"line":369,"column":8},"end":{"line":369,"column":28}},"82":{"start":{"line":373,"column":8},"end":{"line":373,"column":28}},"83":{"start":{"line":377,"column":8},"end":{"line":377,"column":26}},"84":{"start":{"line":380,"column":8},"end":{"line":380,"column":27}},"85":{"start":{"line":384,"column":8},"end":{"line":384,"column":28}},"86":{"start":{"line":396,"column":8},"end":{"line":396,"column":54}},"87":{"start":{"line":397,"column":8},"end":{"line":397,"column":30}},"88":{"start":{"line":398,"column":8},"end":{"line":398,"column":30}},"89":{"start":{"line":399,"column":8},"end":{"line":399,"column":23}},"90":{"start":{"line":400,"column":8},"end":{"line":400,"column":26}},"91":{"start":{"line":401,"column":8},"end":{"line":401,"column":28}},"92":{"start":{"line":402,"column":8},"end":{"line":402,"column":30}},"93":{"start":{"line":409,"column":8},"end":{"line":409,"column":69}},"94":{"start":{"line":410,"column":8},"end":{"line":410,"column":14107}},"95":{"start":{"line":423,"column":8},"end":{"line":423,"column":14445}}},"branchMap":{"1":{"line":48,"type":"if","locations":[{"start":{"line":48,"column":8},"end":{"line":48,"column":8}},{"start":{"line":48,"column":8},"end":{"line":48,"column":8}}]},"2":{"line":61,"type":"if","locations":[{"start":{"line":61,"column":8},"end":{"line":61,"column":8}},{"start":{"line":61,"column":8},"end":{"line":61,"column":8}}]},"3":{"line":67,"type":"if","locations":[{"start":{"line":67,"column":8},"end":{"line":67,"column":8}},{"start":{"line":67,"column":8},"end":{"line":67,"column":8}}]},"4":{"line":73,"type":"if","locations":[{"start":{"line":73,"column":8},"end":{"line":73,"column":8}},{"start":{"line":73,"column":8},"end":{"line":73,"column":8}}]},"5":{"line":74,"type":"if","locations":[{"start":{"line":74,"column":8},"end":{"line":74,"column":8}},{"start":{"line":74,"column":8},"end":{"line":74,"column":8}}]},"6":{"line":175,"type":"if","locations":[{"start":{"line":175,"column":8},"end":{"line":175,"column":8}},{"start":{"line":175,"column":8},"end":{"line":175,"column":8}}]},"7":{"line":228,"type":"if","locations":[{"start":{"line":228,"column":8},"end":{"line":228,"column":8}},{"start":{"line":228,"column":8},"end":{"line":228,"column":8}}]},"8":{"line":229,"type":"if","locations":[{"start":{"line":229,"column":8},"end":{"line":229,"column":8}},{"start":{"line":229,"column":8},"end":{"line":229,"column":8}}]},"9":{"line":239,"type":"if","locations":[{"start":{"line":239,"column":8},"end":{"line":239,"column":8}},{"start":{"line":239,"column":8},"end":{"line":239,"column":8}}]},"10":{"line":276,"type":"if","locations":[{"start":{"line":276,"column":8},"end":{"line":276,"column":8}},{"start":{"line":276,"column":8},"end":{"line":276,"column":8}}]},"11":{"line":333,"type":"if","locations":[{"start":{"line":333,"column":8},"end":{"line":333,"column":8}},{"start":{"line":333,"column":8},"end":{"line":333,"column":8}}]},"12":{"line":334,"type":"if","locations":[{"start":{"line":334,"column":8},"end":{"line":334,"column":8}},{"start":{"line":334,"column":8},"end":{"line":334,"column":8}}]},"13":{"line":337,"type":"if","locations":[{"start":{"line":337,"column":8},"end":{"line":337,"column":8}},{"start":{"line":337,"column":8},"end":{"line":337,"column":8}}]},"14":{"line":349,"type":"if","locations":[{"start":{"line":349,"column":8},"end":{"line":349,"column":8}},{"start":{"line":349,"column":8},"end":{"line":349,"column":8}}]}}},
"contracts\\PrimeOracle.sol":{"l":{"34":4,"35":4,"42":4,"70":317,"71":317,"74":317,"77":317,"86":1642,"87":1642,"89":1641,"107":355,"108":355,"110":34,"112":34,"115":321,"118":355,"120":355,"122":355,"149":351,"150":351,"152":32,"154":32,"157":319,"161":351,"163":351,"166":351,"168":351,"174":351,"178":32,"186":351,"187":351,"188":351,"189":351,"190":4689,"191":4689,"194":0},"path":"C:\\Users\\alexa\\OneDrive\\Documents\\Master\\Blockchain\\primitive-contracts\\contracts\\PrimeOracle.sol","s":{"1":4,"2":4,"3":4,"4":317,"5":317,"6":317,"7":317,"8":1642,"9":1642,"10":1641,"11":355,"12":355,"13":34,"14":34,"15":321,"16":355,"17":355,"18":355,"19":351,"20":351,"21":32,"22":32,"23":319,"24":351,"25":351,"26":351,"27":351,"28":351,"29":32,"30":351,"31":351,"32":351,"33":351,"34":4689,"35":4689,"36":0,"37":0},"b":{"1":[1641,1],"2":[34,321],"3":[32,319],"4":[32,319],"5":[351,0],"6":[0,0]},"f":{"1":4,"2":4,"3":317,"4":1642,"5":355,"6":351,"7":351},"fnMap":{"1":{"name":"constructor","line":33,"loc":{"start":{"line":33,"column":4},"end":{"line":33,"column":37}}},"2":{"name":"addFeed","line":41,"loc":{"start":{"line":41,"column":4},"end":{"line":41,"column":39}}},"3":{"name":"calculatePremium","line":57,"loc":{"start":{"line":57,"column":4},"end":{"line":68,"column":5}}},"4":{"name":"marketPrice","line":84,"loc":{"start":{"line":84,"column":4},"end":{"line":84,"column":74}}},"5":{"name":"calculateIntrinsic","line":101,"loc":{"start":{"line":101,"column":4},"end":{"line":105,"column":5}}},"6":{"name":"calculateExtrinsic","line":136,"loc":{"start":{"line":136,"column":4},"end":{"line":147,"column":5}}},"7":{"name":"sqrt","line":185,"loc":{"start":{"line":185,"column":4},"end":{"line":185,"column":59}}}},"statementMap":{"1":{"start":{"line":34,"column":8},"end":{"line":34,"column":23}},"2":{"start":{"line":35,"column":8},"end":{"line":35,"column":36}},"3":{"start":{"line":42,"column":8},"end":{"line":42,"column":25}},"4":{"start":{"line":70,"column":8},"end":{"line":70,"column":77}},"5":{"start":{"line":71,"column":8},"end":{"line":71,"column":97}},"6":{"start":{"line":74,"column":8},"end":{"line":74,"column":43}},"7":{"start":{"line":77,"column":8},"end":{"line":77,"column":52}},"8":{"start":{"line":86,"column":8},"end":{"line":86,"column":35}},"9":{"start":{"line":87,"column":8},"end":{"line":87,"column":54}},"10":{"start":{"line":89,"column":8},"end":{"line":89,"column":65}},"11":{"start":{"line":107,"column":8},"end":{"line":107,"column":22}},"12":{"start":{"line":108,"column":8},"end":{"line":108,"column":4320}},"13":{"start":{"line":110,"column":12},"end":{"line":110,"column":41}},"14":{"start":{"line":112,"column":12},"end":{"line":112,"column":40}},"15":{"start":{"line":115,"column":12},"end":{"line":115,"column":41}},"16":{"start":{"line":118,"column":8},"end":{"line":118,"column":55}},"17":{"start":{"line":120,"column":8},"end":{"line":120,"column":59}},"18":{"start":{"line":122,"column":8},"end":{"line":122,"column":50}},"19":{"start":{"line":149,"column":8},"end":{"line":149,"column":22}},"20":{"start":{"line":150,"column":8},"end":{"line":150,"column":6199}},"21":{"start":{"line":152,"column":12},"end":{"line":152,"column":41}},"22":{"start":{"line":154,"column":12},"end":{"line":154,"column":40}},"23":{"start":{"line":157,"column":12},"end":{"line":157,"column":41}},"24":{"start":{"line":161,"column":8},"end":{"line":161,"column":61}},"25":{"start":{"line":163,"column":8},"end":{"line":163,"column":55}},"26":{"start":{"line":166,"column":8},"end":{"line":166,"column":61}},"27":{"start":{"line":168,"column":8},"end":{"line":168,"column":7116}},"28":{"start":{"line":174,"column":8},"end":{"line":174,"column":7348}},"29":{"start":{"line":178,"column":12},"end":{"line":178,"column":54}},"30":{"start":{"line":186,"column":8},"end":{"line":186,"column":7822}},"31":{"start":{"line":187,"column":12},"end":{"line":187,"column":35}},"32":{"start":{"line":188,"column":12},"end":{"line":188,"column":16}},"33":{"start":{"line":189,"column":12},"end":{"line":189,"column":7907}},"34":{"start":{"line":190,"column":16},"end":{"line":190,"column":20}},"35":{"start":{"line":191,"column":16},"end":{"line":191,"column":34}},"36":{"start":{"line":193,"column":15},"end":{"line":193,"column":8008}},"37":{"start":{"line":194,"column":12},"end":{"line":194,"column":16}}},"branchMap":{"1":{"line":87,"type":"if","locations":[{"start":{"line":87,"column":8},"end":{"line":87,"column":8}},{"start":{"line":87,"column":8},"end":{"line":87,"column":8}}]},"2":{"line":108,"type":"if","locations":[{"start":{"line":108,"column":8},"end":{"line":108,"column":8}},{"start":{"line":108,"column":8},"end":{"line":108,"column":8}}]},"3":{"line":150,"type":"if","locations":[{"start":{"line":150,"column":8},"end":{"line":150,"column":8}},{"start":{"line":150,"column":8},"end":{"line":150,"column":8}}]},"4":{"line":174,"type":"if","locations":[{"start":{"line":174,"column":8},"end":{"line":174,"column":8}},{"start":{"line":174,"column":8},"end":{"line":174,"column":8}}]},"5":{"line":186,"type":"if","locations":[{"start":{"line":186,"column":8},"end":{"line":186,"column":8}},{"start":{"line":186,"column":8},"end":{"line":186,"column":8}}]},"6":{"line":193,"type":"if","locations":[{"start":{"line":193,"column":15},"end":{"line":193,"column":15}},{"start":{"line":193,"column":15},"end":{"line":193,"column":15}}]}}},
"contracts\\PrimePool.sol":{"l":{"75":2,"76":2,"77":2,"78":2,"79":2,"83":2,"84":1,"86":1,"88":2,"92":53,"93":53,"97":1,"117":51,"118":51,"121":51,"128":47,"131":47,"147":7,"148":7,"149":7,"155":5,"158":3,"161":1,"162":1,"174":50,"175":50,"179":50,"180":2,"184":48,"188":50,"189":48,"190":48,"209":56,"216":48,"219":48,"222":48,"225":48,"230":48,"231":48,"232":47,"234":47,"237":47,"238":47,"241":1,"242":1,"245":1,"246":1,"262":1,"265":1,"268":1,"271":1,"274":1,"289":1,"290":1,"293":1,"296":1,"297":1,"313":1,"317":1,"318":1,"319":1,"323":1,"326":1,"329":1,"332":1,"335":1,"341":1,"352":48,"353":0,"354":0,"356":48,"380":97,"381":97,"394":97,"400":97,"401":95,"407":95,"410":93,"421":93,"422":93,"425":93,"431":93,"432":93,"433":93,"434":93,"435":93,"451":54,"452":54,"462":54,"469":50,"479":50,"483":50,"486":50,"489":50,"492":50,"495":50,"499":50,"502":50,"503":50,"515":93,"516":93,"517":93,"518":93,"519":0,"521":93,"543":855,"544":855,"545":855,"553":811,"563":666,"572":856,"579":0,"580":0,"581":0},"path":"C:\\Users\\alexa\\OneDrive\\Documents\\Master\\Blockchain\\primitive-contracts\\contracts\\PrimePool.sol","s":{"1":2,"2":2,"3":2,"4":2,"5":2,"6":2,"7":1,"8":1,"9":2,"10":53,"11":1,"12":51,"13":51,"14":51,"15":47,"16":47,"17":7,"18":7,"19":7,"20":5,"21":3,"22":1,"23":1,"24":50,"25":50,"26":50,"27":2,"28":48,"29":50,"30":48,"31":48,"32":56,"33":48,"34":48,"35":48,"36":48,"37":48,"38":48,"39":47,"40":47,"41":47,"42":47,"43":1,"44":1,"45":1,"46":1,"47":1,"48":1,"49":1,"50":1,"51":1,"52":1,"53":1,"54":1,"55":1,"56":1,"57":1,"58":1,"59":1,"60":1,"61":1,"62":1,"63":1,"64":1,"65":1,"66":1,"67":48,"68":0,"69":0,"70":48,"71":97,"72":97,"73":97,"74":97,"75":95,"76":95,"77":93,"78":93,"79":93,"80":93,"81":93,"82":93,"83":93,"84":93,"85":93,"86":54,"87":54,"88":54,"89":50,"90":50,"91":50,"92":50,"93":50,"94":50,"95":50,"96":50,"97":50,"98":50,"99":93,"100":93,"101":93,"102":93,"103":0,"104":93,"105":855,"106":855,"107":855,"108":811,"109":666,"110":856,"111":0,"112":0,"113":0},"b":{"1":[1,1],"2":[53,0],"3":[1,0],"4":[47,4],"5":[5,2],"6":[3,2],"7":[2,48],"8":[48,2],"9":[48,8],"10":[47,1],"11":[47,0],"12":[1,0],"13":[1,0],"14":[1,0],"15":[1,0],"16":[1,0],"17":[0,48],"18":[95,2],"19":[93,0],"20":[93,0],"21":[93,0],"22":[50,4],"23":[50,0],"24":[0,93],"25":[0,0]},"f":{"1":2,"2":2,"3":53,"4":1,"5":51,"6":7,"7":50,"8":56,"9":1,"10":1,"11":1,"12":48,"13":97,"14":54,"15":93,"16":855,"17":811,"18":666,"19":856,"20":0},"fnMap":{"1":{"name":"constructor","line":73,"loc":{"start":{"line":73,"column":26},"end":{"line":74,"column":5}}},"2":{"name":"kill","line":82,"loc":{"start":{"line":82,"column":35},"end":{"line":82,"column":18}}},"3":{"name":"valid","line":91,"loc":{"start":{"line":91,"column":4},"end":{"line":91,"column":33}}},"4":{"name":null,"line":96,"loc":{"start":{"line":96,"column":4},"end":{"line":96,"column":28}}},"5":{"name":"deposit","line":113,"loc":{"start":{"line":113,"column":19},"end":{"line":115,"column":5}}},"6":{"name":"depositEth","line":143,"loc":{"start":{"line":143,"column":19},"end":{"line":145,"column":5}}},"7":{"name":"_addLiquidity","line":170,"loc":{"start":{"line":170,"column":21},"end":{"line":172,"column":5}}},"8":{"name":"withdraw","line":205,"loc":{"start":{"line":205,"column":19},"end":{"line":207,"column":5}}},"9":{"name":"_removeLiquidity","line":258,"loc":{"start":{"line":258,"column":21},"end":{"line":260,"column":5}}},"10":{"name":"_redeem","line":285,"loc":{"start":{"line":285,"column":21},"end":{"line":287,"column":5}}},"11":{"name":"_exchange","line":309,"loc":{"start":{"line":309,"column":21},"end":{"line":311,"column":5}}},"12":{"name":"_withdraw","line":351,"loc":{"start":{"line":351,"column":4},"end":{"line":351,"column":86}}},"13":{"name":"buy","line":376,"loc":{"start":{"line":376,"column":19},"end":{"line":378,"column":5}}},"14":{"name":"sell","line":447,"loc":{"start":{"line":447,"column":19},"end":{"line":449,"column":5}}},"15":{"name":"calculateVolatilityProxy","line":510,"loc":{"start":{"line":510,"column":4},"end":{"line":514,"column":5}}},"16":{"name":"totalUtilized","line":529,"loc":{"start":{"line":529,"column":4},"end":{"line":533,"column":5}}},"17":{"name":"totalUnutilized","line":551,"loc":{"start":{"line":551,"column":4},"end":{"line":551,"column":82}}},"18":{"name":"totalPoolBalance","line":560,"loc":{"start":{"line":560,"column":4},"end":{"line":560,"column":87}}},"19":{"name":"marketRatio","line":571,"loc":{"start":{"line":571,"column":4},"end":{"line":571,"column":65}}},"20":{"name":"sendEther","line":578,"loc":{"start":{"line":578,"column":4},"end":{"line":578,"column":71}}}},"statementMap":{"1":{"start":{"line":75,"column":8},"end":{"line":75,"column":19}},"2":{"start":{"line":76,"column":8},"end":{"line":76,"column":23}},"3":{"start":{"line":77,"column":8},"end":{"line":77,"column":23}},"4":{"start":{"line":78,"column":8},"end":{"line":78,"column":25}},"5":{"start":{"line":79,"column":8},"end":{"line":79,"column":23}},"6":{"start":{"line":83,"column":8},"end":{"line":83,"column":2787}},"7":{"start":{"line":84,"column":12},"end":{"line":84,"column":21}},"8":{"start":{"line":86,"column":12},"end":{"line":86,"column":19}},"9":{"start":{"line":88,"column":8},"end":{"line":88,"column":19}},"10":{"start":{"line":92,"column":8},"end":{"line":92,"column":46}},"11":{"start":{"line":97,"column":8},"end":{"line":97,"column":50}},"12":{"start":{"line":117,"column":8},"end":{"line":117,"column":32}},"13":{"start":{"line":118,"column":8},"end":{"line":118,"column":49}},"14":{"start":{"line":121,"column":8},"end":{"line":121,"column":3742}},"15":{"start":{"line":128,"column":8},"end":{"line":128,"column":68}},"16":{"start":{"line":131,"column":8},"end":{"line":131,"column":83}},"17":{"start":{"line":147,"column":8},"end":{"line":147,"column":32}},"18":{"start":{"line":148,"column":8},"end":{"line":148,"column":49}},"19":{"start":{"line":149,"column":8},"end":{"line":149,"column":4719}},"20":{"start":{"line":155,"column":8},"end":{"line":155,"column":46}},"21":{"start":{"line":158,"column":8},"end":{"line":158,"column":69}},"22":{"start":{"line":161,"column":8},"end":{"line":161,"column":43}},"23":{"start":{"line":162,"column":8},"end":{"line":162,"column":21}},"24":{"start":{"line":174,"column":8},"end":{"line":174,"column":44}},"25":{"start":{"line":175,"column":8},"end":{"line":175,"column":58}},"26":{"start":{"line":179,"column":8},"end":{"line":179,"column":5818}},"27":{"start":{"line":180,"column":12},"end":{"line":180,"column":34}},"28":{"start":{"line":184,"column":12},"end":{"line":184,"column":70}},"29":{"start":{"line":188,"column":8},"end":{"line":188,"column":54}},"30":{"start":{"line":189,"column":8},"end":{"line":189,"column":30}},"31":{"start":{"line":190,"column":8},"end":{"line":190,"column":48}},"32":{"start":{"line":209,"column":8},"end":{"line":209,"column":7012}},"33":{"start":{"line":216,"column":8},"end":{"line":216,"column":32}},"34":{"start":{"line":219,"column":8},"end":{"line":219,"column":44}},"35":{"start":{"line":222,"column":8},"end":{"line":222,"column":53}},"36":{"start":{"line":225,"column":8},"end":{"line":225,"column":58}},"37":{"start":{"line":230,"column":8},"end":{"line":230,"column":75}},"38":{"start":{"line":231,"column":8},"end":{"line":231,"column":7901}},"39":{"start":{"line":232,"column":12},"end":{"line":232,"column":55}},"40":{"start":{"line":234,"column":12},"end":{"line":234,"column":41}},"41":{"start":{"line":237,"column":12},"end":{"line":237,"column":61}},"42":{"start":{"line":238,"column":12},"end":{"line":238,"column":77}},"43":{"start":{"line":241,"column":12},"end":{"line":241,"column":76}},"44":{"start":{"line":242,"column":12},"end":{"line":242,"column":70}},"45":{"start":{"line":245,"column":12},"end":{"line":245,"column":61}},"46":{"start":{"line":246,"column":12},"end":{"line":246,"column":77}},"47":{"start":{"line":262,"column":8},"end":{"line":262,"column":37}},"48":{"start":{"line":265,"column":8},"end":{"line":265,"column":35}},"49":{"start":{"line":268,"column":8},"end":{"line":268,"column":37}},"50":{"start":{"line":271,"column":8},"end":{"line":271,"column":44}},"51":{"start":{"line":274,"column":8},"end":{"line":274,"column":49}},"52":{"start":{"line":289,"column":8},"end":{"line":289,"column":53}},"53":{"start":{"line":290,"column":8},"end":{"line":290,"column":45}},"54":{"start":{"line":293,"column":8},"end":{"line":293,"column":84}},"55":{"start":{"line":296,"column":8},"end":{"line":296,"column":56}},"56":{"start":{"line":297,"column":8},"end":{"line":297,"column":46}},"57":{"start":{"line":313,"column":8},"end":{"line":313,"column":97}},"58":{"start":{"line":317,"column":8},"end":{"line":317,"column":49}},"59":{"start":{"line":318,"column":8},"end":{"line":318,"column":29}},"60":{"start":{"line":319,"column":8},"end":{"line":319,"column":68}},"61":{"start":{"line":323,"column":8},"end":{"line":323,"column":45}},"62":{"start":{"line":326,"column":8},"end":{"line":326,"column":96}},"63":{"start":{"line":329,"column":8},"end":{"line":329,"column":56}},"64":{"start":{"line":332,"column":8},"end":{"line":332,"column":52}},"65":{"start":{"line":335,"column":8},"end":{"line":335,"column":49}},"66":{"start":{"line":341,"column":8},"end":{"line":341,"column":12569}},"67":{"start":{"line":352,"column":8},"end":{"line":352,"column":12948}},"68":{"start":{"line":353,"column":12},"end":{"line":353,"column":39}},"69":{"start":{"line":354,"column":12},"end":{"line":354,"column":40}},"70":{"start":{"line":356,"column":12},"end":{"line":356,"column":53}},"71":{"start":{"line":380,"column":8},"end":{"line":380,"column":32}},"72":{"start":{"line":381,"column":8},"end":{"line":381,"column":13968}},"73":{"start":{"line":394,"column":8},"end":{"line":394,"column":57}},"74":{"start":{"line":400,"column":8},"end":{"line":400,"column":90}},"75":{"start":{"line":401,"column":8},"end":{"line":401,"column":70}},"76":{"start":{"line":407,"column":8},"end":{"line":407,"column":66}},"77":{"start":{"line":410,"column":8},"end":{"line":410,"column":15470}},"78":{"start":{"line":421,"column":8},"end":{"line":421,"column":53}},"79":{"start":{"line":422,"column":8},"end":{"line":422,"column":47}},"80":{"start":{"line":425,"column":8},"end":{"line":425,"column":53}},"81":{"start":{"line":431,"column":8},"end":{"line":431,"column":85}},"82":{"start":{"line":432,"column":8},"end":{"line":432,"column":101}},"83":{"start":{"line":433,"column":8},"end":{"line":433,"column":58}},"84":{"start":{"line":434,"column":8},"end":{"line":434,"column":89}},"85":{"start":{"line":435,"column":8},"end":{"line":435,"column":86}},"86":{"start":{"line":451,"column":8},"end":{"line":451,"column":32}},"87":{"start":{"line":452,"column":8},"end":{"line":452,"column":17144}},"88":{"start":{"line":462,"column":8},"end":{"line":462,"column":17420}},"89":{"start":{"line":469,"column":8},"end":{"line":469,"column":17624}},"90":{"start":{"line":479,"column":8},"end":{"line":479,"column":56}},"91":{"start":{"line":483,"column":8},"end":{"line":483,"column":53}},"92":{"start":{"line":486,"column":8},"end":{"line":486,"column":88}},"93":{"start":{"line":489,"column":8},"end":{"line":489,"column":54}},"94":{"start":{"line":492,"column":8},"end":{"line":492,"column":46}},"95":{"start":{"line":495,"column":8},"end":{"line":495,"column":65}},"96":{"start":{"line":499,"column":8},"end":{"line":499,"column":43}},"97":{"start":{"line":502,"column":8},"end":{"line":502,"column":48}},"98":{"start":{"line":503,"column":8},"end":{"line":503,"column":59}},"99":{"start":{"line":515,"column":8},"end":{"line":515,"column":51}},"100":{"start":{"line":516,"column":8},"end":{"line":516,"column":56}},"101":{"start":{"line":517,"column":8},"end":{"line":517,"column":62}},"102":{"start":{"line":518,"column":8},"end":{"line":518,"column":19595}},"103":{"start":{"line":519,"column":12},"end":{"line":519,"column":28}},"104":{"start":{"line":521,"column":12},"end":{"line":521,"column":56}},"105":{"start":{"line":543,"column":8},"end":{"line":543,"column":74}},"106":{"start":{"line":544,"column":8},"end":{"line":544,"column":45}},"107":{"start":{"line":545,"column":8},"end":{"line":545,"column":85}},"108":{"start":{"line":553,"column":8},"end":{"line":553,"column":75}},"109":{"start":{"line":563,"column":8},"end":{"line":563,"column":74}},"110":{"start":{"line":572,"column":8},"end":{"line":572,"column":92}},"111":{"start":{"line":579,"column":8},"end":{"line":579,"column":52}},"112":{"start":{"line":580,"column":8},"end":{"line":580,"column":41}},"113":{"start":{"line":581,"column":8},"end":{"line":581,"column":22}}},"branchMap":{"1":{"line":83,"type":"if","locations":[{"start":{"line":83,"column":8},"end":{"line":83,"column":8}},{"start":{"line":83,"column":8},"end":{"line":83,"column":8}}]},"2":{"line":92,"type":"if","locations":[{"start":{"line":92,"column":8},"end":{"line":92,"column":8}},{"start":{"line":92,"column":8},"end":{"line":92,"column":8}}]},"3":{"line":97,"type":"if","locations":[{"start":{"line":97,"column":8},"end":{"line":97,"column":8}},{"start":{"line":97,"column":8},"end":{"line":97,"column":8}}]},"4":{"line":121,"type":"if","locations":[{"start":{"line":121,"column":8},"end":{"line":121,"column":8}},{"start":{"line":121,"column":8},"end":{"line":121,"column":8}}]},"5":{"line":149,"type":"if","locations":[{"start":{"line":149,"column":8},"end":{"line":149,"column":8}},{"start":{"line":149,"column":8},"end":{"line":149,"column":8}}]},"6":{"line":155,"type":"if","locations":[{"start":{"line":155,"column":8},"end":{"line":155,"column":8}},{"start":{"line":155,"column":8},"end":{"line":155,"column":8}}]},"7":{"line":179,"type":"if","locations":[{"start":{"line":179,"column":8},"end":{"line":179,"column":8}},{"start":{"line":179,"column":8},"end":{"line":179,"column":8}}]},"8":{"line":188,"type":"if","locations":[{"start":{"line":188,"column":8},"end":{"line":188,"column":8}},{"start":{"line":188,"column":8},"end":{"line":188,"column":8}}]},"9":{"line":209,"type":"if","locations":[{"start":{"line":209,"column":8},"end":{"line":209,"column":8}},{"start":{"line":209,"column":8},"end":{"line":209,"column":8}}]},"10":{"line":231,"type":"if","locations":[{"start":{"line":231,"column":8},"end":{"line":231,"column":8}},{"start":{"line":231,"column":8},"end":{"line":231,"column":8}}]},"11":{"line":232,"type":"if","locations":[{"start":{"line":232,"column":12},"end":{"line":232,"column":12}},{"start":{"line":232,"column":12},"end":{"line":232,"column":12}}]},"12":{"line":265,"type":"if","locations":[{"start":{"line":265,"column":8},"end":{"line":265,"column":8}},{"start":{"line":265,"column":8},"end":{"line":265,"column":8}}]},"13":{"line":268,"type":"if","locations":[{"start":{"line":268,"column":8},"end":{"line":268,"column":8}},{"start":{"line":268,"column":8},"end":{"line":268,"column":8}}]},"14":{"line":290,"type":"if","locations":[{"start":{"line":290,"column":8},"end":{"line":290,"column":8}},{"start":{"line":290,"column":8},"end":{"line":290,"column":8}}]},"15":{"line":297,"type":"if","locations":[{"start":{"line":297,"column":8},"end":{"line":297,"column":8}},{"start":{"line":297,"column":8},"end":{"line":297,"column":8}}]},"16":{"line":318,"type":"if","locations":[{"start":{"line":318,"column":8},"end":{"line":318,"column":8}},{"start":{"line":318,"column":8},"end":{"line":318,"column":8}}]},"17":{"line":352,"type":"if","locations":[{"start":{"line":352,"column":8},"end":{"line":352,"column":8}},{"start":{"line":352,"column":8},"end":{"line":352,"column":8}}]},"18":{"line":400,"type":"if","locations":[{"start":{"line":400,"column":8},"end":{"line":400,"column":8}},{"start":{"line":400,"column":8},"end":{"line":400,"column":8}}]},"19":{"line":422,"type":"if","locations":[{"start":{"line":422,"column":8},"end":{"line":422,"column":8}},{"start":{"line":422,"column":8},"end":{"line":422,"column":8}}]},"20":{"line":431,"type":"if","locations":[{"start":{"line":431,"column":8},"end":{"line":431,"column":8}},{"start":{"line":431,"column":8},"end":{"line":431,"column":8}}]},"21":{"line":432,"type":"if","locations":[{"start":{"line":432,"column":8},"end":{"line":432,"column":8}},{"start":{"line":432,"column":8},"end":{"line":432,"column":8}}]},"22":{"line":462,"type":"if","locations":[{"start":{"line":462,"column":8},"end":{"line":462,"column":8}},{"start":{"line":462,"column":8},"end":{"line":462,"column":8}}]},"23":{"line":486,"type":"if","locations":[{"start":{"line":486,"column":8},"end":{"line":486,"column":8}},{"start":{"line":486,"column":8},"end":{"line":486,"column":8}}]},"24":{"line":518,"type":"if","locations":[{"start":{"line":518,"column":8},"end":{"line":518,"column":8}},{"start":{"line":518,"column":8},"end":{"line":518,"column":8}}]},"25":{"line":580,"type":"if","locations":[{"start":{"line":580,"column":8},"end":{"line":580,"column":8}},{"start":{"line":580,"column":8},"end":{"line":580,"column":8}}]}}},
"contracts\\PrimeRedeem.sol":{"l":{"30":39,"31":39,"32":39,"36":155,"37":153,"38":153,"42":93,"43":91,"44":91},"path":"C:\\Users\\alexa\\OneDrive\\Documents\\Master\\Blockchain\\primitive-contracts\\contracts\\PrimeRedeem.sol","s":{"1":39,"2":39,"3":39,"4":155,"5":153,"6":153,"7":93,"8":91,"9":91},"b":{"1":[153,2],"2":[91,2]},"f":{"1":39,"2":155,"3":93},"fnMap":{"1":{"name":"constructor","line":28,"loc":{"start":{"line":28,"column":26},"end":{"line":29,"column":5}}},"2":{"name":"mint","line":35,"loc":{"start":{"line":35,"column":4},"end":{"line":35,"column":69}}},"3":{"name":"burn","line":41,"loc":{"start":{"line":41,"column":4},"end":{"line":41,"column":69}}}},"statementMap":{"1":{"start":{"line":30,"column":8},"end":{"line":30,"column":30}},"2":{"start":{"line":31,"column":8},"end":{"line":31,"column":23}},"3":{"start":{"line":32,"column":8},"end":{"line":32,"column":23}},"4":{"start":{"line":36,"column":8},"end":{"line":36,"column":53}},"5":{"start":{"line":37,"column":8},"end":{"line":37,"column":26}},"6":{"start":{"line":38,"column":8},"end":{"line":38,"column":19}},"7":{"start":{"line":42,"column":8},"end":{"line":42,"column":53}},"8":{"start":{"line":43,"column":8},"end":{"line":43,"column":26}},"9":{"start":{"line":44,"column":8},"end":{"line":44,"column":19}}},"branchMap":{"1":{"line":36,"type":"if","locations":[{"start":{"line":36,"column":8},"end":{"line":36,"column":8}},{"start":{"line":36,"column":8},"end":{"line":36,"column":8}}]},"2":{"line":42,"type":"if","locations":[{"start":{"line":42,"column":8},"end":{"line":42,"column":8}},{"start":{"line":42,"column":8},"end":{"line":42,"column":8}}]}}},
"contracts\\PrimeTrader.sol":{"l":{"25":27,"44":41,"45":39,"46":37,"51":33,"55":33,"56":33,"74":29,"75":27,"76":27,"82":25,"83":25,"88":21,"89":19,"90":19,"91":19,"92":19,"109":17,"110":15,"111":15,"113":15,"122":13,"127":11,"128":9,"129":9,"148":17,"149":15,"151":15,"153":15,"159":11,"165":9,"166":7,"167":7,"168":7,"186":15,"187":13,"188":9,"190":9,"192":9,"198":5,"199":5,"200":3,"208":152},"path":"C:\\Users\\alexa\\OneDrive\\Documents\\Master\\Blockchain\\primitive-contracts\\contracts\\PrimeTrader.sol","s":{"1":27,"2":41,"3":39,"4":37,"5":33,"6":33,"7":33,"8":29,"9":27,"10":27,"11":25,"12":25,"13":21,"14":19,"15":19,"16":19,"17":19,"18":17,"19":15,"20":15,"21":15,"22":13,"23":11,"24":9,"25":9,"26":17,"27":15,"28":15,"29":15,"30":11,"31":9,"32":7,"33":7,"34":7,"35":15,"36":13,"37":9,"38":9,"39":9,"40":5,"41":5,"42":3,"43":152},"b":{"1":[39,2],"2":[33,0],"3":[27,2],"4":[19,0],"5":[15,2],"6":[15,2],"7":[13,2],"8":[9,4]},"f":{"1":27,"2":41,"3":29,"4":17,"5":17,"6":15,"7":152},"fnMap":{"1":{"name":"constructor","line":24,"loc":{"start":{"line":24,"column":4},"end":{"line":24,"column":44}}},"2":{"name":"safeMint","line":41,"loc":{"start":{"line":41,"column":19},"end":{"line":43,"column":5}}},"3":{"name":"safeSwap","line":71,"loc":{"start":{"line":71,"column":19},"end":{"line":73,"column":5}}},"4":{"name":"safeRedeem","line":106,"loc":{"start":{"line":106,"column":19},"end":{"line":108,"column":5}}},"5":{"name":"safeClose","line":145,"loc":{"start":{"line":145,"column":19},"end":{"line":147,"column":5}}},"6":{"name":"safeUnwind","line":183,"loc":{"start":{"line":183,"column":19},"end":{"line":185,"column":5}}},"7":{"name":"verifyBalance","line":203,"loc":{"start":{"line":203,"column":4},"end":{"line":207,"column":21}}}},"statementMap":{"1":{"start":{"line":25,"column":8},"end":{"line":25,"column":19}},"2":{"start":{"line":44,"column":8},"end":{"line":44,"column":38}},"3":{"start":{"line":45,"column":8},"end":{"line":45,"column":40}},"4":{"start":{"line":46,"column":8},"end":{"line":46,"column":1494}},"5":{"start":{"line":51,"column":8},"end":{"line":51,"column":1631}},"6":{"start":{"line":55,"column":8},"end":{"line":55,"column":52}},"7":{"start":{"line":56,"column":8},"end":{"line":56,"column":50}},"8":{"start":{"line":74,"column":8},"end":{"line":74,"column":38}},"9":{"start":{"line":75,"column":8},"end":{"line":75,"column":48}},"10":{"start":{"line":76,"column":8},"end":{"line":76,"column":2455}},"11":{"start":{"line":82,"column":8},"end":{"line":82,"column":79}},"12":{"start":{"line":83,"column":8},"end":{"line":83,"column":2670}},"13":{"start":{"line":88,"column":8},"end":{"line":88,"column":86}},"14":{"start":{"line":89,"column":8},"end":{"line":89,"column":84}},"15":{"start":{"line":90,"column":8},"end":{"line":90,"column":66}},"16":{"start":{"line":91,"column":8},"end":{"line":91,"column":70}},"17":{"start":{"line":92,"column":8},"end":{"line":92,"column":50}},"18":{"start":{"line":109,"column":8},"end":{"line":109,"column":38}},"19":{"start":{"line":110,"column":8},"end":{"line":110,"column":48}},"20":{"start":{"line":111,"column":8},"end":{"line":111,"column":48}},"21":{"start":{"line":113,"column":8},"end":{"line":113,"column":3681}},"22":{"start":{"line":122,"column":8},"end":{"line":122,"column":4032}},"23":{"start":{"line":127,"column":8},"end":{"line":127,"column":62}},"24":{"start":{"line":128,"column":8},"end":{"line":128,"column":51}},"25":{"start":{"line":129,"column":8},"end":{"line":129,"column":41}},"26":{"start":{"line":148,"column":8},"end":{"line":148,"column":38}},"27":{"start":{"line":149,"column":8},"end":{"line":149,"column":48}},"28":{"start":{"line":151,"column":8},"end":{"line":151,"column":79}},"29":{"start":{"line":153,"column":8},"end":{"line":153,"column":5037}},"30":{"start":{"line":159,"column":8},"end":{"line":159,"column":5173}},"31":{"start":{"line":165,"column":8},"end":{"line":165,"column":64}},"32":{"start":{"line":166,"column":8},"end":{"line":166,"column":62}},"33":{"start":{"line":167,"column":8},"end":{"line":167,"column":71}},"34":{"start":{"line":168,"column":8},"end":{"line":168,"column":40}},"35":{"start":{"line":186,"column":8},"end":{"line":186,"column":38}},"36":{"start":{"line":187,"column":8},"end":{"line":187,"column":76}},"37":{"start":{"line":188,"column":8},"end":{"line":188,"column":48}},"38":{"start":{"line":190,"column":8},"end":{"line":190,"column":79}},"39":{"start":{"line":192,"column":8},"end":{"line":192,"column":6320}},"40":{"start":{"line":198,"column":8},"end":{"line":198,"column":64}},"41":{"start":{"line":199,"column":8},"end":{"line":199,"column":71}},"42":{"start":{"line":200,"column":8},"end":{"line":200,"column":40}},"43":{"start":{"line":208,"column":8},"end":{"line":208,"column":6825}}},"branchMap":{"1":{"line":44,"type":"if","locations":[{"start":{"line":44,"column":8},"end":{"line":44,"column":8}},{"start":{"line":44,"column":8},"end":{"line":44,"column":8}}]},"2":{"line":51,"type":"if","locations":[{"start":{"line":51,"column":8},"end":{"line":51,"column":8}},{"start":{"line":51,"column":8},"end":{"line":51,"column":8}}]},"3":{"line":74,"type":"if","locations":[{"start":{"line":74,"column":8},"end":{"line":74,"column":8}},{"start":{"line":74,"column":8},"end":{"line":74,"column":8}}]},"4":{"line":90,"type":"if","locations":[{"start":{"line":90,"column":8},"end":{"line":90,"column":8}},{"start":{"line":90,"column":8},"end":{"line":90,"column":8}}]},"5":{"line":109,"type":"if","locations":[{"start":{"line":109,"column":8},"end":{"line":109,"column":8}},{"start":{"line":109,"column":8},"end":{"line":109,"column":8}}]},"6":{"line":148,"type":"if","locations":[{"start":{"line":148,"column":8},"end":{"line":148,"column":8}},{"start":{"line":148,"column":8},"end":{"line":148,"column":8}}]},"7":{"line":186,"type":"if","locations":[{"start":{"line":186,"column":8},"end":{"line":186,"column":8}},{"start":{"line":186,"column":8},"end":{"line":186,"column":8}}]},"8":{"line":187,"type":"if","locations":[{"start":{"line":187,"column":8},"end":{"line":187,"column":8}},{"start":{"line":187,"column":8},"end":{"line":187,"column":8}}]}}}}
