TN:
SF:C:\Users\alexa\OneDrive\Documents\Master\Blockchain\primitive-contracts\contracts\Instruments.sol
FNF:0
FNH:0
LF:0
LH:0
BRF:0
BRH:0
end_of_record
TN:
SF:C:\Users\alexa\OneDrive\Documents\Master\Blockchain\primitive-contracts\contracts\PrimeInterface.sol
FNF:0
FNH:0
LF:0
LH:0
BRF:0
BRH:0
end_of_record
TN:
SF:C:\Users\alexa\OneDrive\Documents\Master\Blockchain\primitive-contracts\contracts\PrimeOption.sol
FN:46,constructor
FN:60,notExpired
FN:66,initTokenR
FN:72,kill
FN:84,getCaches
FN:90,getTokens
FN:103,update
FN:115,take
FN:141,_fund
FN:165,mint
FN:204,swap
FN:263,redeem
FN:304,close
FN:368,tokenS
FN:372,tokenU
FN:376,base
FN:379,price
FN:383,expiry
FN:387,prime
FN:408,maxDraw
FN:418,verifyBalance
FNF:21
FNH:20
FNDA:19,constructor
FNDA:170,notExpired
FNDA:21,initTokenR
FNDA:4,kill
FNDA:0,getCaches
FNDA:3,getTokens
FNDA:1,update
FNDA:3,take
FNDA:242,_fund
FNDA:134,mint
FNDA:32,swap
FNDA:23,redeem
FNDA:70,close
FNDA:41,tokenS
FNDA:1782,tokenU
FNDA:176,base
FNDA:175,price
FNDA:143,expiry
FNDA:1000,prime
FNDA:2,maxDraw
FNDA:23,verifyBalance
DA:48,19
DA:49,19
DA:50,19
DA:51,19
DA:61,170
DA:62,170
DA:67,21
DA:68,19
DA:69,19
DA:73,4
DA:74,2
DA:75,1
DA:77,1
DA:85,0
DA:86,0
DA:87,0
DA:91,3
DA:92,3
DA:93,3
DA:104,1
DA:116,3
DA:121,3
DA:125,3
DA:129,3
DA:133,3
DA:142,242
DA:143,242
DA:144,242
DA:145,242
DA:169,134
DA:172,134
DA:175,134
DA:178,130
DA:181,130
DA:182,130
DA:185,130
DA:186,130
DA:208,32
DA:209,32
DA:212,32
DA:213,32
DA:214,32
DA:217,32
DA:223,32
DA:226,32
DA:228,32
DA:229,30
DA:236,28
DA:239,28
DA:245,28
DA:246,28
DA:249,28
DA:250,28
DA:264,23
DA:265,23
DA:268,23
DA:269,23
DA:272,23
DA:273,23
DA:276,19
DA:283,19
DA:284,19
DA:287,19
DA:288,19
DA:308,70
DA:309,70
DA:312,70
DA:313,70
DA:314,70
DA:317,70
DA:324,70
DA:331,70
DA:333,70
DA:334,64
DA:337,64
DA:338,64
DA:349,64
DA:356,64
DA:357,64
DA:360,64
DA:361,64
DA:369,41
DA:373,1782
DA:377,176
DA:380,175
DA:384,143
DA:396,1000
DA:397,1000
DA:398,1000
DA:399,1000
DA:400,1000
DA:401,1000
DA:402,1000
DA:409,2
DA:410,2
DA:423,23
LF:96
LH:93
BRDA:48,1,0,19
BRDA:48,1,1,0
BRDA:61,2,0,170
BRDA:61,2,1,0
BRDA:67,3,0,19
BRDA:67,3,1,2
BRDA:73,4,0,2
BRDA:73,4,1,2
BRDA:74,5,0,1
BRDA:74,5,1,1
BRDA:175,6,0,130
BRDA:175,6,1,4
BRDA:181,7,0,130
BRDA:181,7,1,0
BRDA:228,8,0,30
BRDA:228,8,1,2
BRDA:229,9,0,28
BRDA:229,9,1,2
BRDA:239,10,0,28
BRDA:239,10,1,0
BRDA:276,11,0,19
BRDA:276,11,1,0
BRDA:333,12,0,64
BRDA:333,12,1,6
BRDA:334,13,0,64
BRDA:334,13,1,0
BRDA:337,14,0,64
BRDA:337,14,1,0
BRDA:349,15,0,64
BRDA:349,15,1,0
BRF:30
BRH:22
end_of_record
TN:
SF:C:\Users\alexa\OneDrive\Documents\Master\Blockchain\primitive-contracts\contracts\PrimeOracle.sol
FN:33,constructor
FN:41,addFeed
FN:57,calculatePremium
FN:84,marketPrice
FN:101,calculateIntrinsic
FN:136,calculateExtrinsic
FN:185,sqrt
FNF:7
FNH:7
FNDA:2,constructor
FNDA:1,addFeed
FNDA:285,calculatePremium
FNDA:1421,marketPrice
FNDA:285,calculateIntrinsic
FNDA:285,calculateExtrinsic
FNDA:285,sqrt
DA:34,2
DA:35,2
DA:42,1
DA:70,285
DA:71,285
DA:74,285
DA:77,285
DA:86,1421
DA:87,1421
DA:89,1421
DA:107,285
DA:108,285
DA:110,0
DA:112,0
DA:115,285
DA:118,285
DA:120,285
DA:122,285
DA:149,285
DA:150,285
DA:152,0
DA:154,0
DA:157,285
DA:161,285
DA:163,285
DA:166,285
DA:168,285
DA:174,285
DA:178,0
DA:186,285
DA:187,285
DA:188,285
DA:189,285
DA:190,3705
DA:191,3705
DA:194,0
LF:36
LH:30
BRDA:87,1,0,1421
BRDA:87,1,1,0
BRDA:108,2,0,0
BRDA:108,2,1,285
BRDA:150,3,0,0
BRDA:150,3,1,285
BRDA:174,4,0,0
BRDA:174,4,1,285
BRDA:186,5,0,285
BRDA:186,5,1,0
BRDA:193,6,0,0
BRDA:193,6,1,0
BRF:12
BRH:5
end_of_record
TN:
SF:C:\Users\alexa\OneDrive\Documents\Master\Blockchain\primitive-contracts\contracts\PrimePool.sol
FN:73,constructor
FN:82,kill
FN:91,valid
FN:96,
FN:113,deposit
FN:143,depositEth
FN:166,_addLiquidity
FN:201,withdraw
FN:254,_removeLiquidity
FN:281,_redeem
FN:305,_exchange
FN:347,_withdraw
FN:372,buy
FN:443,sell
FN:506,calculateVolatilityProxy
FN:525,totalUtilized
FN:547,totalUnutilized
FN:556,totalPoolBalance
FN:567,marketRatio
FN:574,sendEther
FNF:20
FNH:17
FNDA:1,constructor
FNDA:0,kill
FNDA:49,valid
FNDA:1,
FNDA:50,deposit
FNDA:0,depositEth
FNDA:46,_addLiquidity
FNDA:56,withdraw
FNDA:1,_removeLiquidity
FNDA:1,_redeem
FNDA:1,_exchange
FNDA:48,_withdraw
FNDA:97,buy
FNDA:54,sell
FNDA:93,calculateVolatilityProxy
FNDA:849,totalUtilized
FNDA:805,totalUnutilized
FNDA:660,totalPoolBalance
FNDA:850,marketRatio
FNDA:0,sendEther
DA:75,1
DA:76,1
DA:77,1
DA:78,1
DA:79,1
DA:83,0
DA:84,0
DA:86,0
DA:88,0
DA:92,49
DA:93,49
DA:97,1
DA:117,50
DA:118,50
DA:121,50
DA:128,46
DA:131,46
DA:147,0
DA:148,0
DA:151,0
DA:154,0
DA:157,0
DA:158,0
DA:170,46
DA:171,46
DA:175,46
DA:176,1
DA:180,45
DA:184,46
DA:185,46
DA:186,46
DA:205,56
DA:212,48
DA:215,48
DA:218,48
DA:221,48
DA:226,48
DA:227,48
DA:228,47
DA:230,47
DA:233,47
DA:234,47
DA:237,1
DA:238,1
DA:241,1
DA:242,1
DA:258,1
DA:261,1
DA:264,1
DA:267,1
DA:270,1
DA:285,1
DA:286,1
DA:289,1
DA:292,1
DA:293,1
DA:309,1
DA:313,1
DA:314,1
DA:315,1
DA:319,1
DA:322,1
DA:325,1
DA:328,1
DA:331,1
DA:337,1
DA:348,48
DA:349,0
DA:350,0
DA:352,48
DA:376,97
DA:377,97
DA:390,97
DA:396,97
DA:397,95
DA:403,95
DA:406,93
DA:417,93
DA:418,93
DA:421,93
DA:427,93
DA:428,93
DA:429,93
DA:430,93
DA:431,93
DA:447,54
DA:448,54
DA:458,54
DA:465,50
DA:475,50
DA:479,50
DA:482,50
DA:485,50
DA:488,50
DA:491,50
DA:495,50
DA:498,50
DA:499,50
DA:511,93
DA:512,93
DA:513,93
DA:514,93
DA:515,0
DA:517,93
DA:539,849
DA:540,849
DA:541,849
DA:549,805
DA:559,660
DA:568,850
DA:575,0
DA:576,0
DA:577,0
LF:113
LH:97
BRDA:83,1,0,0
BRDA:83,1,1,0
BRDA:92,2,0,49
BRDA:92,2,1,0
BRDA:97,3,0,1
BRDA:97,3,1,0
BRDA:121,4,0,46
BRDA:121,4,1,4
BRDA:151,5,0,0
BRDA:151,5,1,0
BRDA:175,6,0,1
BRDA:175,6,1,45
BRDA:184,7,0,46
BRDA:184,7,1,0
BRDA:205,8,0,48
BRDA:205,8,1,8
BRDA:227,9,0,47
BRDA:227,9,1,1
BRDA:228,10,0,47
BRDA:228,10,1,0
BRDA:261,11,0,1
BRDA:261,11,1,0
BRDA:264,12,0,1
BRDA:264,12,1,0
BRDA:286,13,0,1
BRDA:286,13,1,0
BRDA:293,14,0,1
BRDA:293,14,1,0
BRDA:314,15,0,1
BRDA:314,15,1,0
BRDA:348,16,0,0
BRDA:348,16,1,48
BRDA:396,17,0,95
BRDA:396,17,1,2
BRDA:418,18,0,93
BRDA:418,18,1,0
BRDA:427,19,0,93
BRDA:427,19,1,0
BRDA:428,20,0,93
BRDA:428,20,1,0
BRDA:458,21,0,50
BRDA:458,21,1,4
BRDA:482,22,0,50
BRDA:482,22,1,0
BRDA:514,23,0,0
BRDA:514,23,1,93
BRDA:576,24,0,0
BRDA:576,24,1,0
BRF:48
BRH:27
end_of_record
TN:
SF:C:\Users\alexa\OneDrive\Documents\Master\Blockchain\primitive-contracts\contracts\PrimeRedeem.sol
FN:28,constructor
FN:35,mint
FN:41,burn
FNF:3
FNH:3
FNDA:19,constructor
FNDA:130,mint
FNDA:83,burn
DA:30,19
DA:31,19
DA:32,19
DA:36,130
DA:37,130
DA:38,130
DA:42,83
DA:43,83
DA:44,83
LF:9
LH:9
BRDA:36,1,0,130
BRDA:36,1,1,0
BRDA:42,2,0,83
BRDA:42,2,1,0
BRF:4
BRH:2
end_of_record
TN:
SF:C:\Users\alexa\OneDrive\Documents\Master\Blockchain\primitive-contracts\contracts\PrimeTrader.sol
FN:24,constructor
FN:41,safeMint
FN:71,safeSwap
FN:106,safeRedeem
FN:148,safeClose
FN:187,safeUnwind
FN:208,verifyBalance
FNF:7
FNH:6
FNDA:22,constructor
FNDA:31,safeMint
FNDA:27,safeSwap
FNDA:15,safeRedeem
FNDA:13,safeClose
FNDA:0,safeUnwind
FNDA:117,verifyBalance
DA:25,22
DA:44,31
DA:45,29
DA:46,27
DA:51,25
DA:55,25
DA:56,25
DA:74,27
DA:75,25
DA:76,25
DA:82,21
DA:83,21
DA:88,19
DA:89,19
DA:90,19
DA:91,19
DA:92,19
DA:109,15
DA:110,13
DA:111,13
DA:113,13
DA:122,11
DA:127,9
DA:131,9
DA:132,9
DA:151,13
DA:152,11
DA:154,11
DA:156,11
DA:162,9
DA:168,7
DA:169,7
DA:170,7
DA:171,7
DA:172,7
DA:190,0
DA:191,0
DA:192,0
DA:194,0
DA:196,0
DA:202,0
DA:203,0
DA:204,0
DA:205,0
DA:213,117
LF:45
LH:36
BRDA:44,1,0,29
BRDA:44,1,1,2
BRDA:51,2,0,25
BRDA:51,2,1,0
BRDA:74,3,0,25
BRDA:74,3,1,2
BRDA:90,4,0,19
BRDA:90,4,1,0
BRDA:109,5,0,13
BRDA:109,5,1,2
BRDA:127,6,0,9
BRDA:127,6,1,0
BRDA:151,7,0,11
BRDA:151,7,1,2
BRDA:170,8,0,7
BRDA:170,8,1,0
BRDA:190,9,0,0
BRDA:190,9,1,0
BRDA:191,10,0,0
BRDA:191,10,1,0
BRDA:203,11,0,0
BRDA:203,11,1,0
BRF:22
BRH:12
end_of_record
TN:
SF:C:\Users\alexa\OneDrive\Documents\Master\Blockchain\primitive-contracts\contracts\tokens\DAI.sol
FN:6,constructor
FN:16,mint
FNF:2
FNH:2
FNDA:8,constructor
FNDA:6,mint
DA:7,8
DA:17,6
DA:18,6
LF:3
LH:3
BRF:0
BRH:0
end_of_record
TN:
SF:C:\Users\alexa\OneDrive\Documents\Master\Blockchain\primitive-contracts\contracts\tokens\WETH9.sol
FN:34,deposit
FN:38,withdraw
FN:45,totalSupply
FN:49,approve
FN:55,transfer
FN:59,transferFrom
FNF:6
FNH:5
FNDA:7,deposit
FNDA:1,withdraw
FNDA:0,totalSupply
FNDA:22,approve
FNDA:35,transfer
FNDA:54,transferFrom
DA:35,7
DA:36,7
DA:39,1
DA:40,1
DA:41,1
DA:42,1
DA:46,0
DA:50,22
DA:51,22
DA:52,22
DA:56,35
DA:63,54
DA:65,54
DA:66,19
DA:67,19
DA:70,54
DA:71,54
DA:73,54
DA:75,54
LF:19
LH:18
BRDA:39,1,0,1
BRDA:39,1,1,0
BRDA:63,2,0,54
BRDA:63,2,1,0
BRDA:65,3,0,19
BRDA:65,3,1,35
BRDA:66,4,0,19
BRDA:66,4,1,0
BRF:8
BRH:5
end_of_record
