TN:
SF:C:\Users\alexa\OneDrive\Documents\Master\Blockchain\primitive-contracts\contracts\Instruments.sol
FNF:0
FNH:0
LF:0
LH:0
BRF:0
BRH:0
end_of_record
TN:
SF:C:\Users\alexa\OneDrive\Documents\Master\Blockchain\primitive-contracts\contracts\PrimeInterface.sol
FNF:0
FNH:0
LF:0
LH:0
BRF:0
BRH:0
end_of_record
TN:
SF:C:\Users\alexa\OneDrive\Documents\Master\Blockchain\primitive-contracts\contracts\PrimeOption.sol
FN:46,constructor
FN:60,notExpired
FN:66,initTokenR
FN:72,kill
FN:84,getCaches
FN:90,getTokens
FN:103,update
FN:115,take
FN:141,_fund
FN:165,mint
FN:204,swap
FN:263,redeem
FN:305,close
FN:369,tokenS
FN:373,tokenU
FN:377,base
FN:380,price
FN:384,expiry
FN:388,prime
FN:409,maxDraw
FN:419,verifyBalance
FNF:21
FNH:21
FNDA:41,constructor
FNDA:98,notExpired
FNDA:41,initTokenR
FNDA:4,kill
FNDA:1,getCaches
FNDA:4,getTokens
FNDA:3,update
FNDA:3,take
FNDA:119,_fund
FNDA:66,mint
FNDA:24,swap
FNDA:24,redeem
FNDA:30,close
FNDA:102,tokenS
FNDA:176,tokenU
FNDA:44,base
FNDA:43,price
FNDA:25,expiry
FNDA:79,prime
FNDA:2,maxDraw
FNDA:22,verifyBalance
DA:48,41
DA:49,39
DA:50,39
DA:51,39
DA:61,98
DA:62,94
DA:67,41
DA:68,39
DA:69,39
DA:73,4
DA:74,2
DA:75,1
DA:77,1
DA:85,1
DA:86,1
DA:87,1
DA:91,4
DA:92,4
DA:93,4
DA:104,3
DA:116,3
DA:121,3
DA:125,3
DA:129,3
DA:133,3
DA:142,119
DA:143,119
DA:144,119
DA:145,119
DA:169,66
DA:172,66
DA:175,66
DA:178,62
DA:181,62
DA:182,62
DA:185,62
DA:186,62
DA:208,24
DA:209,24
DA:212,24
DA:213,24
DA:214,24
DA:217,24
DA:223,24
DA:226,24
DA:228,24
DA:229,22
DA:236,20
DA:239,20
DA:245,18
DA:246,18
DA:249,18
DA:250,18
DA:264,24
DA:265,24
DA:268,24
DA:269,24
DA:272,24
DA:273,24
DA:274,22
DA:277,20
DA:284,18
DA:285,18
DA:288,18
DA:289,18
DA:309,30
DA:310,30
DA:313,30
DA:314,30
DA:315,30
DA:318,30
DA:325,30
DA:332,30
DA:334,30
DA:335,22
DA:338,20
DA:339,16
DA:350,20
DA:357,18
DA:358,18
DA:361,18
DA:362,18
DA:370,102
DA:374,176
DA:378,44
DA:381,43
DA:385,25
DA:397,79
DA:398,79
DA:399,79
DA:400,79
DA:401,79
DA:402,79
DA:403,79
DA:410,2
DA:411,2
DA:424,22
LF:97
LH:97
BRDA:48,1,0,39
BRDA:48,1,1,2
BRDA:61,2,0,94
BRDA:61,2,1,4
BRDA:67,3,0,39
BRDA:67,3,1,2
BRDA:73,4,0,2
BRDA:73,4,1,2
BRDA:74,5,0,1
BRDA:74,5,1,1
BRDA:175,6,0,62
BRDA:175,6,1,4
BRDA:228,7,0,22
BRDA:228,7,1,2
BRDA:229,8,0,20
BRDA:229,8,1,2
BRDA:239,9,0,18
BRDA:239,9,1,2
BRDA:273,10,0,22
BRDA:273,10,1,2
BRDA:277,11,0,18
BRDA:277,11,1,2
BRDA:334,12,0,22
BRDA:334,12,1,8
BRDA:335,13,0,20
BRDA:335,13,1,2
BRDA:338,14,0,16
BRDA:338,14,1,4
BRDA:350,15,0,18
BRDA:350,15,1,2
BRF:30
BRH:30
end_of_record
TN:
SF:C:\Users\alexa\OneDrive\Documents\Master\Blockchain\primitive-contracts\contracts\PrimeOracle.sol
FN:33,constructor
FN:41,addFeed
FN:57,calculatePremium
FN:84,marketPrice
FN:101,calculateIntrinsic
FN:136,calculateExtrinsic
FN:185,sqrt
FNF:7
FNH:7
FNDA:4,constructor
FNDA:4,addFeed
FNDA:37,calculatePremium
FNDA:289,marketPrice
FNDA:75,calculateIntrinsic
FNDA:66,calculateExtrinsic
FNDA:66,sqrt
DA:34,4
DA:35,4
DA:42,4
DA:70,37
DA:71,32
DA:74,32
DA:77,32
DA:86,289
DA:87,289
DA:89,279
DA:107,75
DA:108,75
DA:110,34
DA:112,34
DA:115,41
DA:118,70
DA:120,70
DA:122,70
DA:149,66
DA:150,66
DA:152,32
DA:154,32
DA:157,34
DA:161,66
DA:163,66
DA:166,66
DA:168,66
DA:174,66
DA:178,32
DA:186,66
DA:187,66
DA:188,66
DA:189,66
DA:190,981
DA:191,981
DA:194,0
LF:36
LH:35
BRDA:87,1,0,279
BRDA:87,1,1,10
BRDA:108,2,0,34
BRDA:108,2,1,41
BRDA:150,3,0,32
BRDA:150,3,1,34
BRDA:174,4,0,32
BRDA:174,4,1,34
BRDA:186,5,0,66
BRDA:186,5,1,0
BRDA:193,6,0,0
BRDA:193,6,1,0
BRF:12
BRH:9
end_of_record
TN:
SF:C:\Users\alexa\OneDrive\Documents\Master\Blockchain\primitive-contracts\contracts\PrimePool.sol
FN:75,constructor
FN:84,kill
FN:105,deposit
FN:135,depositEth
FN:160,_addLiquidity
FN:192,withdraw
FN:243,_removeLiquidity
FN:269,_redeem
FN:292,_exchange
FN:346,_withdraw
FN:371,buy
FN:442,sell
FN:505,calculateVolatilityProxy
FN:522,totalUtilized
FN:544,totalUnutilized
FN:553,totalPoolBalance
FN:564,marketRatio
FN:573,sendEther
FNF:18
FNH:14
FNDA:2,constructor
FNDA:2,kill
FNDA:7,deposit
FNDA:3,depositEth
FNDA:4,_addLiquidity
FNDA:12,withdraw
FNDA:0,_removeLiquidity
FNDA:0,_redeem
FNDA:0,_exchange
FNDA:4,_withdraw
FNDA:6,buy
FNDA:4,sell
FNDA:13,calculateVolatilityProxy
FNDA:68,totalUtilized
FNDA:56,totalUnutilized
FNDA:41,totalPoolBalance
FNDA:68,marketRatio
FNDA:0,sendEther
DA:77,2
DA:78,2
DA:79,2
DA:80,2
DA:81,2
DA:85,2
DA:86,1
DA:88,1
DA:90,2
DA:109,7
DA:110,7
DA:113,7
DA:120,3
DA:123,1
DA:139,3
DA:140,3
DA:141,3
DA:147,1
DA:150,1
DA:153,1
DA:154,1
DA:165,4
DA:166,4
DA:170,2
DA:171,1
DA:173,1
DA:174,1
DA:176,2
DA:177,2
DA:196,12
DA:203,4
DA:206,4
DA:209,4
DA:212,4
DA:217,4
DA:218,4
DA:219,4
DA:221,4
DA:224,4
DA:225,4
DA:228,0
DA:229,0
DA:232,0
DA:233,0
DA:248,0
DA:251,0
DA:254,0
DA:257,0
DA:260,0
DA:274,0
DA:275,0
DA:278,0
DA:281,0
DA:282,0
DA:297,0
DA:298,0
DA:299,0
DA:302,0
DA:304,0
DA:306,0
DA:308,0
DA:310,0
DA:311,0
DA:312,0
DA:314,0
DA:316,0
DA:320,0
DA:324,0
DA:326,0
DA:327,0
DA:329,0
DA:331,0
DA:336,0
DA:347,4
DA:348,4
DA:349,0
DA:351,0
DA:375,6
DA:376,6
DA:389,6
DA:395,6
DA:396,4
DA:402,4
DA:405,2
DA:416,0
DA:417,0
DA:420,0
DA:426,0
DA:427,0
DA:428,0
DA:429,0
DA:430,0
DA:446,4
DA:447,4
DA:457,4
DA:464,0
DA:474,0
DA:478,0
DA:481,0
DA:484,0
DA:487,0
DA:490,0
DA:494,0
DA:497,0
DA:498,0
DA:510,13
DA:511,12
DA:512,12
DA:513,12
DA:514,12
DA:536,68
DA:537,68
DA:538,64
DA:546,56
DA:556,41
DA:565,68
DA:566,68
DA:567,68
DA:574,0
DA:575,0
DA:576,0
LF:121
LH:65
BRDA:85,1,0,1
BRDA:85,1,1,1
BRDA:113,2,0,3
BRDA:113,2,1,4
BRDA:141,3,0,1
BRDA:141,3,1,2
BRDA:147,4,0,1
BRDA:147,4,1,0
BRDA:170,5,0,1
BRDA:170,5,1,1
BRDA:174,6,0,1
BRDA:174,6,1,0
BRDA:196,7,0,4
BRDA:196,7,1,8
BRDA:218,8,0,4
BRDA:218,8,1,0
BRDA:219,9,0,4
BRDA:219,9,1,0
BRDA:251,10,0,0
BRDA:251,10,1,0
BRDA:254,11,0,0
BRDA:254,11,1,0
BRDA:275,12,0,0
BRDA:275,12,1,0
BRDA:282,13,0,0
BRDA:282,13,1,0
BRDA:311,14,0,0
BRDA:311,14,1,0
BRDA:326,15,0,0
BRDA:326,15,1,0
BRDA:347,16,0,4
BRDA:347,16,1,0
BRDA:395,17,0,4
BRDA:395,17,1,2
BRDA:417,18,0,0
BRDA:417,18,1,0
BRDA:426,19,0,0
BRDA:426,19,1,0
BRDA:427,20,0,0
BRDA:427,20,1,0
BRDA:457,21,0,0
BRDA:457,21,1,4
BRDA:481,22,0,0
BRDA:481,22,1,0
BRDA:512,23,0,11
BRDA:512,23,1,1
BRDA:513,24,0,12
BRDA:513,24,1,0
BRDA:575,25,0,0
BRDA:575,25,1,0
BRF:50
BRH:21
end_of_record
TN:
SF:C:\Users\alexa\OneDrive\Documents\Master\Blockchain\primitive-contracts\contracts\PrimeRedeem.sol
FN:28,constructor
FN:35,mint
FN:41,burn
FNF:3
FNH:3
FNDA:39,constructor
FNDA:64,mint
FNDA:42,burn
DA:30,39
DA:31,39
DA:32,39
DA:36,64
DA:37,62
DA:38,62
DA:42,42
DA:43,40
DA:44,40
LF:9
LH:9
BRDA:36,1,0,62
BRDA:36,1,1,2
BRDA:42,2,0,40
BRDA:42,2,1,2
BRF:4
BRH:4
end_of_record
TN:
SF:C:\Users\alexa\OneDrive\Documents\Master\Blockchain\primitive-contracts\contracts\PrimeTrader.sol
FN:24,constructor
FN:41,safeMint
FN:71,safeSwap
FN:106,safeRedeem
FN:145,safeClose
FN:183,safeUnwind
FN:203,verifyBalance
FNF:7
FNH:7
FNDA:27,constructor
FNDA:41,safeMint
FNDA:21,safeSwap
FNDA:17,safeRedeem
FNDA:17,safeClose
FNDA:15,safeUnwind
FNDA:132,verifyBalance
DA:25,27
DA:44,41
DA:45,39
DA:46,37
DA:51,33
DA:55,33
DA:56,33
DA:74,21
DA:75,17
DA:76,17
DA:82,15
DA:83,15
DA:88,11
DA:89,9
DA:90,9
DA:91,9
DA:92,9
DA:109,17
DA:110,15
DA:111,15
DA:113,15
DA:122,13
DA:127,11
DA:128,9
DA:129,9
DA:148,17
DA:149,15
DA:151,15
DA:153,15
DA:159,11
DA:165,9
DA:166,7
DA:167,7
DA:168,7
DA:186,15
DA:187,13
DA:188,9
DA:190,9
DA:192,9
DA:198,5
DA:199,5
DA:200,3
DA:208,132
LF:43
LH:43
BRDA:44,1,0,39
BRDA:44,1,1,2
BRDA:51,2,0,33
BRDA:51,2,1,0
BRDA:74,3,0,17
BRDA:74,3,1,4
BRDA:90,4,0,9
BRDA:90,4,1,0
BRDA:109,5,0,15
BRDA:109,5,1,2
BRDA:148,6,0,15
BRDA:148,6,1,2
BRDA:186,7,0,13
BRDA:186,7,1,2
BRDA:187,8,0,9
BRDA:187,8,1,4
BRF:16
BRH:14
end_of_record
